Log file open, 03/20/20 21:27:49
LogWindows: Failed to load 'aqProf.dll' (GetLastError=126)
LogWindows: File 'aqProf.dll' does not exist
LogWindows: Failed to load 'VtuneApi.dll' (GetLastError=126)
LogWindows: File 'VtuneApi.dll' does not exist
LogWindows: Failed to load 'VtuneApi32e.dll' (GetLastError=126)
LogWindows: File 'VtuneApi32e.dll' does not exist
LogConsoleResponse: Display: Failed to find resolution value strings in scalability ini. Falling back to default.
LogInit: Display: Running engine for game: ShooterMultiplayer
LogPlatformFile: Not using cached read wrapper
LogTaskGraph: Started task graph with 5 named threads and 35 total threads with 3 sets of task threads.
LogStats: Stats thread started at 0.373149
LogD3D11RHI: Loaded GFSDK_Aftermath_Lib.x64.dll
LogICUInternationalization: ICU TimeZone Detection - Raw Offset: -8:00, Platform Override: ''
LogPluginManager: Mounting plugin Paper2D
LogPluginManager: Mounting plugin AISupport
LogPluginManager: Mounting plugin LightPropagationVolume
LogPluginManager: Mounting plugin ActorLayerUtilities
LogPluginManager: Mounting plugin AnimationSharing
LogPluginManager: Mounting plugin CLionSourceCodeAccess
LogPluginManager: Mounting plugin CodeLiteSourceCodeAccess
LogPluginManager: Mounting plugin GitSourceControl
LogPluginManager: Mounting plugin KDevelopSourceCodeAccess
LogPluginManager: Mounting plugin NullSourceCodeAccess
LogPluginManager: Mounting plugin PerforceSourceControl
LogPluginManager: Mounting plugin SubversionSourceControl
LogPluginManager: Mounting plugin UObjectPlugin
LogPluginManager: Mounting plugin VisualStudioCodeSourceCodeAccess
LogPluginManager: Mounting plugin VisualStudioSourceCodeAccess
LogPluginManager: Mounting plugin XCodeSourceCodeAccess
LogPluginManager: Mounting plugin AssetManagerEditor
LogPluginManager: Mounting plugin CryptoKeys
LogPluginManager: Mounting plugin CurveEditorTools
LogPluginManager: Mounting plugin DataValidation
LogPluginManager: Mounting plugin FacialAnimation
LogPluginManager: Mounting plugin GameplayTagsEditor
LogPluginManager: Mounting plugin MacGraphicsSwitching
LogPluginManager: Mounting plugin MaterialAnalyzer
LogPluginManager: Mounting plugin MobileLauncherProfileWizard
LogPluginManager: Mounting plugin PluginBrowser
LogPluginManager: Mounting plugin SpeedTreeImporter
LogPluginManager: Mounting plugin DatasmithContent
LogPluginManager: Mounting plugin VariantManagerContent
LogPluginManager: Mounting plugin AlembicImporter
LogPluginManager: Mounting plugin AutomationUtils
LogPluginManager: Mounting plugin BackChannel
LogPluginManager: Mounting plugin CharacterAI
LogPluginManager: Mounting plugin GeometryCache
LogPluginManager: Mounting plugin HTML5Networking
LogPluginManager: Mounting plugin PlatformCrypto
LogPluginManager: Mounting plugin ProxyLODPlugin
LogPluginManager: Mounting plugin SkeletalReduction
LogPluginManager: Mounting plugin MagicLeap
LogPluginManager: Mounting plugin MagicLeapMedia
LogPluginManager: Mounting plugin AndroidMedia
LogPluginManager: Mounting plugin AvfMedia
LogPluginManager: Mounting plugin ImgMedia
LogPluginManager: Mounting plugin MediaCompositing
LogPluginManager: Mounting plugin MediaPlayerEditor
LogPluginManager: Mounting plugin WebMMedia
LogPluginManager: Mounting plugin WmfMedia
LogPluginManager: Mounting plugin TcpMessaging
LogPluginManager: Mounting plugin UdpMessaging
LogPluginManager: Mounting plugin ActorSequence
LogPluginManager: Mounting plugin LevelSequenceEditor
LogPluginManager: Mounting plugin MatineeToLevelSequence
LogPluginManager: Mounting plugin NetcodeUnitTest
LogPluginManager: Mounting plugin NUTUnrealEngine4
LogPluginManager: Mounting plugin OnlineSubsystemGooglePlay
LogPluginManager: Mounting plugin OnlineSubsystemIOS
LogPluginManager: Mounting plugin OnlineSubsystem
LogPluginManager: Mounting plugin OnlineSubsystemNull
LogPluginManager: Mounting plugin OnlineSubsystemUtils
LogPluginManager: Mounting plugin LauncherChunkInstaller
LogPluginManager: Mounting plugin AndroidDeviceProfileSelector
LogPluginManager: Mounting plugin AndroidMoviePlayer
LogPluginManager: Mounting plugin AndroidPermission
LogPluginManager: Mounting plugin AppleImageUtils
LogPluginManager: Mounting plugin AppleMoviePlayer
LogPluginManager: Mounting plugin ArchVisCharacter
LogPluginManager: Mounting plugin AudioCapture
LogPluginManager: Mounting plugin CableComponent
LogPluginManager: Mounting plugin CustomMeshComponent
LogPluginManager: Mounting plugin EditableMesh
LogPluginManager: Mounting plugin ExampleDeviceProfileSelector
LogPluginManager: Mounting plugin GoogleCloudMessaging
LogPluginManager: Mounting plugin IOSDeviceProfileSelector
LogPluginManager: Mounting plugin LinuxDeviceProfileSelector
LogPluginManager: Mounting plugin LocationServicesBPLibrary
LogPluginManager: Mounting plugin MobilePatchingUtils
LogPluginManager: Mounting plugin OculusVR
LogPluginManager: Mounting plugin PhysXVehicles
LogPluginManager: Mounting plugin ProceduralMeshComponent
LogPluginManager: Mounting plugin RuntimePhysXCooking
LogPluginManager: Mounting plugin SignificanceManager
LogPluginManager: Mounting plugin SteamVR
LogPluginManager: Mounting plugin WebMMoviePlayer
LogPluginManager: Mounting plugin WindowsMoviePlayer
LogPluginManager: Mounting plugin ScreenshotTools
LogInit: Using libcurl 7.55.1-DEV
LogInit:  - built for x86_64-pc-win32
LogInit:  - supports SSL with OpenSSL/1.1.1
LogInit:  - supports HTTP deflate (compression) using libz 1.2.8
LogInit:  - other features:
LogInit:      CURL_VERSION_SSL
LogInit:      CURL_VERSION_LIBZ
LogInit:      CURL_VERSION_IPV6
LogInit:      CURL_VERSION_ASYNCHDNS
LogInit:      CURL_VERSION_LARGEFILE
LogInit:      CURL_VERSION_IDN
LogInit:  CurlRequestOptions (configurable via config and command line):
LogInit:  - bVerifyPeer = true  - Libcurl will verify peer certificate
LogInit:  - bUseHttpProxy = false  - Libcurl will NOT use HTTP proxy
LogInit:  - bDontReuseConnections = false  - Libcurl will reuse connections
LogInit:  - MaxHostConnections = 16  - Libcurl will limit the number of connections to a host
LogInit:  - LocalHostAddr = Default
LogInit:  - BufferSize = 65536
LogOnline: OSS: Creating online subsystem instance for: NULL
LogInit: WinSock: version 1.1 (2.2), MaxSocks=32767, MaxUdp=65467
LogInit: Build: ++UE4+Release-4.23-CL-9631420
LogInit: Engine Version: 4.23.1-9631420+++UE4+Release-4.23
LogInit: Compatible Engine Version: 4.23.0-8386587+++UE4+Release-4.23
LogInit: Net CL: 8386587
LogInit: OS: Windows 10 (Release 1903) (), CPU: AMD Ryzen 5 2600X Six-Core Processor           , GPU: NVIDIA GeForce GTX 1070
LogInit: Compiled (64-bit): Oct 18 2019 02:07:44
LogInit: Compiled with Visual C++: 19.16.27030.01
LogInit: Build Configuration: Development
LogInit: Branch Name: ++UE4+Release-4.23
LogInit: Command Line:  -skipcompile
LogInit: Base Directory: D:/EpicGame/UE_4.23/Engine/Binaries/Win64/
LogInit: Installed Engine Build: 1
LogDevObjectVersion: Number of dev versions registered: 23
LogDevObjectVersion:   Dev-Blueprints (B0D832E4-1F89-4F0D-ACCF-7EB736FD4AA2): 10
LogDevObjectVersion:   Dev-Build (E1C64328-A22C-4D53-A36C-8E866417BD8C): 0
LogDevObjectVersion:   Dev-Core (375EC13C-06E4-48FB-B500-84F0262A717E): 3
LogDevObjectVersion:   Dev-Editor (E4B068ED-F494-42E9-A231-DA0B2E46BB41): 34
LogDevObjectVersion:   Dev-Framework (CFFC743F-43B0-4480-9391-14DF171D2073): 35
LogDevObjectVersion:   Dev-Mobile (B02B49B5-BB20-44E9-A304-32B752E40360): 2
LogDevObjectVersion:   Dev-Networking (A4E4105C-59A1-49B5-A7C5-40C4547EDFEE): 0
LogDevObjectVersion:   Dev-Online (39C831C9-5AE6-47DC-9A44-9C173E1C8E7C): 0
LogDevObjectVersion:   Dev-Physics (78F01B33-EBEA-4F98-B9B4-84EACCB95AA2): 0
LogDevObjectVersion:   Dev-Platform (6631380F-2D4D-43E0-8009-CF276956A95A): 0
LogDevObjectVersion:   Dev-Rendering (12F88B9F-8875-4AFC-A67C-D90C383ABD29): 31
LogDevObjectVersion:   Dev-Sequencer (7B5AE74C-D270-4C10-A958-57980B212A5A): 11
LogDevObjectVersion:   Dev-VR (D7296918-1DD6-4BDD-9DE2-64A83CC13884): 2
LogDevObjectVersion:   Dev-LoadTimes (C2A15278-BFE7-4AFE-6C17-90FF531DF755): 1
LogDevObjectVersion:   Private-Geometry (6EACA3D4-40EC-4CC1-B786-8BED09428FC5): 3
LogDevObjectVersion:   Dev-AnimPhys (29E575DD-E0A3-4627-9D10-D276232CDCEA): 17
LogDevObjectVersion:   Dev-Anim (AF43A65D-7FD3-4947-9873-3E8ED9C1BB05): 2
LogDevObjectVersion:   Dev-ReflectionCapture (6B266CEC-1EC7-4B8F-A30B-E4D90942FC07): 1
LogDevObjectVersion:   Dev-Automation (0DF73D61-A23F-47EA-B727-89E90C41499A): 1
LogDevObjectVersion:   FortniteMain (601D1886-AC64-4F84-AA16-D3DE0DEAC7D6): 27
LogDevObjectVersion:   Dev-Enterprise (9DFFBCD6-494F-0158-E221-12823C92A888): 6
LogDevObjectVersion:   Dev-Niagara (F2AED0AC-9AFE-416F-8664-AA7FFA26D6FC): 1
LogDevObjectVersion:   Dev-Destruction (174F1F0B-B4C6-45A5-B13F-2EE8D0FB917D): 9
LogInit: Presizing for max 16777216 objects, including 0 objects not considered by GC, pre-allocating 0 bytes for permanent pool.
LogInit: Object subsystem initialized
LogConfig: Setting CVar [[con.DebugEarlyDefault:1]]
LogConfig: Setting CVar [[r.setres:1280x720]]
[2020.03.21-04.27.49:611][  0]LogConfig: Setting CVar [[r.VSync:0]]
[2020.03.21-04.27.49:611][  0]LogConfig: Setting CVar [[r.RHICmdBypass:0]]
[2020.03.21-04.27.49:611][  0]LogConfig: Applying CVar settings from Section [/Script/Engine.RendererSettings] File [D:/Repos/ShooterMult/ShooterMultiplayer/Saved/Config/Windows/Engine.ini]
[2020.03.21-04.27.49:611][  0]LogConfig: Setting CVar [[r.GPUCrashDebugging:0]]
[2020.03.21-04.27.49:611][  0]LogConfig: Applying CVar settings from Section [/Script/Engine.RendererOverrideSettings] File [D:/Repos/ShooterMult/ShooterMultiplayer/Saved/Config/Windows/Engine.ini]
[2020.03.21-04.27.49:611][  0]LogConfig: Applying CVar settings from Section [/Script/Engine.StreamingSettings] File [D:/Repos/ShooterMult/ShooterMultiplayer/Saved/Config/Windows/Engine.ini]
[2020.03.21-04.27.49:611][  0]LogConfig: Setting CVar [[s.MinBulkDataSizeForAsyncLoading:131072]]
[2020.03.21-04.27.49:611][  0]LogConfig: Setting CVar [[s.AsyncLoadingThreadEnabled:0]]
[2020.03.21-04.27.49:611][  0]LogConfig: Setting CVar [[s.EventDrivenLoaderEnabled:1]]
[2020.03.21-04.27.49:611][  0]LogConfig: Setting CVar [[s.WarnIfTimeLimitExceeded:0]]
[2020.03.21-04.27.49:611][  0]LogConfig: Setting CVar [[s.TimeLimitExceededMultiplier:1.5]]
[2020.03.21-04.27.49:611][  0]LogConfig: Setting CVar [[s.TimeLimitExceededMinTime:0.005]]
[2020.03.21-04.27.49:611][  0]LogConfig: Setting CVar [[s.UseBackgroundLevelStreaming:1]]
[2020.03.21-04.27.49:611][  0]LogConfig: Setting CVar [[s.PriorityAsyncLoadingExtraTime:15.0]]
[2020.03.21-04.27.49:611][  0]LogConfig: Setting CVar [[s.LevelStreamingActorsUpdateTimeLimit:5.0]]
[2020.03.21-04.27.49:612][  0]LogConfig: Setting CVar [[s.PriorityLevelStreamingActorsUpdateExtraTime:5.0]]
[2020.03.21-04.27.49:612][  0]LogConfig: Setting CVar [[s.LevelStreamingComponentsRegistrationGranularity:10]]
[2020.03.21-04.27.49:612][  0]LogConfig: Setting CVar [[s.UnregisterComponentsTimeLimit:1.0]]
[2020.03.21-04.27.49:612][  0]LogConfig: Setting CVar [[s.LevelStreamingComponentsUnregistrationGranularity:5]]
[2020.03.21-04.27.49:612][  0]LogConfig: Applying CVar settings from Section [/Script/Engine.GarbageCollectionSettings] File [D:/Repos/ShooterMult/ShooterMultiplayer/Saved/Config/Windows/Engine.ini]
[2020.03.21-04.27.49:612][  0]LogConfig: Setting CVar [[gc.MaxObjectsNotConsideredByGC:1]]
[2020.03.21-04.27.49:612][  0]LogConfig: Setting CVar [[gc.SizeOfPermanentObjectPool:0]]
[2020.03.21-04.27.49:612][  0]LogConfig: Setting CVar [[gc.FlushStreamingOnGC:0]]
[2020.03.21-04.27.49:612][  0]LogConfig: Setting CVar [[gc.NumRetriesBeforeForcingGC:10]]
[2020.03.21-04.27.49:612][  0]LogConfig: Setting CVar [[gc.AllowParallelGC:1]]
[2020.03.21-04.27.49:612][  0]LogConfig: Setting CVar [[gc.TimeBetweenPurgingPendingKillObjects:61.1]]
[2020.03.21-04.27.49:612][  0]LogConfig: Setting CVar [[gc.MaxObjectsInEditor:16777216]]
[2020.03.21-04.27.49:612][  0]LogConfig: Setting CVar [[gc.IncrementalBeginDestroyEnabled:1]]
[2020.03.21-04.27.49:612][  0]LogConfig: Setting CVar [[gc.CreateGCClusters:1]]
[2020.03.21-04.27.49:612][  0]LogConfig: Setting CVar [[gc.MinGCClusterSize:5]]
[2020.03.21-04.27.49:612][  0]LogConfig: Setting CVar [[gc.ActorClusteringEnabled:0]]
[2020.03.21-04.27.49:613][  0]LogConfig: Setting CVar [[gc.BlueprintClusteringEnabled:0]]
[2020.03.21-04.27.49:613][  0]LogConfig: Setting CVar [[gc.UseDisregardForGCOnDedicatedServers:0]]
[2020.03.21-04.27.49:613][  0]LogConfig: Applying CVar settings from Section [/Script/Engine.NetworkSettings] File [D:/Repos/ShooterMult/ShooterMultiplayer/Saved/Config/Windows/Engine.ini]
[2020.03.21-04.27.49:613][  0]LogConfig: Applying CVar settings from Section [/Script/UnrealEd.CookerSettings] File [D:/Repos/ShooterMult/ShooterMultiplayer/Saved/Config/Windows/Engine.ini]
[2020.03.21-04.27.49:621][  0]LogConfig: Applying CVar settings from Section [ViewDistanceQuality@3] File [D:/Repos/ShooterMult/ShooterMultiplayer/Saved/Config/Windows/Scalability.ini]
[2020.03.21-04.27.49:621][  0]LogConfig: Setting CVar [[r.SkeletalMeshLODBias:0]]
[2020.03.21-04.27.49:621][  0]LogConfig: Setting CVar [[r.ViewDistanceScale:1.0]]
[2020.03.21-04.27.49:621][  0]LogConfig: Applying CVar settings from Section [AntiAliasingQuality@3] File [D:/Repos/ShooterMult/ShooterMultiplayer/Saved/Config/Windows/Scalability.ini]
[2020.03.21-04.27.49:621][  0]LogConfig: Setting CVar [[r.PostProcessAAQuality:4]]
[2020.03.21-04.27.49:621][  0]LogConfig: Applying CVar settings from Section [ShadowQuality@3] File [D:/Repos/ShooterMult/ShooterMultiplayer/Saved/Config/Windows/Scalability.ini]
[2020.03.21-04.27.49:621][  0]LogConfig: Setting CVar [[r.LightFunctionQuality:1]]
[2020.03.21-04.27.49:621][  0]LogConfig: Setting CVar [[r.ShadowQuality:5]]
[2020.03.21-04.27.49:621][  0]LogConfig: Setting CVar [[r.Shadow.CSM.MaxCascades:10]]
[2020.03.21-04.27.49:621][  0]LogConfig: Setting CVar [[r.Shadow.MaxResolution:2048]]
[2020.03.21-04.27.49:621][  0]LogConfig: Setting CVar [[r.Shadow.MaxCSMResolution:2048]]
[2020.03.21-04.27.49:622][  0]LogConfig: Setting CVar [[r.Shadow.RadiusThreshold:0.01]]
[2020.03.21-04.27.49:622][  0]LogConfig: Setting CVar [[r.Shadow.DistanceScale:1.0]]
[2020.03.21-04.27.49:622][  0]LogConfig: Setting CVar [[r.Shadow.CSM.TransitionScale:1.0]]
[2020.03.21-04.27.49:622][  0]LogConfig: Setting CVar [[r.Shadow.PreShadowResolutionFactor:1.0]]
[2020.03.21-04.27.49:622][  0]LogConfig: Setting CVar [[r.DistanceFieldShadowing:1]]
[2020.03.21-04.27.49:622][  0]LogConfig: Setting CVar [[r.DistanceFieldAO:1]]
[2020.03.21-04.27.49:622][  0]LogConfig: Setting CVar [[r.AOQuality:2]]
[2020.03.21-04.27.49:622][  0]LogConfig: Setting CVar [[r.VolumetricFog:1]]
[2020.03.21-04.27.49:622][  0]LogConfig: Setting CVar [[r.VolumetricFog.GridPixelSize:8]]
[2020.03.21-04.27.49:622][  0]LogConfig: Setting CVar [[r.VolumetricFog.GridSizeZ:128]]
[2020.03.21-04.27.49:622][  0]LogConfig: Setting CVar [[r.VolumetricFog.HistoryMissSupersampleCount:4]]
[2020.03.21-04.27.49:622][  0]LogConfig: Setting CVar [[r.LightMaxDrawDistanceScale:1]]
[2020.03.21-04.27.49:622][  0]LogConfig: Setting CVar [[r.CapsuleShadows:1]]
[2020.03.21-04.27.49:622][  0]LogConfig: Applying CVar settings from Section [PostProcessQuality@3] File [D:/Repos/ShooterMult/ShooterMultiplayer/Saved/Config/Windows/Scalability.ini]
[2020.03.21-04.27.49:623][  0]LogConfig: Setting CVar [[r.MotionBlurQuality:4]]
[2020.03.21-04.27.49:623][  0]LogConfig: Setting CVar [[r.AmbientOcclusionMipLevelFactor:0.4]]
[2020.03.21-04.27.49:623][  0]LogConfig: Setting CVar [[r.AmbientOcclusionMaxQuality:100]]
[2020.03.21-04.27.49:623][  0]LogConfig: Setting CVar [[r.AmbientOcclusionLevels:-1]]
[2020.03.21-04.27.49:623][  0]LogConfig: Setting CVar [[r.AmbientOcclusionRadiusScale:1.0]]
[2020.03.21-04.27.49:623][  0]LogConfig: Setting CVar [[r.DepthOfFieldQuality:2]]
[2020.03.21-04.27.49:623][  0]LogConfig: Setting CVar [[r.RenderTargetPoolMin:400]]
[2020.03.21-04.27.49:623][  0]LogConfig: Setting CVar [[r.LensFlareQuality:2]]
[2020.03.21-04.27.49:623][  0]LogConfig: Setting CVar [[r.SceneColorFringeQuality:1]]
[2020.03.21-04.27.49:623][  0]LogConfig: Setting CVar [[r.EyeAdaptationQuality:2]]
[2020.03.21-04.27.49:623][  0]LogConfig: Setting CVar [[r.BloomQuality:5]]
[2020.03.21-04.27.49:623][  0]LogConfig: Setting CVar [[r.FastBlurThreshold:100]]
[2020.03.21-04.27.49:623][  0]LogConfig: Setting CVar [[r.Upscale.Quality:3]]
[2020.03.21-04.27.49:623][  0]LogConfig: Setting CVar [[r.Tonemapper.GrainQuantization:1]]
[2020.03.21-04.27.49:623][  0]LogConfig: Setting CVar [[r.LightShaftQuality:1]]
[2020.03.21-04.27.49:623][  0]LogConfig: Setting CVar [[r.Filter.SizeScale:1]]
[2020.03.21-04.27.49:623][  0]LogConfig: Setting CVar [[r.Tonemapper.Quality:5]]
[2020.03.21-04.27.49:624][  0]LogConfig: Setting CVar [[r.DOF.Gather.AccumulatorQuality:1        ; higher gathering accumulator quality]]
[2020.03.21-04.27.49:624][  0]LogConfig: Setting CVar [[r.DOF.Gather.PostfilterMethod:1          ; Median3x3 postfilering method]]
[2020.03.21-04.27.49:624][  0]LogConfig: Setting CVar [[r.DOF.Gather.EnableBokehSettings:0       ; no bokeh simulation when gathering]]
[2020.03.21-04.27.49:624][  0]LogConfig: Setting CVar [[r.DOF.Gather.RingCount:4                 ; medium number of samples when gathering]]
[2020.03.21-04.27.49:624][  0]LogConfig: Setting CVar [[r.DOF.Scatter.ForegroundCompositing:1    ; additive foreground scattering]]
[2020.03.21-04.27.49:624][  0]LogConfig: Setting CVar [[r.DOF.Scatter.BackgroundCompositing:2    ; additive background scattering]]
[2020.03.21-04.27.49:624][  0]LogConfig: Setting CVar [[r.DOF.Scatter.EnableBokehSettings:1      ; bokeh simulation when scattering]]
[2020.03.21-04.27.49:624][  0]LogConfig: Setting CVar [[r.DOF.Scatter.MaxSpriteRatio:0.1         ; only a maximum of 10% of scattered bokeh]]
[2020.03.21-04.27.49:624][  0]LogConfig: Setting CVar [[r.DOF.Recombine.Quality:1                ; cheap slight out of focus]]
[2020.03.21-04.27.49:624][  0]LogConfig: Setting CVar [[r.DOF.Recombine.EnableBokehSettings:0    ; no bokeh simulation on slight out of focus]]
[2020.03.21-04.27.49:624][  0]LogConfig: Setting CVar [[r.DOF.TemporalAAQuality:1                ; more stable temporal accumulation]]
[2020.03.21-04.27.49:624][  0]LogConfig: Setting CVar [[r.DOF.Kernel.MaxForegroundRadius:0.025]]
[2020.03.21-04.27.49:624][  0]LogConfig: Setting CVar [[r.DOF.Kernel.MaxBackgroundRadius:0.025]]
[2020.03.21-04.27.49:624][  0]LogConfig: Applying CVar settings from Section [TextureQuality@3] File [D:/Repos/ShooterMult/ShooterMultiplayer/Saved/Config/Windows/Scalability.ini]
[2020.03.21-04.27.49:624][  0]LogConfig: Setting CVar [[r.Streaming.MipBias:0]]
[2020.03.21-04.27.49:624][  0]LogConfig: Setting CVar [[r.Streaming.AmortizeCPUToGPUCopy:0]]
[2020.03.21-04.27.49:624][  0]LogConfig: Setting CVar [[r.Streaming.MaxNumTexturesToStreamPerFrame:0]]
[2020.03.21-04.27.49:625][  0]LogConfig: Setting CVar [[r.Streaming.Boost:1]]
[2020.03.21-04.27.49:625][  0]LogConfig: Setting CVar [[r.MaxAnisotropy:8]]
[2020.03.21-04.27.49:625][  0]LogConfig: Setting CVar [[r.Streaming.LimitPoolSizeToVRAM:0]]
[2020.03.21-04.27.49:625][  0]LogConfig: Setting CVar [[r.Streaming.PoolSize:1000]]
[2020.03.21-04.27.49:625][  0]LogConfig: Setting CVar [[r.Streaming.MaxEffectiveScreenSize:0]]
[2020.03.21-04.27.49:625][  0]LogConfig: Applying CVar settings from Section [EffectsQuality@3] File [D:/Repos/ShooterMult/ShooterMultiplayer/Saved/Config/Windows/Scalability.ini]
[2020.03.21-04.27.49:625][  0]LogConfig: Setting CVar [[r.TranslucencyLightingVolumeDim:64]]
[2020.03.21-04.27.49:625][  0]LogConfig: Setting CVar [[r.RefractionQuality:2]]
[2020.03.21-04.27.49:625][  0]LogConfig: Setting CVar [[r.SSR.Quality:3]]
[2020.03.21-04.27.49:625][  0]LogConfig: Setting CVar [[r.SceneColorFormat:4]]
[2020.03.21-04.27.49:625][  0]LogConfig: Setting CVar [[r.DetailMode:2]]
[2020.03.21-04.27.49:625][  0]LogConfig: Setting CVar [[r.TranslucencyVolumeBlur:1]]
[2020.03.21-04.27.49:625][  0]LogConfig: Setting CVar [[r.MaterialQualityLevel:1 ; High quality]]
[2020.03.21-04.27.49:625][  0]LogConfig: Setting CVar [[r.SSS.Scale:1]]
[2020.03.21-04.27.49:625][  0]LogConfig: Setting CVar [[r.SSS.SampleSet:2]]
[2020.03.21-04.27.49:626][  0]LogConfig: Setting CVar [[r.SSS.Quality:1]]
[2020.03.21-04.27.49:626][  0]LogConfig: Setting CVar [[r.SSS.HalfRes:1]]
[2020.03.21-04.27.49:626][  0]LogConfig: Setting CVar [[r.EmitterSpawnRateScale:1.0]]
[2020.03.21-04.27.49:626][  0]LogConfig: Setting CVar [[r.ParticleLightQuality:2]]
[2020.03.21-04.27.49:626][  0]LogConfig: Applying CVar settings from Section [FoliageQuality@3] File [D:/Repos/ShooterMult/ShooterMultiplayer/Saved/Config/Windows/Scalability.ini]
[2020.03.21-04.27.49:626][  0]LogConfig: Setting CVar [[foliage.DensityScale:1.0]]
[2020.03.21-04.27.49:626][  0]LogConfig: Setting CVar [[grass.DensityScale:1.0]]
[2020.03.21-04.27.49:626][  0]LogInit: Selected Device Profile: [Windows]
[2020.03.21-04.27.49:626][  0]LogInit: Applying CVar settings loaded from the selected device profile: [Windows]
[2020.03.21-04.27.49:629][  0]LogHAL: Display: Platform has ~ 16 GB [17102417920 / 17179869184 / 16], which maps to Larger [LargestMinGB=32, LargerMinGB=12, DefaultMinGB=8, SmallerMinGB=6, SmallestMinGB=0)
[2020.03.21-04.27.49:629][  0]LogInit: Going up to parent DeviceProfile []
[2020.03.21-04.27.49:629][  0]LogConfig: Applying CVar settings from Section [ViewDistanceQuality@3] File [D:/Repos/ShooterMult/ShooterMultiplayer/Saved/Config/Windows/Scalability.ini]
[2020.03.21-04.27.49:629][  0]LogConfig: Setting CVar [[r.SkeletalMeshLODBias:0]]
[2020.03.21-04.27.49:629][  0]LogConfig: Setting CVar [[r.ViewDistanceScale:1.0]]
[2020.03.21-04.27.49:629][  0]LogConfig: Applying CVar settings from Section [AntiAliasingQuality@3] File [D:/Repos/ShooterMult/ShooterMultiplayer/Saved/Config/Windows/Scalability.ini]
[2020.03.21-04.27.49:629][  0]LogConfig: Setting CVar [[r.PostProcessAAQuality:4]]
[2020.03.21-04.27.49:629][  0]LogConfig: Applying CVar settings from Section [ShadowQuality@3] File [D:/Repos/ShooterMult/ShooterMultiplayer/Saved/Config/Windows/Scalability.ini]
[2020.03.21-04.27.49:629][  0]LogConfig: Setting CVar [[r.LightFunctionQuality:1]]
[2020.03.21-04.27.49:629][  0]LogConfig: Setting CVar [[r.ShadowQuality:5]]
[2020.03.21-04.27.49:629][  0]LogConfig: Setting CVar [[r.Shadow.CSM.MaxCascades:10]]
[2020.03.21-04.27.49:629][  0]LogConfig: Setting CVar [[r.Shadow.MaxResolution:2048]]
[2020.03.21-04.27.49:630][  0]LogConfig: Setting CVar [[r.Shadow.MaxCSMResolution:2048]]
[2020.03.21-04.27.49:630][  0]LogConfig: Setting CVar [[r.Shadow.RadiusThreshold:0.01]]
[2020.03.21-04.27.49:630][  0]LogConfig: Setting CVar [[r.Shadow.DistanceScale:1.0]]
[2020.03.21-04.27.49:630][  0]LogConfig: Setting CVar [[r.Shadow.CSM.TransitionScale:1.0]]
[2020.03.21-04.27.49:630][  0]LogConfig: Setting CVar [[r.Shadow.PreShadowResolutionFactor:1.0]]
[2020.03.21-04.27.49:630][  0]LogConfig: Setting CVar [[r.DistanceFieldShadowing:1]]
[2020.03.21-04.27.49:630][  0]LogConfig: Setting CVar [[r.DistanceFieldAO:1]]
[2020.03.21-04.27.49:630][  0]LogConfig: Setting CVar [[r.AOQuality:2]]
[2020.03.21-04.27.49:630][  0]LogConfig: Setting CVar [[r.VolumetricFog:1]]
[2020.03.21-04.27.49:630][  0]LogConfig: Setting CVar [[r.VolumetricFog.GridPixelSize:8]]
[2020.03.21-04.27.49:630][  0]LogConfig: Setting CVar [[r.VolumetricFog.GridSizeZ:128]]
[2020.03.21-04.27.49:630][  0]LogConfig: Setting CVar [[r.VolumetricFog.HistoryMissSupersampleCount:4]]
[2020.03.21-04.27.49:630][  0]LogConfig: Setting CVar [[r.LightMaxDrawDistanceScale:1]]
[2020.03.21-04.27.49:630][  0]LogConfig: Setting CVar [[r.CapsuleShadows:1]]
[2020.03.21-04.27.49:630][  0]LogConfig: Applying CVar settings from Section [PostProcessQuality@3] File [D:/Repos/ShooterMult/ShooterMultiplayer/Saved/Config/Windows/Scalability.ini]
[2020.03.21-04.27.49:630][  0]LogConfig: Setting CVar [[r.MotionBlurQuality:4]]
[2020.03.21-04.27.49:631][  0]LogConfig: Setting CVar [[r.AmbientOcclusionMipLevelFactor:0.4]]
[2020.03.21-04.27.49:631][  0]LogConfig: Setting CVar [[r.AmbientOcclusionMaxQuality:100]]
[2020.03.21-04.27.49:631][  0]LogConfig: Setting CVar [[r.AmbientOcclusionLevels:-1]]
[2020.03.21-04.27.49:631][  0]LogConfig: Setting CVar [[r.AmbientOcclusionRadiusScale:1.0]]
[2020.03.21-04.27.49:631][  0]LogConfig: Setting CVar [[r.DepthOfFieldQuality:2]]
[2020.03.21-04.27.49:631][  0]LogConfig: Setting CVar [[r.RenderTargetPoolMin:400]]
[2020.03.21-04.27.49:631][  0]LogConfig: Setting CVar [[r.LensFlareQuality:2]]
[2020.03.21-04.27.49:631][  0]LogConfig: Setting CVar [[r.SceneColorFringeQuality:1]]
[2020.03.21-04.27.49:631][  0]LogConfig: Setting CVar [[r.EyeAdaptationQuality:2]]
[2020.03.21-04.27.49:631][  0]LogConfig: Setting CVar [[r.BloomQuality:5]]
[2020.03.21-04.27.49:631][  0]LogConfig: Setting CVar [[r.FastBlurThreshold:100]]
[2020.03.21-04.27.49:631][  0]LogConfig: Setting CVar [[r.Upscale.Quality:3]]
[2020.03.21-04.27.49:631][  0]LogConfig: Setting CVar [[r.Tonemapper.GrainQuantization:1]]
[2020.03.21-04.27.49:631][  0]LogConfig: Setting CVar [[r.LightShaftQuality:1]]
[2020.03.21-04.27.49:631][  0]LogConfig: Setting CVar [[r.Filter.SizeScale:1]]
[2020.03.21-04.27.49:631][  0]LogConfig: Setting CVar [[r.Tonemapper.Quality:5]]
[2020.03.21-04.27.49:631][  0]LogConfig: Setting CVar [[r.DOF.Gather.AccumulatorQuality:1        ; higher gathering accumulator quality]]
[2020.03.21-04.27.49:631][  0]LogConfig: Setting CVar [[r.DOF.Gather.PostfilterMethod:1          ; Median3x3 postfilering method]]
[2020.03.21-04.27.49:631][  0]LogConfig: Setting CVar [[r.DOF.Gather.EnableBokehSettings:0       ; no bokeh simulation when gathering]]
[2020.03.21-04.27.49:632][  0]LogConfig: Setting CVar [[r.DOF.Gather.RingCount:4                 ; medium number of samples when gathering]]
[2020.03.21-04.27.49:632][  0]LogConfig: Setting CVar [[r.DOF.Scatter.ForegroundCompositing:1    ; additive foreground scattering]]
[2020.03.21-04.27.49:632][  0]LogConfig: Setting CVar [[r.DOF.Scatter.BackgroundCompositing:2    ; additive background scattering]]
[2020.03.21-04.27.49:632][  0]LogConfig: Setting CVar [[r.DOF.Scatter.EnableBokehSettings:1      ; bokeh simulation when scattering]]
[2020.03.21-04.27.49:632][  0]LogConfig: Setting CVar [[r.DOF.Scatter.MaxSpriteRatio:0.1         ; only a maximum of 10% of scattered bokeh]]
[2020.03.21-04.27.49:632][  0]LogConfig: Setting CVar [[r.DOF.Recombine.Quality:1                ; cheap slight out of focus]]
[2020.03.21-04.27.49:632][  0]LogConfig: Setting CVar [[r.DOF.Recombine.EnableBokehSettings:0    ; no bokeh simulation on slight out of focus]]
[2020.03.21-04.27.49:632][  0]LogConfig: Setting CVar [[r.DOF.TemporalAAQuality:1                ; more stable temporal accumulation]]
[2020.03.21-04.27.49:632][  0]LogConfig: Setting CVar [[r.DOF.Kernel.MaxForegroundRadius:0.025]]
[2020.03.21-04.27.49:632][  0]LogConfig: Setting CVar [[r.DOF.Kernel.MaxBackgroundRadius:0.025]]
[2020.03.21-04.27.49:632][  0]LogConfig: Applying CVar settings from Section [TextureQuality@3] File [D:/Repos/ShooterMult/ShooterMultiplayer/Saved/Config/Windows/Scalability.ini]
[2020.03.21-04.27.49:632][  0]LogConfig: Setting CVar [[r.Streaming.MipBias:0]]
[2020.03.21-04.27.49:632][  0]LogConfig: Setting CVar [[r.Streaming.AmortizeCPUToGPUCopy:0]]
[2020.03.21-04.27.49:632][  0]LogConfig: Setting CVar [[r.Streaming.MaxNumTexturesToStreamPerFrame:0]]
[2020.03.21-04.27.49:633][  0]LogConfig: Setting CVar [[r.Streaming.Boost:1]]
[2020.03.21-04.27.49:633][  0]LogConfig: Setting CVar [[r.MaxAnisotropy:8]]
[2020.03.21-04.27.49:633][  0]LogConfig: Setting CVar [[r.Streaming.LimitPoolSizeToVRAM:0]]
[2020.03.21-04.27.49:633][  0]LogConfig: Setting CVar [[r.Streaming.PoolSize:1000]]
[2020.03.21-04.27.49:633][  0]LogConfig: Setting CVar [[r.Streaming.MaxEffectiveScreenSize:0]]
[2020.03.21-04.27.49:633][  0]LogConfig: Applying CVar settings from Section [EffectsQuality@3] File [D:/Repos/ShooterMult/ShooterMultiplayer/Saved/Config/Windows/Scalability.ini]
[2020.03.21-04.27.49:633][  0]LogConfig: Setting CVar [[r.TranslucencyLightingVolumeDim:64]]
[2020.03.21-04.27.49:633][  0]LogConfig: Setting CVar [[r.RefractionQuality:2]]
[2020.03.21-04.27.49:633][  0]LogConfig: Setting CVar [[r.SSR.Quality:3]]
[2020.03.21-04.27.49:633][  0]LogConfig: Setting CVar [[r.SceneColorFormat:4]]
[2020.03.21-04.27.49:633][  0]LogConfig: Setting CVar [[r.DetailMode:2]]
[2020.03.21-04.27.49:633][  0]LogConfig: Setting CVar [[r.TranslucencyVolumeBlur:1]]
[2020.03.21-04.27.49:633][  0]LogConfig: Setting CVar [[r.MaterialQualityLevel:1 ; High quality]]
[2020.03.21-04.27.49:633][  0]LogConfig: Setting CVar [[r.SSS.Scale:1]]
[2020.03.21-04.27.49:633][  0]LogConfig: Setting CVar [[r.SSS.SampleSet:2]]
[2020.03.21-04.27.49:633][  0]LogConfig: Setting CVar [[r.SSS.Quality:1]]
[2020.03.21-04.27.49:633][  0]LogConfig: Setting CVar [[r.SSS.HalfRes:1]]
[2020.03.21-04.27.49:633][  0]LogConfig: Setting CVar [[r.EmitterSpawnRateScale:1.0]]
[2020.03.21-04.27.49:634][  0]LogConfig: Setting CVar [[r.ParticleLightQuality:2]]
[2020.03.21-04.27.49:634][  0]LogConfig: Applying CVar settings from Section [FoliageQuality@3] File [D:/Repos/ShooterMult/ShooterMultiplayer/Saved/Config/Windows/Scalability.ini]
[2020.03.21-04.27.49:634][  0]LogConfig: Setting CVar [[foliage.DensityScale:1.0]]
[2020.03.21-04.27.49:634][  0]LogConfig: Setting CVar [[grass.DensityScale:1.0]]
[2020.03.21-04.27.49:634][  0]LogConfig: Applying CVar settings from Section [Startup] File [../../../Engine/Config/ConsoleVariables.ini]
[2020.03.21-04.27.49:634][  0]LogConfig: Setting CVar [[net.UseAdaptiveNetUpdateFrequency:0]]
[2020.03.21-04.27.49:634][  0]LogConfig: Setting CVar [[p.chaos.AllowCreatePhysxBodies:1]]
[2020.03.21-04.27.49:634][  0]LogConfig: Applying CVar settings from Section [ConsoleVariables] File [D:/Repos/ShooterMult/ShooterMultiplayer/Saved/Config/Windows/Engine.ini]
[2020.03.21-04.27.49:634][  0]LogInit: Computer: DESKTOP-DRDLCI4
[2020.03.21-04.27.49:634][  0]LogInit: User: Hanson
[2020.03.21-04.27.49:634][  0]LogInit: CPU Page size=4096, Cores=6
[2020.03.21-04.27.49:635][  0]LogInit: High frequency timer resolution =10.000000 MHz
[2020.03.21-04.27.49:635][  0]LogMemory: Memory total: Physical=15.9GB (16GB approx)
[2020.03.21-04.27.49:635][  0]LogMemory: Platform Memory Stats for Windows
[2020.03.21-04.27.49:635][  0]LogMemory: Process Physical Memory: 103.02 MB used, 103.03 MB peak
[2020.03.21-04.27.49:635][  0]LogMemory: Process Virtual Memory: 99.86 MB used, 99.86 MB peak
[2020.03.21-04.27.49:635][  0]LogMemory: Physical Memory: 8806.63 MB used,  7503.51 MB free, 16310.14 MB total
[2020.03.21-04.27.49:635][  0]LogMemory: Virtual Memory: 4685.15 MB used,  134213040.00 MB free, 134217728.00 MB total
[2020.03.21-04.27.49:642][  0]LogWindows: WindowsPlatformFeatures enabled
[2020.03.21-04.27.49:744][  0]LogInit: Using OS detected language (en-US).
[2020.03.21-04.27.49:744][  0]LogInit: Using OS detected locale (en-US).
[2020.03.21-04.27.49:744][  0]LogTextLocalizationManager: No specific localization for 'en-US' exists, so the 'en' localization will be used.
[2020.03.21-04.27.49:930][  0]LogInit: Setting process to per monitor DPI aware
[2020.03.21-04.27.50:092][  0]LogSlate: New Slate User Created.  User Index 0, Is Virtual User: 0
[2020.03.21-04.27.50:092][  0]LogSlate: Slate User Registered.  User Index 0, Is Virtual User: 0
[2020.03.21-04.27.50:274][  0]LogHMD: Failed to initialize OpenVR with code 110
[2020.03.21-04.27.50:275][  0]LogD3D11RHI: D3D11 adapters:
[2020.03.21-04.27.50:409][  0]LogD3D11RHI:    0. 'NVIDIA GeForce GTX 1070' (Feature Level 11_0)
[2020.03.21-04.27.50:409][  0]LogD3D11RHI:       8088/0/8155 MB DedicatedVideo/DedicatedSystem/SharedSystem, Outputs:2, VendorId:0x10de
[2020.03.21-04.27.50:420][  0]LogD3D11RHI:    1. 'Microsoft Basic Render Driver' (Feature Level 11_0)
[2020.03.21-04.27.50:421][  0]LogD3D11RHI:       0/0/8155 MB DedicatedVideo/DedicatedSystem/SharedSystem, Outputs:0, VendorId:0x1414
[2020.03.21-04.27.50:421][  0]LogD3D11RHI: Chosen D3D11 Adapter: 0
[2020.03.21-04.27.50:434][  0]LogD3D11RHI: Creating new Direct3DDevice
[2020.03.21-04.27.50:434][  0]LogD3D11RHI:     GPU DeviceId: 0x1b81 (for the marketing name, search the web for "GPU Device Id")
[2020.03.21-04.27.50:434][  0]LogWindows: EnumDisplayDevices:
[2020.03.21-04.27.50:434][  0]LogWindows:    0. 'NVIDIA GeForce GTX 1070' (P:1 D:1)
[2020.03.21-04.27.50:435][  0]LogWindows:    1. 'NVIDIA GeForce GTX 1070' (P:0 D:1)
[2020.03.21-04.27.50:435][  0]LogWindows:    2. 'NVIDIA GeForce GTX 1070' (P:0 D:0)
[2020.03.21-04.27.50:436][  0]LogWindows:    3. 'NVIDIA GeForce GTX 1070' (P:0 D:0)
[2020.03.21-04.27.50:436][  0]LogWindows: DebugString: FoundDriverCount:4 
[2020.03.21-04.27.50:436][  0]LogD3D11RHI:     Adapter Name: NVIDIA GeForce GTX 1070
[2020.03.21-04.27.50:436][  0]LogD3D11RHI:   Driver Version: 442.74 (internal:26.21.14.4274, unified:442.74)
[2020.03.21-04.27.50:436][  0]LogD3D11RHI:      Driver Date: 3-13-2020
[2020.03.21-04.27.50:436][  0]LogRHI: Texture pool is 5661 MB (70% of 8088 MB)
[2020.03.21-04.27.50:503][  0]LogD3D11RHI: Async texture creation enabled
[2020.03.21-04.27.50:526][  0]LogD3D11RHI: GPU Timing Frequency: 1000.000000 (Debug: 2 1)
[2020.03.21-04.27.50:914][  0]LogTemp: Display: Module 'AllDesktopTargetPlatform' loaded TargetPlatform 'AllDesktop'
[2020.03.21-04.27.50:927][  0]LogTemp: Display: Module 'MacClientTargetPlatform' loaded TargetPlatform 'MacClient'
[2020.03.21-04.27.50:940][  0]LogTemp: Display: Module 'MacNoEditorTargetPlatform' loaded TargetPlatform 'MacNoEditor'
[2020.03.21-04.27.50:952][  0]LogTemp: Display: Module 'MacServerTargetPlatform' loaded TargetPlatform 'MacServer'
[2020.03.21-04.27.50:963][  0]LogTemp: Display: Module 'MacTargetPlatform' loaded TargetPlatform 'Mac'
[2020.03.21-04.27.50:974][  0]LogTemp: Display: Module 'WindowsClientTargetPlatform' loaded TargetPlatform 'WindowsClient'
[2020.03.21-04.27.50:985][  0]LogTemp: Display: Module 'WindowsNoEditorTargetPlatform' loaded TargetPlatform 'WindowsNoEditor'
[2020.03.21-04.27.50:996][  0]LogTemp: Display: Module 'WindowsServerTargetPlatform' loaded TargetPlatform 'WindowsServer'
[2020.03.21-04.27.51:002][  0]LogTemp: Display: Module 'WindowsTargetPlatform' loaded TargetPlatform 'Windows'
[2020.03.21-04.27.51:041][  0]LogTemp: Display: Module 'AndroidTargetPlatform' loaded TargetPlatform 'Android'
[2020.03.21-04.27.51:041][  0]LogTemp: Display: Module 'AndroidTargetPlatform' loaded TargetPlatform 'Android_ASTC'
[2020.03.21-04.27.51:041][  0]LogTemp: Display: Module 'AndroidTargetPlatform' loaded TargetPlatform 'Android_ATC'
[2020.03.21-04.27.51:041][  0]LogTemp: Display: Module 'AndroidTargetPlatform' loaded TargetPlatform 'Android_DXT'
[2020.03.21-04.27.51:041][  0]LogTemp: Display: Module 'AndroidTargetPlatform' loaded TargetPlatform 'Android_ETC1'
[2020.03.21-04.27.51:041][  0]LogTemp: Display: Module 'AndroidTargetPlatform' loaded TargetPlatform 'Android_ETC1a'
[2020.03.21-04.27.51:041][  0]LogTemp: Display: Module 'AndroidTargetPlatform' loaded TargetPlatform 'Android_ETC2'
[2020.03.21-04.27.51:041][  0]LogTemp: Display: Module 'AndroidTargetPlatform' loaded TargetPlatform 'Android_PVRTC'
[2020.03.21-04.27.51:041][  0]LogTemp: Display: Module 'AndroidTargetPlatform' loaded TargetPlatform 'AndroidClient'
[2020.03.21-04.27.51:042][  0]LogTemp: Display: Module 'AndroidTargetPlatform' loaded TargetPlatform 'Android_ASTCClient'
[2020.03.21-04.27.51:042][  0]LogTemp: Display: Module 'AndroidTargetPlatform' loaded TargetPlatform 'Android_ATCClient'
[2020.03.21-04.27.51:042][  0]LogTemp: Display: Module 'AndroidTargetPlatform' loaded TargetPlatform 'Android_DXTClient'
[2020.03.21-04.27.51:042][  0]LogTemp: Display: Module 'AndroidTargetPlatform' loaded TargetPlatform 'Android_ETC1Client'
[2020.03.21-04.27.51:042][  0]LogTemp: Display: Module 'AndroidTargetPlatform' loaded TargetPlatform 'Android_ETC1aClient'
[2020.03.21-04.27.51:042][  0]LogTemp: Display: Module 'AndroidTargetPlatform' loaded TargetPlatform 'Android_ETC2Client'
[2020.03.21-04.27.51:042][  0]LogTemp: Display: Module 'AndroidTargetPlatform' loaded TargetPlatform 'Android_PVRTCClient'
[2020.03.21-04.27.51:042][  0]LogTemp: Display: Module 'AndroidTargetPlatform' loaded TargetPlatform 'Android_Multi'
[2020.03.21-04.27.51:042][  0]LogTemp: Display: Module 'AndroidTargetPlatform' loaded TargetPlatform 'Android_MultiClient'
[2020.03.21-04.27.51:048][  0]LogTemp: Display: Module 'HTML5TargetPlatform' loaded TargetPlatform 'HTML5'
[2020.03.21-04.27.51:086][  0]LogTemp: Display: Module 'IOSTargetPlatform' loaded TargetPlatform 'IOSClient'
[2020.03.21-04.27.51:086][  0]LogTemp: Display: Module 'IOSTargetPlatform' loaded TargetPlatform 'IOS'
[2020.03.21-04.27.51:106][  0]LogTemp: Display: Module 'TVOSTargetPlatform' loaded TargetPlatform 'TVOSClient'
[2020.03.21-04.27.51:106][  0]LogTemp: Display: Module 'TVOSTargetPlatform' loaded TargetPlatform 'TVOS'
[2020.03.21-04.27.51:122][  0]LogTemp: Display: Module 'LinuxClientTargetPlatform' loaded TargetPlatform 'LinuxClient'
[2020.03.21-04.27.51:132][  0]LogTemp: Display: Module 'LinuxNoEditorTargetPlatform' loaded TargetPlatform 'LinuxNoEditor'
[2020.03.21-04.27.51:143][  0]LogTemp: Display: Module 'LinuxServerTargetPlatform' loaded TargetPlatform 'LinuxServer'
[2020.03.21-04.27.51:158][  0]LogTemp: Display: Module 'LinuxTargetPlatform' loaded TargetPlatform 'Linux'
[2020.03.21-04.27.51:190][  0]LogTemp: Display: Module 'LuminTargetPlatform' loaded TargetPlatform 'Lumin'
[2020.03.21-04.27.51:190][  0]LogTemp: Display: Module 'LuminTargetPlatform' loaded TargetPlatform 'LuminClient'
[2020.03.21-04.27.51:190][  0]LogTargetPlatformManager: Display: Building Assets For Windows
[2020.03.21-04.27.51:217][  0]LogAudioDebug: Display: Lib vorbis DLL was dynamically loaded.
[2020.03.21-04.27.51:369][  0]LogShaderCompilers: Guid format shader working directory is -5 characters bigger than the processId version (../../../../../Repos/ShooterMult/ShooterMultiplayer/Intermediate/Shaders/WorkingDirectory/15388/).
[2020.03.21-04.27.51:369][  0]LogShaderCompilers: Cleaned the shader compiler working directory 'C:/Users/Hanson/AppData/Local/Temp/UnrealShaderWorkingDir/89518FC442553A581711EF924DA24F44/'.
[2020.03.21-04.27.51:371][  0]LogXGEController: Cannot use XGE Controller as Incredibuild is not installed on this machine.
[2020.03.21-04.27.51:371][  0]LogShaderCompilers: Cannot use XGE Shader Compiler as Incredibuild is not installed on this machine.
[2020.03.21-04.27.51:371][  0]LogShaderCompilers: Display: Using Local Shader Compiler.
[2020.03.21-04.27.52:001][  0]LogDerivedDataCache: Display: Max Cache Size: 512 MB
[2020.03.21-04.27.52:057][  0]LogDerivedDataCache: Loaded boot cache 0.06s 81MB C:/Users/Hanson/AppData/Local/UnrealEngine/4.23/DerivedDataCache/Boot.ddc.
[2020.03.21-04.27.52:057][  0]LogDerivedDataCache: Display: Loaded Boot cache: C:/Users/Hanson/AppData/Local/UnrealEngine/4.23/DerivedDataCache/Boot.ddc
[2020.03.21-04.27.52:058][  0]LogDerivedDataCache: FDerivedDataBackendGraph:  Pak pak cache file ../../../../../Repos/ShooterMult/ShooterMultiplayer/DerivedDataCache/DDC.ddp not found, will not use a pak cache.
[2020.03.21-04.27.52:058][  0]LogDerivedDataCache: Unable to find inner node Pak for hierarchical cache Hierarchy.
[2020.03.21-04.27.52:058][  0]LogDerivedDataCache: FDerivedDataBackendGraph:  CompressedPak pak cache file ../../../../../Repos/ShooterMult/ShooterMultiplayer/DerivedDataCache/Compressed.ddp not found, will not use a pak cache.
[2020.03.21-04.27.52:058][  0]LogDerivedDataCache: Unable to find inner node CompressedPak for hierarchical cache Hierarchy.
[2020.03.21-04.27.52:070][  0]LogDerivedDataCache: Display: Pak cache opened for reading ../../../Engine/DerivedDataCache/Compressed.ddp.
[2020.03.21-04.27.52:070][  0]LogDerivedDataCache: FDerivedDataBackendGraph:  EnterprisePak pak cache file ../../../Enterprise/DerivedDataCache/Compressed.ddp not found, will not use a pak cache.
[2020.03.21-04.27.52:070][  0]LogDerivedDataCache: Unable to find inner node EnterprisePak for hierarchical cache Hierarchy.
[2020.03.21-04.27.52:072][  0]LogDerivedDataCache: Using Local data cache path C:/Users/Hanson/AppData/Local/UnrealEngine/Common/DerivedDataCache: Writable
[2020.03.21-04.27.52:073][  0]LogDerivedDataCache: Shared data cache path not found in *engine.ini, will not use an Shared cache.
[2020.03.21-04.27.52:073][  0]LogDerivedDataCache: Unable to find inner node Shared for hierarchical cache Hierarchy.
[2020.03.21-04.27.52:097][  0]LogMaterial: Verifying Global Shaders for PCD3D_SM5
[2020.03.21-04.27.52:100][  0]LogSlate: Using FreeType 2.6.0
[2020.03.21-04.27.52:101][  0]LogSlate: SlateFontServices - WITH_FREETYPE: 1, WITH_HARFBUZZ: 1
[2020.03.21-04.27.52:157][  0]LogAssetRegistry: FAssetRegistry took 0.0050 seconds to start up
[2020.03.21-04.27.52:443][  0]LogInit: Selected Device Profile: [Windows]
[2020.03.21-04.27.52:592][  0]LogMeshReduction: Using QuadricMeshReduction for automatic static mesh reduction
[2020.03.21-04.27.52:592][  0]LogMeshReduction: Using SimplygonMeshReduction for automatic skeletal mesh reduction
[2020.03.21-04.27.52:592][  0]LogMeshReduction: Using ProxyLODMeshReduction for automatic mesh merging
[2020.03.21-04.27.52:592][  0]LogMeshReduction: No distributed automatic mesh merging module available
[2020.03.21-04.27.52:592][  0]LogMeshMerging: No distributed automatic mesh merging module available
[2020.03.21-04.27.52:601][  0]LogNetVersion: ShooterMultiplayer 1.0.0, NetCL: 8386587, EngineNetVer: 11, GameNetVer: 0 (Checksum: 1778891711)
[2020.03.21-04.27.53:018][  0]LogPackageLocalizationCache: Processed 12 localized package path(s) for 1 prioritized culture(s) in 0.053066 seconds
[2020.03.21-04.27.53:030][  0]LogUObjectArray: 43445 objects as part of root set at end of initial load.
[2020.03.21-04.27.53:030][  0]LogUObjectAllocator: 7548872 out of 0 bytes used by permanent object pool.
[2020.03.21-04.27.53:030][  0]LogUObjectArray: CloseDisregardForGC: 0/0 objects in disregard for GC pool
[2020.03.21-04.27.53:915][  0]LogTcpMessaging: Initializing TcpMessaging bridge
[2020.03.21-04.27.53:921][  0]LogUdpMessaging: Initializing bridge on interface 0.0.0.0:0 to multicast group 230.0.0.1:6666.
[2020.03.21-04.27.54:164][  0]SourceControl: Source control is disabled
[2020.03.21-04.27.54:164][  0]SourceControl: Source control is disabled
[2020.03.21-04.27.54:166][  0]SourceControl: Source control is disabled
[2020.03.21-04.27.54:168][  0]SourceControl: Source control is disabled
[2020.03.21-04.27.54:322][  0]LogAndroidPermission: UAndroidPermissionCallbackProxy::GetInstance
[2020.03.21-04.27.54:463][  0]LogOcInput: OculusInput pre-init called
[2020.03.21-04.27.54:471][  0]LogWindows: Failed to load 'OVRPlugin.dll' (GetLastError=126)
[2020.03.21-04.27.54:471][  0]LogWindows: File 'OVRPlugin.dll' does not exist
[2020.03.21-04.27.54:552][  0]LogEngine: Initializing Engine...
[2020.03.21-04.27.54:553][  0]LogHMD: Failed to initialize OpenVR with code 110
[2020.03.21-04.27.54:554][  0]LogStats: UGameplayTagsManager::InitializeManager -  0.000 s
[2020.03.21-04.27.54:804][  0]LogInit: Initializing FReadOnlyCVARCache
[2020.03.21-04.27.54:818][  0]LogAIModule: Creating AISystem for world Untitled
[2020.03.21-04.27.54:828][  0]LogInit: XAudio2 using 'Speakers (Realtek High Definition Audio)' : 2 channels at 48 kHz using 16 bits per sample (channel mask 0x3)
[2020.03.21-04.27.54:842][  0]LogInit: FAudioDevice initialized.
[2020.03.21-04.27.54:843][  0]LogNetVersion: Set ProjectVersion to 1.0.0.0. Version Checksum will be recalculated on next use.
[2020.03.21-04.27.54:952][  0]LogDerivedDataCache: Saved boot cache 0.11s 81MB C:/Users/Hanson/AppData/Local/UnrealEngine/4.23/DerivedDataCache/Boot.ddc.
[2020.03.21-04.27.54:956][  0]LogInit: Texture streaming: Enabled
[2020.03.21-04.27.54:979][  0]LogEngineSessionManager: EngineSessionManager initialized
[2020.03.21-04.27.54:979][  0]LogEngineSessionManager: EngineSessionManager sent abnormal shutdown report. Type=Debugger, SessionId={C43E76EC-4D4D-3C54-8312-CCABE5A88B5F}
[2020.03.21-04.27.54:979][  0]LogEditorSessionSummary: Verbose: Initializing EditorSessionSummaryWriter for editor session tracking
[2020.03.21-04.27.54:980][  0]LogEditorSessionSummary: EditorSessionSummaryWriter initialized
[2020.03.21-04.27.55:047][  0]LogInit: Transaction tracking system initialized
[2020.03.21-04.27.55:078][  0]BlueprintLog: New page: Editor Load
[2020.03.21-04.27.55:155][  0]LocalizationService: Localization service is disabled
[2020.03.21-04.27.55:221][  0]LogLinker: Warning: Failed to load '/Game/FirstPersonBP/FirstPersonOverview': Can't find file.
[2020.03.21-04.27.55:221][  0]LogLinker: Warning: Failed to load '/Game/FirstPersonBP/FirstPersonOverview': Can't find file.
[2020.03.21-04.27.55:221][  0]LogUObjectGlobals: Warning: Failed to find object 'Class /Game/FirstPersonBP/FirstPersonOverview.FirstPersonOverview_C'
[2020.03.21-04.27.55:434][  0]LogFileCache: Scanning file cache for directory 'D:/Repos/ShooterMult/ShooterMultiplayer/Content/' took 0.00s
[2020.03.21-04.27.55:434][  0]LogCook: Display: Max memory allowance for cook 16384mb min free memory 0mb
[2020.03.21-04.27.55:434][  0]LogCook: Display: Mobile HDR setting 1
[2020.03.21-04.27.55:659][  0]SourceControl: Source control is disabled
[2020.03.21-04.27.55:659][  0]Cmd: MAP LOAD FILE="../../../../../Repos/ShooterMult/ShooterMultiplayer/Content/Blueprint/Maps/Menu.umap" TEMPLATE=0 SHOWPROGRESS=1 FEATURELEVEL=3
[2020.03.21-04.27.55:660][  0]LightingResults: New page: Lighting Build
[2020.03.21-04.27.55:662][  0]LogWorld: UWorld::CleanupWorld for Untitled, bSessionEnded=true, bCleanupResources=true
[2020.03.21-04.27.55:662][  0]MapCheck: New page: Map Check
[2020.03.21-04.27.55:662][  0]LightingResults: New page: Lighting Build
[2020.03.21-04.27.55:697][  0]LogUObjectHash: Compacting FUObjectHashTables data took   2.35ms
[2020.03.21-04.27.55:705][  0]LogAIModule: Creating AISystem for world Menu
[2020.03.21-04.27.55:706][  0]LogEditorServer: Finished looking for orphan Actors (0.000 secs)
[2020.03.21-04.27.55:739][  0]LogUObjectHash: Compacting FUObjectHashTables data took   1.99ms
[2020.03.21-04.27.55:739][  0]Cmd: MAP CHECKDEP NOCLEARLOG
[2020.03.21-04.27.55:739][  0]MapCheck: Map check complete: 0 Error(s), 0 Warning(s), took 0.116ms to complete.
[2020.03.21-04.27.55:739][  0]LogFileHelpers: Loading map 'Menu' took 0.080
[2020.03.21-04.27.55:950][  0]LogSlate: Updating window title bar state: overlay mode, drag disabled, window buttons hidden, title bar hidden
[2020.03.21-04.27.55:958][  0]LogSlate: Updating window title bar state: overlay mode, drag disabled, window buttons hidden, title bar hidden
[2020.03.21-04.27.55:966][  0]LogSlate: Updating window title bar state: overlay mode, drag disabled, window buttons hidden, title bar hidden
[2020.03.21-04.27.55:974][  0]LogSlate: Updating window title bar state: overlay mode, drag disabled, window buttons hidden, title bar hidden
[2020.03.21-04.27.55:981][  0]LogCollectionManager: Loaded 0 collections in 0.001059 seconds
[2020.03.21-04.27.55:989][  0]LogFileCache: Scanning file cache for directory 'D:/Repos/ShooterMult/ShooterMultiplayer/Saved/Collections/' took 0.00s
[2020.03.21-04.27.55:989][  0]LogFileCache: Scanning file cache for directory 'D:/Repos/ShooterMult/ShooterMultiplayer/Content/Developers/Hanson/Collections/' took 0.00s
[2020.03.21-04.27.55:989][  0]LogFileCache: Scanning file cache for directory 'D:/Repos/ShooterMult/ShooterMultiplayer/Content/Collections/' took 0.00s
[2020.03.21-04.27.55:989][  0]LogCollectionManager: Rebuilt the GUID cache for 0 collections in 0.000002 seconds
[2020.03.21-04.27.55:999][  0]LogContentBrowser: Native class hierarchy populated in 0.0097 seconds. Added 2872 classes and 683 folders.
[2020.03.21-04.27.56:007][  0]LogContentBrowser: Native class hierarchy updated for 'WidgetCarousel' in 0.0003 seconds. Added 0 classes and 0 folders.
[2020.03.21-04.27.56:040][  0]LogContentBrowser: Native class hierarchy updated for 'AddContentDialog' in 0.0003 seconds. Added 0 classes and 0 folders.
[2020.03.21-04.27.56:060][  0]LogContentBrowser: Native class hierarchy updated for 'SceneOutliner' in 0.0004 seconds. Added 1 classes and 2 folders.
[2020.03.21-04.27.56:068][  0]LogSlate: Updating window title bar state: overlay mode, drag disabled, window buttons hidden, title bar hidden
[2020.03.21-04.27.56:076][  0]LogSlate: Updating window title bar state: overlay mode, drag disabled, window buttons hidden, title bar hidden
[2020.03.21-04.27.56:083][  0]LogSlate: Updating window title bar state: overlay mode, drag disabled, window buttons hidden, title bar hidden
[2020.03.21-04.27.56:091][  0]LogSlate: Updating window title bar state: overlay mode, drag disabled, window buttons hidden, title bar hidden
[2020.03.21-04.27.56:167][  0]LogSlate: Took 0.000187 seconds to synchronously load lazily loaded font '../../../Engine/Content/Slate/Fonts/Roboto-Regular.ttf' (155K)
[2020.03.21-04.27.56:169][  0]LogSlate: Took 0.000151 seconds to synchronously load lazily loaded font '../../../Engine/Content/Slate/Fonts/Roboto-Bold.ttf' (160K)
[2020.03.21-04.27.56:175][  0]LogSlate: Took 0.000269 seconds to synchronously load lazily loaded font '../../../Engine/Content/Editor/Slate/Fonts/FontAwesome.ttf' (139K)
[2020.03.21-04.27.56:240][  0]LogRenderer: Reallocating scene render targets to support 1208x648 Format 10 NumSamples 1 (Frame:1).
[2020.03.21-04.27.56:286][  0]LogSlate: Took 0.000158 seconds to synchronously load lazily loaded font '../../../Engine/Content/Slate/Fonts/Roboto-Light.ttf' (167K)
[2020.03.21-04.27.56:346][  0]LogContentBrowser: Native class hierarchy updated for 'HierarchicalLODOutliner' in 0.0004 seconds. Added 0 classes and 0 folders.
[2020.03.21-04.27.56:347][  0]LogLoad: (Engine Initialization) Total time: 8.04 seconds
[2020.03.21-04.27.56:347][  0]LogLoad: (Engine Initialization) Total Blueprint compile time: 0.00 seconds
[2020.03.21-04.27.56:390][  0]LogAssetRegistry: Asset discovery search completed in 4.2371 seconds
[2020.03.21-04.27.56:394][  0]LogCollectionManager: Rebuilt the object cache for 0 collections in 0.000006 seconds (found 0 objects)
[2020.03.21-04.27.56:394][  0]LogCollectionManager: Fixed up redirectors for 0 collections in 0.000224 seconds (updated 0 objects)
[2020.03.21-04.27.56:396][  0]LogContentStreaming: Texture pool size now 1000 MB
[2020.03.21-04.27.57:414][109]LogSlate: Took 0.000198 seconds to synchronously load lazily loaded font '../../../Engine/Content/Slate/Fonts/Roboto-Light.ttf' (167K)
