Log file open, 03/08/20 23:13:00
LogWindows: Failed to load 'aqProf.dll' (GetLastError=126)
LogWindows: File 'aqProf.dll' does not exist
LogWindows: Failed to load 'VtuneApi.dll' (GetLastError=126)
LogWindows: File 'VtuneApi.dll' does not exist
LogWindows: Failed to load 'VtuneApi32e.dll' (GetLastError=126)
LogWindows: File 'VtuneApi32e.dll' does not exist
LogConsoleResponse: Display: Failed to find resolution value strings in scalability ini. Falling back to default.
LogInit: Display: Running engine for game: ShooterMultiplayer
LogPlatformFile: Not using cached read wrapper
LogTaskGraph: Started task graph with 5 named threads and 17 total threads with 3 sets of task threads.
LogStats: Stats thread started at 0.070315
LogD3D11RHI: Loaded GFSDK_Aftermath_Lib.x64.dll
LogICUInternationalization: ICU TimeZone Detection - Raw Offset: -8:00, Platform Override: ''
LogPluginManager: Mounting plugin Paper2D
LogPluginManager: Mounting plugin AISupport
LogPluginManager: Mounting plugin LightPropagationVolume
LogPluginManager: Mounting plugin ActorLayerUtilities
LogPluginManager: Mounting plugin AnimationSharing
LogPluginManager: Mounting plugin CLionSourceCodeAccess
LogPluginManager: Mounting plugin CodeLiteSourceCodeAccess
LogPluginManager: Mounting plugin GitSourceControl
LogPluginManager: Mounting plugin KDevelopSourceCodeAccess
LogPluginManager: Mounting plugin NullSourceCodeAccess
LogPluginManager: Mounting plugin PerforceSourceControl
LogPluginManager: Mounting plugin SubversionSourceControl
LogPluginManager: Mounting plugin UObjectPlugin
LogPluginManager: Mounting plugin VisualStudioCodeSourceCodeAccess
LogPluginManager: Mounting plugin VisualStudioSourceCodeAccess
LogPluginManager: Mounting plugin XCodeSourceCodeAccess
LogPluginManager: Mounting plugin AssetManagerEditor
LogPluginManager: Mounting plugin CryptoKeys
LogPluginManager: Mounting plugin CurveEditorTools
LogPluginManager: Mounting plugin DataValidation
LogPluginManager: Mounting plugin FacialAnimation
LogPluginManager: Mounting plugin GameplayTagsEditor
LogPluginManager: Mounting plugin MacGraphicsSwitching
LogPluginManager: Mounting plugin MaterialAnalyzer
LogPluginManager: Mounting plugin MobileLauncherProfileWizard
LogPluginManager: Mounting plugin PluginBrowser
LogPluginManager: Mounting plugin SpeedTreeImporter
LogPluginManager: Mounting plugin DatasmithContent
LogPluginManager: Mounting plugin VariantManagerContent
LogPluginManager: Mounting plugin AlembicImporter
LogPluginManager: Mounting plugin AutomationUtils
LogPluginManager: Mounting plugin BackChannel
LogPluginManager: Mounting plugin CharacterAI
LogPluginManager: Mounting plugin GeometryCache
LogPluginManager: Mounting plugin HTML5Networking
LogPluginManager: Mounting plugin PlatformCrypto
LogPluginManager: Mounting plugin ProxyLODPlugin
LogPluginManager: Mounting plugin SkeletalReduction
LogPluginManager: Mounting plugin MagicLeap
LogPluginManager: Mounting plugin MagicLeapMedia
LogPluginManager: Mounting plugin AndroidMedia
LogPluginManager: Mounting plugin AvfMedia
LogPluginManager: Mounting plugin ImgMedia
LogPluginManager: Mounting plugin MediaCompositing
LogPluginManager: Mounting plugin MediaPlayerEditor
LogPluginManager: Mounting plugin WebMMedia
LogPluginManager: Mounting plugin WmfMedia
LogPluginManager: Mounting plugin TcpMessaging
LogPluginManager: Mounting plugin UdpMessaging
LogPluginManager: Mounting plugin ActorSequence
LogPluginManager: Mounting plugin LevelSequenceEditor
LogPluginManager: Mounting plugin MatineeToLevelSequence
LogPluginManager: Mounting plugin NetcodeUnitTest
LogPluginManager: Mounting plugin NUTUnrealEngine4
LogPluginManager: Mounting plugin OnlineSubsystemGooglePlay
LogPluginManager: Mounting plugin OnlineSubsystemIOS
LogPluginManager: Mounting plugin OnlineSubsystem
LogPluginManager: Mounting plugin OnlineSubsystemNull
LogPluginManager: Mounting plugin OnlineSubsystemUtils
LogPluginManager: Mounting plugin LauncherChunkInstaller
LogPluginManager: Mounting plugin AndroidDeviceProfileSelector
LogPluginManager: Mounting plugin AndroidMoviePlayer
LogPluginManager: Mounting plugin AndroidPermission
LogPluginManager: Mounting plugin AppleImageUtils
LogPluginManager: Mounting plugin AppleMoviePlayer
LogPluginManager: Mounting plugin ArchVisCharacter
LogPluginManager: Mounting plugin AudioCapture
LogPluginManager: Mounting plugin CableComponent
LogPluginManager: Mounting plugin CustomMeshComponent
LogPluginManager: Mounting plugin EditableMesh
LogPluginManager: Mounting plugin ExampleDeviceProfileSelector
LogPluginManager: Mounting plugin GoogleCloudMessaging
LogPluginManager: Mounting plugin IOSDeviceProfileSelector
LogPluginManager: Mounting plugin LinuxDeviceProfileSelector
LogPluginManager: Mounting plugin LocationServicesBPLibrary
LogPluginManager: Mounting plugin MobilePatchingUtils
LogPluginManager: Mounting plugin OculusVR
LogPluginManager: Mounting plugin PhysXVehicles
LogPluginManager: Mounting plugin ProceduralMeshComponent
LogPluginManager: Mounting plugin RuntimePhysXCooking
LogPluginManager: Mounting plugin SignificanceManager
LogPluginManager: Mounting plugin SteamVR
LogPluginManager: Mounting plugin WebMMoviePlayer
LogPluginManager: Mounting plugin WindowsMoviePlayer
LogPluginManager: Mounting plugin ScreenshotTools
LogInit: Using libcurl 7.55.1-DEV
LogInit:  - built for x86_64-pc-win32
LogInit:  - supports SSL with OpenSSL/1.1.1
LogInit:  - supports HTTP deflate (compression) using libz 1.2.8
LogInit:  - other features:
LogInit:      CURL_VERSION_SSL
LogInit:      CURL_VERSION_LIBZ
LogInit:      CURL_VERSION_IPV6
LogInit:      CURL_VERSION_ASYNCHDNS
LogInit:      CURL_VERSION_LARGEFILE
LogInit:      CURL_VERSION_IDN
LogInit:  CurlRequestOptions (configurable via config and command line):
LogInit:  - bVerifyPeer = true  - Libcurl will verify peer certificate
LogInit:  - bUseHttpProxy = false  - Libcurl will NOT use HTTP proxy
LogInit:  - bDontReuseConnections = false  - Libcurl will reuse connections
LogInit:  - MaxHostConnections = 16  - Libcurl will limit the number of connections to a host
LogInit:  - LocalHostAddr = Default
LogInit:  - BufferSize = 65536
LogOnline: OSS: Creating online subsystem instance for: NULL
LogInit: WinSock: version 1.1 (2.2), MaxSocks=32767, MaxUdp=65467
LogInit: Build: ++UE4+Release-4.23-CL-9631420
LogInit: Engine Version: 4.23.1-9631420+++UE4+Release-4.23
LogInit: Compatible Engine Version: 4.23.0-8386587+++UE4+Release-4.23
LogInit: Net CL: 8386587
LogInit: OS: Windows 10 (Release 1903) (), CPU: AMD Ryzen 5 2600X Six-Core Processor           , GPU: NVIDIA GeForce GTX 1070
LogInit: Compiled (64-bit): Oct 18 2019 02:07:44
LogInit: Compiled with Visual C++: 19.16.27030.01
LogInit: Build Configuration: Development
LogInit: Branch Name: ++UE4+Release-4.23
LogInit: Command Line:  D:\Repos\ShooterMult\ShooterMultiplayer\Content\ThirdPersonCPP\Maps\ThirdPersonExampleMap.umap -server -log
LogInit: Base Directory: D:/EpicGame/UE_4.23/Engine/Binaries/Win64/
LogInit: Installed Engine Build: 1
LogDevObjectVersion: Number of dev versions registered: 23
LogDevObjectVersion:   Dev-Blueprints (B0D832E4-1F89-4F0D-ACCF-7EB736FD4AA2): 10
LogDevObjectVersion:   Dev-Build (E1C64328-A22C-4D53-A36C-8E866417BD8C): 0
LogDevObjectVersion:   Dev-Core (375EC13C-06E4-48FB-B500-84F0262A717E): 3
LogDevObjectVersion:   Dev-Editor (E4B068ED-F494-42E9-A231-DA0B2E46BB41): 34
LogDevObjectVersion:   Dev-Framework (CFFC743F-43B0-4480-9391-14DF171D2073): 35
LogDevObjectVersion:   Dev-Mobile (B02B49B5-BB20-44E9-A304-32B752E40360): 2
LogDevObjectVersion:   Dev-Networking (A4E4105C-59A1-49B5-A7C5-40C4547EDFEE): 0
LogDevObjectVersion:   Dev-Online (39C831C9-5AE6-47DC-9A44-9C173E1C8E7C): 0
LogDevObjectVersion:   Dev-Physics (78F01B33-EBEA-4F98-B9B4-84EACCB95AA2): 0
LogDevObjectVersion:   Dev-Platform (6631380F-2D4D-43E0-8009-CF276956A95A): 0
LogDevObjectVersion:   Dev-Rendering (12F88B9F-8875-4AFC-A67C-D90C383ABD29): 31
LogDevObjectVersion:   Dev-Sequencer (7B5AE74C-D270-4C10-A958-57980B212A5A): 11
LogDevObjectVersion:   Dev-VR (D7296918-1DD6-4BDD-9DE2-64A83CC13884): 2
LogDevObjectVersion:   Dev-LoadTimes (C2A15278-BFE7-4AFE-6C17-90FF531DF755): 1
LogDevObjectVersion:   Private-Geometry (6EACA3D4-40EC-4CC1-B786-8BED09428FC5): 3
LogDevObjectVersion:   Dev-AnimPhys (29E575DD-E0A3-4627-9D10-D276232CDCEA): 17
LogDevObjectVersion:   Dev-Anim (AF43A65D-7FD3-4947-9873-3E8ED9C1BB05): 2
LogDevObjectVersion:   Dev-ReflectionCapture (6B266CEC-1EC7-4B8F-A30B-E4D90942FC07): 1
LogDevObjectVersion:   Dev-Automation (0DF73D61-A23F-47EA-B727-89E90C41499A): 1
LogDevObjectVersion:   FortniteMain (601D1886-AC64-4F84-AA16-D3DE0DEAC7D6): 27
LogDevObjectVersion:   Dev-Enterprise (9DFFBCD6-494F-0158-E221-12823C92A888): 6
LogDevObjectVersion:   Dev-Niagara (F2AED0AC-9AFE-416F-8664-AA7FFA26D6FC): 1
LogDevObjectVersion:   Dev-Destruction (174F1F0B-B4C6-45A5-B13F-2EE8D0FB917D): 9
LogInit: Presizing for max 16777216 objects, including 0 objects not considered by GC, pre-allocating 0 bytes for permanent pool.
LogInit: Object subsystem initialized
LogConfig: Setting CVar [[con.DebugEarlyDefault:1]]
LogConfig: Setting CVar [[r.setres:1280x720]]
[2020.03.09-06.13.01:095][  0]LogConfig: Setting CVar [[con.DebugEarlyDefault:1]]
[2020.03.09-06.13.01:095][  0]LogConfig: Setting CVar [[r.setres:1280x720]]
[2020.03.09-06.13.01:096][  0]LogConfig: Applying CVar settings from Section [/Script/Engine.RendererSettings] File [D:/Repos/ShooterMult/ShooterMultiplayer/Saved/Config/Windows/Engine.ini]
[2020.03.09-06.13.01:096][  0]LogConfig: Setting CVar [[r.GPUCrashDebugging:0]]
[2020.03.09-06.13.01:097][  0]LogConfig: Applying CVar settings from Section [/Script/Engine.RendererOverrideSettings] File [D:/Repos/ShooterMult/ShooterMultiplayer/Saved/Config/Windows/Engine.ini]
[2020.03.09-06.13.01:097][  0]LogConfig: Applying CVar settings from Section [/Script/Engine.StreamingSettings] File [D:/Repos/ShooterMult/ShooterMultiplayer/Saved/Config/Windows/Engine.ini]
[2020.03.09-06.13.01:098][  0]LogConfig: Setting CVar [[s.MinBulkDataSizeForAsyncLoading:131072]]
[2020.03.09-06.13.01:098][  0]LogConfig: Setting CVar [[s.AsyncLoadingThreadEnabled:0]]
[2020.03.09-06.13.01:099][  0]LogConfig: Setting CVar [[s.EventDrivenLoaderEnabled:1]]
[2020.03.09-06.13.01:099][  0]LogConfig: Setting CVar [[s.WarnIfTimeLimitExceeded:0]]
[2020.03.09-06.13.01:100][  0]LogConfig: Setting CVar [[s.TimeLimitExceededMultiplier:1.5]]
[2020.03.09-06.13.01:100][  0]LogConfig: Setting CVar [[s.TimeLimitExceededMinTime:0.005]]
[2020.03.09-06.13.01:101][  0]LogConfig: Setting CVar [[s.UseBackgroundLevelStreaming:1]]
[2020.03.09-06.13.01:103][  0]LogConfig: Setting CVar [[s.PriorityAsyncLoadingExtraTime:15.0]]
[2020.03.09-06.13.01:104][  0]LogConfig: Setting CVar [[s.LevelStreamingActorsUpdateTimeLimit:5.0]]
[2020.03.09-06.13.01:104][  0]LogConfig: Setting CVar [[s.PriorityLevelStreamingActorsUpdateExtraTime:5.0]]
[2020.03.09-06.13.01:105][  0]LogConfig: Setting CVar [[s.LevelStreamingComponentsRegistrationGranularity:10]]
[2020.03.09-06.13.01:105][  0]LogConfig: Setting CVar [[s.UnregisterComponentsTimeLimit:1.0]]
[2020.03.09-06.13.01:106][  0]LogConfig: Setting CVar [[s.LevelStreamingComponentsUnregistrationGranularity:5]]
[2020.03.09-06.13.01:106][  0]LogConfig: Applying CVar settings from Section [/Script/Engine.GarbageCollectionSettings] File [D:/Repos/ShooterMult/ShooterMultiplayer/Saved/Config/Windows/Engine.ini]
[2020.03.09-06.13.01:107][  0]LogConfig: Setting CVar [[gc.MaxObjectsNotConsideredByGC:1]]
[2020.03.09-06.13.01:107][  0]LogConfig: Setting CVar [[gc.SizeOfPermanentObjectPool:0]]
[2020.03.09-06.13.01:108][  0]LogConfig: Setting CVar [[gc.FlushStreamingOnGC:0]]
[2020.03.09-06.13.01:109][  0]LogConfig: Setting CVar [[gc.NumRetriesBeforeForcingGC:10]]
[2020.03.09-06.13.01:109][  0]LogConfig: Setting CVar [[gc.AllowParallelGC:1]]
[2020.03.09-06.13.01:109][  0]LogConfig: Setting CVar [[gc.TimeBetweenPurgingPendingKillObjects:61.1]]
[2020.03.09-06.13.01:110][  0]LogConfig: Setting CVar [[gc.MaxObjectsInEditor:16777216]]
[2020.03.09-06.13.01:111][  0]LogConfig: Setting CVar [[gc.IncrementalBeginDestroyEnabled:1]]
[2020.03.09-06.13.01:113][  0]LogConfig: Setting CVar [[gc.CreateGCClusters:1]]
[2020.03.09-06.13.01:113][  0]LogConfig: Setting CVar [[gc.MinGCClusterSize:5]]
[2020.03.09-06.13.01:114][  0]LogConfig: Setting CVar [[gc.ActorClusteringEnabled:0]]
[2020.03.09-06.13.01:114][  0]LogConfig: Setting CVar [[gc.BlueprintClusteringEnabled:0]]
[2020.03.09-06.13.01:115][  0]LogConfig: Setting CVar [[gc.UseDisregardForGCOnDedicatedServers:0]]
[2020.03.09-06.13.01:115][  0]LogConfig: Applying CVar settings from Section [/Script/Engine.NetworkSettings] File [D:/Repos/ShooterMult/ShooterMultiplayer/Saved/Config/Windows/Engine.ini]
[2020.03.09-06.13.01:116][  0]LogConfig: Applying CVar settings from Section [/Script/UnrealEd.CookerSettings] File [D:/Repos/ShooterMult/ShooterMultiplayer/Saved/Config/Windows/Engine.ini]
[2020.03.09-06.13.01:118][  0]LogConfig: Applying CVar settings from Section [ViewDistanceQuality@3] File [D:/Repos/ShooterMult/ShooterMultiplayer/Saved/Config/Windows/Scalability.ini]
[2020.03.09-06.13.01:118][  0]LogConfig: Setting CVar [[r.SkeletalMeshLODBias:0]]
[2020.03.09-06.13.01:119][  0]LogConfig: Setting CVar [[r.ViewDistanceScale:1.0]]
[2020.03.09-06.13.01:120][  0]LogConfig: Applying CVar settings from Section [AntiAliasingQuality@3] File [D:/Repos/ShooterMult/ShooterMultiplayer/Saved/Config/Windows/Scalability.ini]
[2020.03.09-06.13.01:121][  0]LogConfig: Setting CVar [[r.PostProcessAAQuality:4]]
[2020.03.09-06.13.01:123][  0]LogConfig: Applying CVar settings from Section [ShadowQuality@3] File [D:/Repos/ShooterMult/ShooterMultiplayer/Saved/Config/Windows/Scalability.ini]
[2020.03.09-06.13.01:124][  0]LogConfig: Setting CVar [[r.LightFunctionQuality:1]]
[2020.03.09-06.13.01:124][  0]LogConfig: Setting CVar [[r.ShadowQuality:5]]
[2020.03.09-06.13.01:125][  0]LogConfig: Setting CVar [[r.Shadow.CSM.MaxCascades:10]]
[2020.03.09-06.13.01:126][  0]LogConfig: Setting CVar [[r.Shadow.MaxResolution:2048]]
[2020.03.09-06.13.01:126][  0]LogConfig: Setting CVar [[r.Shadow.MaxCSMResolution:2048]]
[2020.03.09-06.13.01:127][  0]LogConfig: Setting CVar [[r.Shadow.RadiusThreshold:0.01]]
[2020.03.09-06.13.01:127][  0]LogConfig: Setting CVar [[r.Shadow.DistanceScale:1.0]]
[2020.03.09-06.13.01:128][  0]LogConfig: Setting CVar [[r.Shadow.CSM.TransitionScale:1.0]]
[2020.03.09-06.13.01:128][  0]LogConfig: Setting CVar [[r.Shadow.PreShadowResolutionFactor:1.0]]
[2020.03.09-06.13.01:129][  0]LogConfig: Setting CVar [[r.DistanceFieldShadowing:1]]
[2020.03.09-06.13.01:130][  0]LogConfig: Setting CVar [[r.DistanceFieldAO:1]]
[2020.03.09-06.13.01:130][  0]LogConfig: Setting CVar [[r.AOQuality:2]]
[2020.03.09-06.13.01:131][  0]LogConfig: Setting CVar [[r.VolumetricFog:1]]
[2020.03.09-06.13.01:131][  0]LogConfig: Setting CVar [[r.VolumetricFog.GridPixelSize:8]]
[2020.03.09-06.13.01:132][  0]LogConfig: Setting CVar [[r.VolumetricFog.GridSizeZ:128]]
[2020.03.09-06.13.01:133][  0]LogConfig: Setting CVar [[r.VolumetricFog.HistoryMissSupersampleCount:4]]
[2020.03.09-06.13.01:134][  0]LogConfig: Setting CVar [[r.LightMaxDrawDistanceScale:1]]
[2020.03.09-06.13.01:134][  0]LogConfig: Setting CVar [[r.CapsuleShadows:1]]
[2020.03.09-06.13.01:135][  0]LogConfig: Applying CVar settings from Section [PostProcessQuality@3] File [D:/Repos/ShooterMult/ShooterMultiplayer/Saved/Config/Windows/Scalability.ini]
[2020.03.09-06.13.01:135][  0]LogConfig: Setting CVar [[r.MotionBlurQuality:4]]
[2020.03.09-06.13.01:137][  0]LogConfig: Setting CVar [[r.AmbientOcclusionMipLevelFactor:0.4]]
[2020.03.09-06.13.01:138][  0]LogConfig: Setting CVar [[r.AmbientOcclusionMaxQuality:100]]
[2020.03.09-06.13.01:139][  0]LogConfig: Setting CVar [[r.AmbientOcclusionLevels:-1]]
[2020.03.09-06.13.01:140][  0]LogConfig: Setting CVar [[r.AmbientOcclusionRadiusScale:1.0]]
[2020.03.09-06.13.01:140][  0]LogConfig: Setting CVar [[r.DepthOfFieldQuality:2]]
[2020.03.09-06.13.01:141][  0]LogConfig: Setting CVar [[r.RenderTargetPoolMin:400]]
[2020.03.09-06.13.01:142][  0]LogConfig: Setting CVar [[r.LensFlareQuality:2]]
[2020.03.09-06.13.01:144][  0]LogConfig: Setting CVar [[r.SceneColorFringeQuality:1]]
[2020.03.09-06.13.01:145][  0]LogConfig: Setting CVar [[r.EyeAdaptationQuality:2]]
[2020.03.09-06.13.01:145][  0]LogConfig: Setting CVar [[r.BloomQuality:5]]
[2020.03.09-06.13.01:146][  0]LogConfig: Setting CVar [[r.FastBlurThreshold:100]]
[2020.03.09-06.13.01:146][  0]LogConfig: Setting CVar [[r.Upscale.Quality:3]]
[2020.03.09-06.13.01:147][  0]LogConfig: Setting CVar [[r.Tonemapper.GrainQuantization:1]]
[2020.03.09-06.13.01:147][  0]LogConfig: Setting CVar [[r.LightShaftQuality:1]]
[2020.03.09-06.13.01:148][  0]LogConfig: Setting CVar [[r.Filter.SizeScale:1]]
[2020.03.09-06.13.01:149][  0]LogConfig: Setting CVar [[r.Tonemapper.Quality:5]]
[2020.03.09-06.13.01:150][  0]LogConfig: Setting CVar [[r.DOF.Gather.AccumulatorQuality:1        ; higher gathering accumulator quality]]
[2020.03.09-06.13.01:151][  0]LogConfig: Setting CVar [[r.DOF.Gather.PostfilterMethod:1          ; Median3x3 postfilering method]]
[2020.03.09-06.13.01:152][  0]LogConfig: Setting CVar [[r.DOF.Gather.EnableBokehSettings:0       ; no bokeh simulation when gathering]]
[2020.03.09-06.13.01:154][  0]LogConfig: Setting CVar [[r.DOF.Gather.RingCount:4                 ; medium number of samples when gathering]]
[2020.03.09-06.13.01:155][  0]LogConfig: Setting CVar [[r.DOF.Scatter.ForegroundCompositing:1    ; additive foreground scattering]]
[2020.03.09-06.13.01:155][  0]LogConfig: Setting CVar [[r.DOF.Scatter.BackgroundCompositing:2    ; additive background scattering]]
[2020.03.09-06.13.01:156][  0]LogConfig: Setting CVar [[r.DOF.Scatter.EnableBokehSettings:1      ; bokeh simulation when scattering]]
[2020.03.09-06.13.01:157][  0]LogConfig: Setting CVar [[r.DOF.Scatter.MaxSpriteRatio:0.1         ; only a maximum of 10% of scattered bokeh]]
[2020.03.09-06.13.01:158][  0]LogConfig: Setting CVar [[r.DOF.Recombine.Quality:1                ; cheap slight out of focus]]
[2020.03.09-06.13.01:159][  0]LogConfig: Setting CVar [[r.DOF.Recombine.EnableBokehSettings:0    ; no bokeh simulation on slight out of focus]]
[2020.03.09-06.13.01:160][  0]LogConfig: Setting CVar [[r.DOF.TemporalAAQuality:1                ; more stable temporal accumulation]]
[2020.03.09-06.13.01:161][  0]LogConfig: Setting CVar [[r.DOF.Kernel.MaxForegroundRadius:0.025]]
[2020.03.09-06.13.01:162][  0]LogConfig: Setting CVar [[r.DOF.Kernel.MaxBackgroundRadius:0.025]]
[2020.03.09-06.13.01:162][  0]LogConfig: Applying CVar settings from Section [TextureQuality@3] File [D:/Repos/ShooterMult/ShooterMultiplayer/Saved/Config/Windows/Scalability.ini]
[2020.03.09-06.13.01:163][  0]LogConfig: Setting CVar [[r.Streaming.MipBias:0]]
[2020.03.09-06.13.01:167][  0]LogConfig: Setting CVar [[r.Streaming.AmortizeCPUToGPUCopy:0]]
[2020.03.09-06.13.01:167][  0]LogConfig: Setting CVar [[r.Streaming.MaxNumTexturesToStreamPerFrame:0]]
[2020.03.09-06.13.01:168][  0]LogConfig: Setting CVar [[r.Streaming.Boost:1]]
[2020.03.09-06.13.01:168][  0]LogConfig: Setting CVar [[r.MaxAnisotropy:8]]
[2020.03.09-06.13.01:169][  0]LogConfig: Setting CVar [[r.Streaming.LimitPoolSizeToVRAM:0]]
[2020.03.09-06.13.01:170][  0]LogConfig: Setting CVar [[r.Streaming.PoolSize:1000]]
[2020.03.09-06.13.01:170][  0]LogConfig: Setting CVar [[r.Streaming.MaxEffectiveScreenSize:0]]
[2020.03.09-06.13.01:171][  0]LogConfig: Applying CVar settings from Section [EffectsQuality@3] File [D:/Repos/ShooterMult/ShooterMultiplayer/Saved/Config/Windows/Scalability.ini]
[2020.03.09-06.13.01:171][  0]LogConfig: Setting CVar [[r.TranslucencyLightingVolumeDim:64]]
[2020.03.09-06.13.01:172][  0]LogConfig: Setting CVar [[r.RefractionQuality:2]]
[2020.03.09-06.13.01:172][  0]LogConfig: Setting CVar [[r.SSR.Quality:3]]
[2020.03.09-06.13.01:173][  0]LogConfig: Setting CVar [[r.SceneColorFormat:4]]
[2020.03.09-06.13.01:174][  0]LogConfig: Setting CVar [[r.DetailMode:2]]
[2020.03.09-06.13.01:175][  0]LogConfig: Setting CVar [[r.TranslucencyVolumeBlur:1]]
[2020.03.09-06.13.01:178][  0]LogConfig: Setting CVar [[r.MaterialQualityLevel:1 ; High quality]]
[2020.03.09-06.13.01:178][  0]LogConfig: Setting CVar [[r.SSS.Scale:1]]
[2020.03.09-06.13.01:179][  0]LogConfig: Setting CVar [[r.SSS.SampleSet:2]]
[2020.03.09-06.13.01:179][  0]LogConfig: Setting CVar [[r.SSS.Quality:1]]
[2020.03.09-06.13.01:180][  0]LogConfig: Setting CVar [[r.SSS.HalfRes:1]]
[2020.03.09-06.13.01:180][  0]LogConfig: Setting CVar [[r.EmitterSpawnRateScale:1.0]]
[2020.03.09-06.13.01:182][  0]LogConfig: Setting CVar [[r.ParticleLightQuality:2]]
[2020.03.09-06.13.01:183][  0]LogConfig: Applying CVar settings from Section [FoliageQuality@3] File [D:/Repos/ShooterMult/ShooterMultiplayer/Saved/Config/Windows/Scalability.ini]
[2020.03.09-06.13.01:184][  0]LogConfig: Setting CVar [[foliage.DensityScale:1.0]]
[2020.03.09-06.13.01:184][  0]LogConfig: Setting CVar [[grass.DensityScale:1.0]]
[2020.03.09-06.13.01:185][  0]LogInit: Selected Device Profile: [Windows]
[2020.03.09-06.13.01:186][  0]LogInit: Applying CVar settings loaded from the selected device profile: [Windows]
[2020.03.09-06.13.01:191][  0]LogHAL: Display: Platform has ~ 16 GB [17102417920 / 17179869184 / 16], which maps to Larger [LargestMinGB=32, LargerMinGB=12, DefaultMinGB=8, SmallerMinGB=6, SmallestMinGB=0)
[2020.03.09-06.13.01:191][  0]LogInit: Going up to parent DeviceProfile []
[2020.03.09-06.13.01:191][  0]LogConfig: Applying CVar settings from Section [ViewDistanceQuality@3] File [D:/Repos/ShooterMult/ShooterMultiplayer/Saved/Config/Windows/Scalability.ini]
[2020.03.09-06.13.01:192][  0]LogConfig: Setting CVar [[r.SkeletalMeshLODBias:0]]
[2020.03.09-06.13.01:193][  0]LogConfig: Setting CVar [[r.ViewDistanceScale:1.0]]
[2020.03.09-06.13.01:193][  0]LogConfig: Applying CVar settings from Section [AntiAliasingQuality@3] File [D:/Repos/ShooterMult/ShooterMultiplayer/Saved/Config/Windows/Scalability.ini]
[2020.03.09-06.13.01:200][  0]LogConfig: Setting CVar [[r.PostProcessAAQuality:4]]
[2020.03.09-06.13.01:203][  0]LogConfig: Applying CVar settings from Section [ShadowQuality@3] File [D:/Repos/ShooterMult/ShooterMultiplayer/Saved/Config/Windows/Scalability.ini]
[2020.03.09-06.13.01:204][  0]LogConfig: Setting CVar [[r.LightFunctionQuality:1]]
[2020.03.09-06.13.01:205][  0]LogConfig: Setting CVar [[r.ShadowQuality:5]]
[2020.03.09-06.13.01:205][  0]LogConfig: Setting CVar [[r.Shadow.CSM.MaxCascades:10]]
[2020.03.09-06.13.01:206][  0]LogConfig: Setting CVar [[r.Shadow.MaxResolution:2048]]
[2020.03.09-06.13.01:206][  0]LogConfig: Setting CVar [[r.Shadow.MaxCSMResolution:2048]]
[2020.03.09-06.13.01:207][  0]LogConfig: Setting CVar [[r.Shadow.RadiusThreshold:0.01]]
[2020.03.09-06.13.01:208][  0]LogConfig: Setting CVar [[r.Shadow.DistanceScale:1.0]]
[2020.03.09-06.13.01:208][  0]LogConfig: Setting CVar [[r.Shadow.CSM.TransitionScale:1.0]]
[2020.03.09-06.13.01:209][  0]LogConfig: Setting CVar [[r.Shadow.PreShadowResolutionFactor:1.0]]
[2020.03.09-06.13.01:210][  0]LogConfig: Setting CVar [[r.DistanceFieldShadowing:1]]
[2020.03.09-06.13.01:210][  0]LogConfig: Setting CVar [[r.DistanceFieldAO:1]]
[2020.03.09-06.13.01:220][  0]LogConfig: Setting CVar [[r.AOQuality:2]]
[2020.03.09-06.13.01:223][  0]LogConfig: Setting CVar [[r.VolumetricFog:1]]
[2020.03.09-06.13.01:224][  0]LogConfig: Setting CVar [[r.VolumetricFog.GridPixelSize:8]]
[2020.03.09-06.13.01:227][  0]LogConfig: Setting CVar [[r.VolumetricFog.GridSizeZ:128]]
[2020.03.09-06.13.01:232][  0]LogConfig: Setting CVar [[r.VolumetricFog.HistoryMissSupersampleCount:4]]
[2020.03.09-06.13.01:235][  0]LogConfig: Setting CVar [[r.LightMaxDrawDistanceScale:1]]
[2020.03.09-06.13.01:236][  0]LogConfig: Setting CVar [[r.CapsuleShadows:1]]
[2020.03.09-06.13.01:236][  0]LogConfig: Applying CVar settings from Section [PostProcessQuality@3] File [D:/Repos/ShooterMult/ShooterMultiplayer/Saved/Config/Windows/Scalability.ini]
[2020.03.09-06.13.01:237][  0]LogConfig: Setting CVar [[r.MotionBlurQuality:4]]
[2020.03.09-06.13.01:238][  0]LogConfig: Setting CVar [[r.AmbientOcclusionMipLevelFactor:0.4]]
[2020.03.09-06.13.01:239][  0]LogConfig: Setting CVar [[r.AmbientOcclusionMaxQuality:100]]
[2020.03.09-06.13.01:240][  0]LogConfig: Setting CVar [[r.AmbientOcclusionLevels:-1]]
[2020.03.09-06.13.01:241][  0]LogConfig: Setting CVar [[r.AmbientOcclusionRadiusScale:1.0]]
[2020.03.09-06.13.01:241][  0]LogConfig: Setting CVar [[r.DepthOfFieldQuality:2]]
[2020.03.09-06.13.01:244][  0]LogConfig: Setting CVar [[r.RenderTargetPoolMin:400]]
[2020.03.09-06.13.01:269][  0]LogConfig: Setting CVar [[r.LensFlareQuality:2]]
[2020.03.09-06.13.01:286][  0]LogConfig: Setting CVar [[r.SceneColorFringeQuality:1]]
[2020.03.09-06.13.01:305][  0]LogConfig: Setting CVar [[r.EyeAdaptationQuality:2]]
[2020.03.09-06.13.01:307][  0]LogConfig: Setting CVar [[r.BloomQuality:5]]
[2020.03.09-06.13.01:311][  0]LogConfig: Setting CVar [[r.FastBlurThreshold:100]]
[2020.03.09-06.13.01:313][  0]LogConfig: Setting CVar [[r.Upscale.Quality:3]]
[2020.03.09-06.13.01:315][  0]LogConfig: Setting CVar [[r.Tonemapper.GrainQuantization:1]]
[2020.03.09-06.13.01:316][  0]LogConfig: Setting CVar [[r.LightShaftQuality:1]]
[2020.03.09-06.13.01:318][  0]LogConfig: Setting CVar [[r.Filter.SizeScale:1]]
[2020.03.09-06.13.01:318][  0]LogConfig: Setting CVar [[r.Tonemapper.Quality:5]]
[2020.03.09-06.13.01:319][  0]LogConfig: Setting CVar [[r.DOF.Gather.AccumulatorQuality:1        ; higher gathering accumulator quality]]
[2020.03.09-06.13.01:320][  0]LogConfig: Setting CVar [[r.DOF.Gather.PostfilterMethod:1          ; Median3x3 postfilering method]]
[2020.03.09-06.13.01:320][  0]LogConfig: Setting CVar [[r.DOF.Gather.EnableBokehSettings:0       ; no bokeh simulation when gathering]]
[2020.03.09-06.13.01:321][  0]LogConfig: Setting CVar [[r.DOF.Gather.RingCount:4                 ; medium number of samples when gathering]]
[2020.03.09-06.13.01:321][  0]LogConfig: Setting CVar [[r.DOF.Scatter.ForegroundCompositing:1    ; additive foreground scattering]]
[2020.03.09-06.13.01:322][  0]LogConfig: Setting CVar [[r.DOF.Scatter.BackgroundCompositing:2    ; additive background scattering]]
[2020.03.09-06.13.01:322][  0]LogConfig: Setting CVar [[r.DOF.Scatter.EnableBokehSettings:1      ; bokeh simulation when scattering]]
[2020.03.09-06.13.01:323][  0]LogConfig: Setting CVar [[r.DOF.Scatter.MaxSpriteRatio:0.1         ; only a maximum of 10% of scattered bokeh]]
[2020.03.09-06.13.01:323][  0]LogConfig: Setting CVar [[r.DOF.Recombine.Quality:1                ; cheap slight out of focus]]
[2020.03.09-06.13.01:324][  0]LogConfig: Setting CVar [[r.DOF.Recombine.EnableBokehSettings:0    ; no bokeh simulation on slight out of focus]]
[2020.03.09-06.13.01:325][  0]LogConfig: Setting CVar [[r.DOF.TemporalAAQuality:1                ; more stable temporal accumulation]]
[2020.03.09-06.13.01:326][  0]LogConfig: Setting CVar [[r.DOF.Kernel.MaxForegroundRadius:0.025]]
[2020.03.09-06.13.01:328][  0]LogConfig: Setting CVar [[r.DOF.Kernel.MaxBackgroundRadius:0.025]]
[2020.03.09-06.13.01:328][  0]LogConfig: Applying CVar settings from Section [TextureQuality@3] File [D:/Repos/ShooterMult/ShooterMultiplayer/Saved/Config/Windows/Scalability.ini]
[2020.03.09-06.13.01:329][  0]LogConfig: Setting CVar [[r.Streaming.MipBias:0]]
[2020.03.09-06.13.01:329][  0]LogConfig: Setting CVar [[r.Streaming.AmortizeCPUToGPUCopy:0]]
[2020.03.09-06.13.01:330][  0]LogConfig: Setting CVar [[r.Streaming.MaxNumTexturesToStreamPerFrame:0]]
[2020.03.09-06.13.01:330][  0]LogConfig: Setting CVar [[r.Streaming.Boost:1]]
[2020.03.09-06.13.01:331][  0]LogConfig: Setting CVar [[r.MaxAnisotropy:8]]
[2020.03.09-06.13.01:331][  0]LogConfig: Setting CVar [[r.Streaming.LimitPoolSizeToVRAM:0]]
[2020.03.09-06.13.01:332][  0]LogConfig: Setting CVar [[r.Streaming.PoolSize:1000]]
[2020.03.09-06.13.01:332][  0]LogConfig: Setting CVar [[r.Streaming.MaxEffectiveScreenSize:0]]
[2020.03.09-06.13.01:333][  0]LogConfig: Applying CVar settings from Section [EffectsQuality@3] File [D:/Repos/ShooterMult/ShooterMultiplayer/Saved/Config/Windows/Scalability.ini]
[2020.03.09-06.13.01:333][  0]LogConfig: Setting CVar [[r.TranslucencyLightingVolumeDim:64]]
[2020.03.09-06.13.01:334][  0]LogConfig: Setting CVar [[r.RefractionQuality:2]]
[2020.03.09-06.13.01:334][  0]LogConfig: Setting CVar [[r.SSR.Quality:3]]
[2020.03.09-06.13.01:336][  0]LogConfig: Setting CVar [[r.SceneColorFormat:4]]
[2020.03.09-06.13.01:336][  0]LogConfig: Setting CVar [[r.DetailMode:2]]
[2020.03.09-06.13.01:337][  0]LogConfig: Setting CVar [[r.TranslucencyVolumeBlur:1]]
[2020.03.09-06.13.01:340][  0]LogConfig: Setting CVar [[r.MaterialQualityLevel:1 ; High quality]]
[2020.03.09-06.13.01:341][  0]LogConfig: Setting CVar [[r.SSS.Scale:1]]
[2020.03.09-06.13.01:341][  0]LogConfig: Setting CVar [[r.SSS.SampleSet:2]]
[2020.03.09-06.13.01:342][  0]LogConfig: Setting CVar [[r.SSS.Quality:1]]
[2020.03.09-06.13.01:343][  0]LogConfig: Setting CVar [[r.SSS.HalfRes:1]]
[2020.03.09-06.13.01:343][  0]LogConfig: Setting CVar [[r.EmitterSpawnRateScale:1.0]]
[2020.03.09-06.13.01:344][  0]LogConfig: Setting CVar [[r.ParticleLightQuality:2]]
[2020.03.09-06.13.01:344][  0]LogConfig: Applying CVar settings from Section [FoliageQuality@3] File [D:/Repos/ShooterMult/ShooterMultiplayer/Saved/Config/Windows/Scalability.ini]
[2020.03.09-06.13.01:345][  0]LogConfig: Setting CVar [[foliage.DensityScale:1.0]]
[2020.03.09-06.13.01:345][  0]LogConfig: Setting CVar [[grass.DensityScale:1.0]]
[2020.03.09-06.13.01:346][  0]LogConfig: Applying CVar settings from Section [Startup] File [../../../Engine/Config/ConsoleVariables.ini]
[2020.03.09-06.13.01:346][  0]LogConfig: Setting CVar [[net.UseAdaptiveNetUpdateFrequency:0]]
[2020.03.09-06.13.01:347][  0]LogConfig: Setting CVar [[p.chaos.AllowCreatePhysxBodies:1]]
[2020.03.09-06.13.01:347][  0]LogConfig: Applying CVar settings from Section [ConsoleVariables] File [D:/Repos/ShooterMult/ShooterMultiplayer/Saved/Config/Windows/Engine.ini]
[2020.03.09-06.13.01:348][  0]LogInit: Computer: DESKTOP-DRDLCI4
[2020.03.09-06.13.01:350][  0]LogInit: User: Hanson
[2020.03.09-06.13.01:351][  0]LogInit: CPU Page size=4096, Cores=6
[2020.03.09-06.13.01:351][  0]LogInit: High frequency timer resolution =10.000000 MHz
[2020.03.09-06.13.01:352][  0]LogMemory: Memory total: Physical=15.9GB (16GB approx)
[2020.03.09-06.13.01:353][  0]LogMemory: Platform Memory Stats for Windows
[2020.03.09-06.13.01:353][  0]LogMemory: Process Physical Memory: 100.72 MB used, 100.72 MB peak
[2020.03.09-06.13.01:354][  0]LogMemory: Process Virtual Memory: 100.33 MB used, 100.33 MB peak
[2020.03.09-06.13.01:354][  0]LogMemory: Physical Memory: 10376.95 MB used,  5933.18 MB free, 16310.14 MB total
[2020.03.09-06.13.01:355][  0]LogMemory: Virtual Memory: 4656.06 MB used,  134213072.00 MB free, 134217728.00 MB total
[2020.03.09-06.13.01:358][  0]LogWindows: WindowsPlatformFeatures disabled or dedicated server build
[2020.03.09-06.13.01:372][  0]LogInit: Using OS detected language (en-US).
[2020.03.09-06.13.01:372][  0]LogInit: Using OS detected locale (en-US).
[2020.03.09-06.13.01:375][  0]LogTextLocalizationManager: No specific localization for 'en-US' exists, so the 'en' localization will be used.
[2020.03.09-06.13.01:807][  0]LogTemp: Display: Module 'AllDesktopTargetPlatform' loaded TargetPlatform 'AllDesktop'
[2020.03.09-06.13.01:815][  0]LogTemp: Display: Module 'MacClientTargetPlatform' loaded TargetPlatform 'MacClient'
[2020.03.09-06.13.01:823][  0]LogTemp: Display: Module 'MacNoEditorTargetPlatform' loaded TargetPlatform 'MacNoEditor'
[2020.03.09-06.13.01:833][  0]LogTemp: Display: Module 'MacServerTargetPlatform' loaded TargetPlatform 'MacServer'
[2020.03.09-06.13.01:842][  0]LogTemp: Display: Module 'MacTargetPlatform' loaded TargetPlatform 'Mac'
[2020.03.09-06.13.01:851][  0]LogTemp: Display: Module 'WindowsClientTargetPlatform' loaded TargetPlatform 'WindowsClient'
[2020.03.09-06.13.01:859][  0]LogTemp: Display: Module 'WindowsNoEditorTargetPlatform' loaded TargetPlatform 'WindowsNoEditor'
[2020.03.09-06.13.01:868][  0]LogTemp: Display: Module 'WindowsServerTargetPlatform' loaded TargetPlatform 'WindowsServer'
[2020.03.09-06.13.01:873][  0]LogTemp: Display: Module 'WindowsTargetPlatform' loaded TargetPlatform 'Windows'
[2020.03.09-06.13.01:907][  0]LogTemp: Display: Module 'AndroidTargetPlatform' loaded TargetPlatform 'Android'
[2020.03.09-06.13.01:907][  0]LogTemp: Display: Module 'AndroidTargetPlatform' loaded TargetPlatform 'Android_ASTC'
[2020.03.09-06.13.01:909][  0]LogTemp: Display: Module 'AndroidTargetPlatform' loaded TargetPlatform 'Android_ATC'
[2020.03.09-06.13.01:910][  0]LogTemp: Display: Module 'AndroidTargetPlatform' loaded TargetPlatform 'Android_DXT'
[2020.03.09-06.13.01:910][  0]LogTemp: Display: Module 'AndroidTargetPlatform' loaded TargetPlatform 'Android_ETC1'
[2020.03.09-06.13.01:911][  0]LogTemp: Display: Module 'AndroidTargetPlatform' loaded TargetPlatform 'Android_ETC1a'
[2020.03.09-06.13.01:911][  0]LogTemp: Display: Module 'AndroidTargetPlatform' loaded TargetPlatform 'Android_ETC2'
[2020.03.09-06.13.01:912][  0]LogTemp: Display: Module 'AndroidTargetPlatform' loaded TargetPlatform 'Android_PVRTC'
[2020.03.09-06.13.01:912][  0]LogTemp: Display: Module 'AndroidTargetPlatform' loaded TargetPlatform 'AndroidClient'
[2020.03.09-06.13.01:913][  0]LogTemp: Display: Module 'AndroidTargetPlatform' loaded TargetPlatform 'Android_ASTCClient'
[2020.03.09-06.13.01:914][  0]LogTemp: Display: Module 'AndroidTargetPlatform' loaded TargetPlatform 'Android_ATCClient'
[2020.03.09-06.13.01:914][  0]LogTemp: Display: Module 'AndroidTargetPlatform' loaded TargetPlatform 'Android_DXTClient'
[2020.03.09-06.13.01:915][  0]LogTemp: Display: Module 'AndroidTargetPlatform' loaded TargetPlatform 'Android_ETC1Client'
[2020.03.09-06.13.01:915][  0]LogTemp: Display: Module 'AndroidTargetPlatform' loaded TargetPlatform 'Android_ETC1aClient'
[2020.03.09-06.13.01:916][  0]LogTemp: Display: Module 'AndroidTargetPlatform' loaded TargetPlatform 'Android_ETC2Client'
[2020.03.09-06.13.01:917][  0]LogTemp: Display: Module 'AndroidTargetPlatform' loaded TargetPlatform 'Android_PVRTCClient'
[2020.03.09-06.13.01:919][  0]LogTemp: Display: Module 'AndroidTargetPlatform' loaded TargetPlatform 'Android_Multi'
[2020.03.09-06.13.01:919][  0]LogTemp: Display: Module 'AndroidTargetPlatform' loaded TargetPlatform 'Android_MultiClient'
[2020.03.09-06.13.01:921][  0]LogTemp: Display: Module 'HTML5TargetPlatform' loaded TargetPlatform 'HTML5'
[2020.03.09-06.13.01:938][  0]LogTemp: Display: Module 'IOSTargetPlatform' loaded TargetPlatform 'IOSClient'
[2020.03.09-06.13.01:938][  0]LogTemp: Display: Module 'IOSTargetPlatform' loaded TargetPlatform 'IOS'
[2020.03.09-06.13.01:954][  0]LogTemp: Display: Module 'TVOSTargetPlatform' loaded TargetPlatform 'TVOSClient'
[2020.03.09-06.13.01:954][  0]LogTemp: Display: Module 'TVOSTargetPlatform' loaded TargetPlatform 'TVOS'
[2020.03.09-06.13.01:962][  0]LogTemp: Display: Module 'LinuxClientTargetPlatform' loaded TargetPlatform 'LinuxClient'
[2020.03.09-06.13.01:969][  0]LogTemp: Display: Module 'LinuxNoEditorTargetPlatform' loaded TargetPlatform 'LinuxNoEditor'
[2020.03.09-06.13.01:976][  0]LogTemp: Display: Module 'LinuxServerTargetPlatform' loaded TargetPlatform 'LinuxServer'
[2020.03.09-06.13.01:983][  0]LogTemp: Display: Module 'LinuxTargetPlatform' loaded TargetPlatform 'Linux'
[2020.03.09-06.13.02:008][  0]LogTemp: Display: Module 'LuminTargetPlatform' loaded TargetPlatform 'Lumin'
[2020.03.09-06.13.02:008][  0]LogTemp: Display: Module 'LuminTargetPlatform' loaded TargetPlatform 'LuminClient'
[2020.03.09-06.13.02:010][  0]LogTargetPlatformManager: Display: Building Assets For Windows
[2020.03.09-06.13.02:018][  0]LogAudioDebug: Display: Lib vorbis DLL was dynamically loaded.
[2020.03.09-06.13.02:056][  0]LogShaderCompilers: Guid format shader working directory is -5 characters bigger than the processId version (../../../../../Repos/ShooterMult/ShooterMultiplayer/Intermediate/Shaders/WorkingDirectory/18920/).
[2020.03.09-06.13.02:057][  0]LogShaderCompilers: Cleaned the shader compiler working directory 'C:/Users/Hanson/AppData/Local/Temp/UnrealShaderWorkingDir/F38E6F63412FB75DCCB0A7BA93CF0051/'.
[2020.03.09-06.13.02:061][  0]LogXGEController: Cannot use XGE Controller as Incredibuild is not installed on this machine.
[2020.03.09-06.13.02:061][  0]LogShaderCompilers: Cannot use XGE Shader Compiler as Incredibuild is not installed on this machine.
[2020.03.09-06.13.02:062][  0]LogShaderCompilers: Display: Using Local Shader Compiler.
[2020.03.09-06.13.02:476][  0]LogDerivedDataCache: Display: Max Cache Size: 512 MB
[2020.03.09-06.13.02:511][  0]LogDerivedDataCache: Loaded boot cache 0.04s 76MB C:/Users/Hanson/AppData/Local/UnrealEngine/4.23/DerivedDataCache/Boot.ddc.
[2020.03.09-06.13.02:512][  0]LogDerivedDataCache: Display: Loaded Boot cache: C:/Users/Hanson/AppData/Local/UnrealEngine/4.23/DerivedDataCache/Boot.ddc
[2020.03.09-06.13.02:513][  0]LogDerivedDataCache: FDerivedDataBackendGraph:  Pak pak cache file ../../../../../Repos/ShooterMult/ShooterMultiplayer/DerivedDataCache/DDC.ddp not found, will not use a pak cache.
[2020.03.09-06.13.02:513][  0]LogDerivedDataCache: Unable to find inner node Pak for hierarchical cache Hierarchy.
[2020.03.09-06.13.02:514][  0]LogDerivedDataCache: FDerivedDataBackendGraph:  CompressedPak pak cache file ../../../../../Repos/ShooterMult/ShooterMultiplayer/DerivedDataCache/Compressed.ddp not found, will not use a pak cache.
[2020.03.09-06.13.02:514][  0]LogDerivedDataCache: Unable to find inner node CompressedPak for hierarchical cache Hierarchy.
[2020.03.09-06.13.02:526][  0]LogDerivedDataCache: Display: Pak cache opened for reading ../../../Engine/DerivedDataCache/Compressed.ddp.
[2020.03.09-06.13.02:526][  0]LogDerivedDataCache: FDerivedDataBackendGraph:  EnterprisePak pak cache file ../../../Enterprise/DerivedDataCache/Compressed.ddp not found, will not use a pak cache.
[2020.03.09-06.13.02:527][  0]LogDerivedDataCache: Unable to find inner node EnterprisePak for hierarchical cache Hierarchy.
[2020.03.09-06.13.02:529][  0]LogDerivedDataCache: Using Local data cache path C:/Users/Hanson/AppData/Local/UnrealEngine/Common/DerivedDataCache: Writable
[2020.03.09-06.13.02:529][  0]LogDerivedDataCache: Shared data cache path not found in *engine.ini, will not use an Shared cache.
[2020.03.09-06.13.02:529][  0]LogDerivedDataCache: Unable to find inner node Shared for hierarchical cache Hierarchy.
[2020.03.09-06.13.02:532][  0]LogInit: Using OS detected language (en-US).
[2020.03.09-06.13.02:532][  0]LogInit: Using OS detected locale (en-US).
[2020.03.09-06.13.02:533][  0]LogTextLocalizationManager: No localization for 'en-US' exists, so 'en' will be used for the language.
[2020.03.09-06.13.02:533][  0]LogTextLocalizationManager: No localization for 'en-US' exists, so 'en' will be used for the locale.
[2020.03.09-06.13.02:535][  0]LogTextLocalizationManager: Compacting localization data took   0.00ms
[2020.03.09-06.13.02:543][  0]LogAssetRegistry: FAssetRegistry took 0.0062 seconds to start up
[2020.03.09-06.13.02:774][  0]LogPackageLocalizationCache: Processed 12 localized package path(s) for 1 prioritized culture(s) in 0.017164 seconds
[2020.03.09-06.13.02:827][  0]LogInit: Selected Device Profile: [Windows]
[2020.03.09-06.13.02:856][  0]LogMeshReduction: Using QuadricMeshReduction for automatic static mesh reduction
[2020.03.09-06.13.02:856][  0]LogMeshReduction: Using SimplygonMeshReduction for automatic skeletal mesh reduction
[2020.03.09-06.13.02:857][  0]LogMeshReduction: Using ProxyLODMeshReduction for automatic mesh merging
[2020.03.09-06.13.02:858][  0]LogMeshReduction: No distributed automatic mesh merging module available
[2020.03.09-06.13.02:859][  0]LogMeshMerging: No distributed automatic mesh merging module available
[2020.03.09-06.13.02:865][  0]LogNetVersion: ShooterMultiplayer 1.0.0, NetCL: 8386587, EngineNetVer: 11, GameNetVer: 0 (Checksum: 1778891711)
[2020.03.09-06.13.03:189][  0]SourceControl: Source control is disabled
[2020.03.09-06.13.03:190][  0]SourceControl: Source control is disabled
[2020.03.09-06.13.03:192][  0]SourceControl: Source control is disabled
[2020.03.09-06.13.03:224][  0]LogAndroidPermission: UAndroidPermissionCallbackProxy::GetInstance
[2020.03.09-06.13.03:302][  0]LogOcInput: OculusInput pre-init called
[2020.03.09-06.13.03:314][  0]LogUObjectArray: 49800 objects as part of root set at end of initial load.
[2020.03.09-06.13.03:314][  0]LogUObjectAllocator: 8978264 out of 0 bytes used by permanent object pool.
[2020.03.09-06.13.03:315][  0]LogUObjectArray: CloseDisregardForGC: 0/0 objects in disregard for GC pool
[2020.03.09-06.13.03:355][  0]LogEngine: Initializing Engine...
[2020.03.09-06.13.03:357][  0]LogStats: UGameplayTagsManager::InitializeManager -  0.000 s
[2020.03.09-06.13.03:375][  0]LogInit: Initializing FReadOnlyCVARCache
[2020.03.09-06.13.03:376][  0]LogNetVersion: Set ProjectVersion to 1.0.0.0. Version Checksum will be recalculated on next use.
[2020.03.09-06.13.03:389][  0]LogDerivedDataCache: Saved boot cache 0.01s 5MB C:/Users/Hanson/AppData/Local/UnrealEngine/4.23/DerivedDataCache/Boot.ddc.
[2020.03.09-06.13.03:395][  0]LogInit: Texture streaming: Disabled
[2020.03.09-06.13.03:435][  0]LogInit: Display: Game Engine Initialized.
[2020.03.09-06.13.03:471][  0]LogInit: Display: Starting Game.
[2020.03.09-06.13.03:471][  0]LogNet: Browse: D:\Repos\ShooterMult\ShooterMultiplayer\Content\ThirdPersonCPP\Maps\ThirdPersonExampleMap.umap?Name=Player
[2020.03.09-06.13.03:474][  0]LogLoad: LoadMap: D:\Repos\ShooterMult\ShooterMultiplayer\Content\ThirdPersonCPP\Maps\ThirdPersonExampleMap.umap?Name=Player
[2020.03.09-06.13.03:474][  0]LogWorld: BeginTearingDown for /Temp/Untitled_0
[2020.03.09-06.13.03:477][  0]LogWorld: UWorld::CleanupWorld for Untitled, bSessionEnded=true, bCleanupResources=true
[2020.03.09-06.13.03:503][  0]LogUObjectHash: Compacting FUObjectHashTables data took   2.15ms
[2020.03.09-06.13.03:548][  0]LogPackageName: SearchForPackageOnDisk took   0.045s, but failed to resolve D:\Repos\ShooterMult\ShooterMultiplayer\Content\ThirdPersonCPP\Maps\ThirdPersonExampleMap.umap.
[2020.03.09-06.13.03:548][  0]LogUObjectGlobals: Warning: LoadPackage can't find package D:\Repos\ShooterMult\ShooterMultiplayer\Content\ThirdPersonCPP\Maps\ThirdPersonExampleMap.umap.
[2020.03.09-06.13.03:550][  0]LogLoad: Error: Failed to enter D:\Repos\ShooterMult\ShooterMultiplayer\Content\ThirdPersonCPP\Maps\ThirdPersonExampleMap.umap: Failed to load package 'D:\Repos\ShooterMult\ShooterMultiplayer\Content\ThirdPersonCPP\Maps\ThirdPersonExampleMap.umap'. Please check the log for errors.
[2020.03.09-06.13.17:014][  0]LogNet: Browse: /Engine/Maps/Entry?Name=Player
[2020.03.09-06.13.17:014][  0]LogLoad: LoadMap: /Engine/Maps/Entry?Name=Player
[2020.03.09-06.13.17:039][  0]LogUObjectHash: Compacting FUObjectHashTables data took   0.73ms
[2020.03.09-06.13.17:052][  0]LogAIModule: Creating AISystem for world Entry
[2020.03.09-06.13.17:052][  0]LogLoad: Game class is 'ShooterMultiplayerGameMode'
[2020.03.09-06.13.17:053][  0]LogTemp: Display: ParseSettings for GameNetDriver
[2020.03.09-06.13.17:053][  0]LogTemp: Display: ParseSettings for IpNetDriver_0
[2020.03.09-06.13.17:054][  0]LogTemp: Display: ParseSettings for GameNetDriver
[2020.03.09-06.13.17:054][  0]LogNet: ReplicationDriverClass is null! Not using ReplicationDriver.
[2020.03.09-06.13.17:055][  0]PacketHandlerLog: DDoS detection status: detection enabled: 0 analytics enabled: 0
[2020.03.09-06.13.17:058][  0]LogInit: WinSock: I am DESKTOP-DRDLCI4 (192.168.1.137:0)
[2020.03.09-06.13.17:059][  0]LogInit: WinSock: Socket queue. Rx: 131072 (config 131072) Tx: 131072 (config 131072)
[2020.03.09-06.13.17:060][  0]PacketHandlerLog: Loaded PacketHandler component: Engine.EngineHandlerComponentFactory (StatelessConnectHandlerComponent)
[2020.03.09-06.13.17:061][  0]LogNet: GameNetDriver IpNetDriver_0 IpNetDriver listening on port 7778
[2020.03.09-06.13.17:063][  0]LogWorld: Bringing World /Engine/Maps/Entry.Entry up for play (max tick rate 30) at 2020.03.08-23.13.17
[2020.03.09-06.13.17:063][  0]LogWorld: Bringing up level for play took: 0.000621
[2020.03.09-06.13.17:064][  0]LogLoad: Took 0.049701 seconds to LoadMap(/Engine/Maps/Entry)
[2020.03.09-06.13.17:078][  0]LogLoad: (Engine Initialization) Total time: 17.04 seconds
[2020.03.09-06.13.17:078][  0]LogLoad: (Engine Initialization) Total Blueprint compile time: 0.00 seconds
