Log file open, 03/18/20 01:10:39
LogWindows: Failed to load 'aqProf.dll' (GetLastError=126)
LogWindows: File 'aqProf.dll' does not exist
LogWindows: Failed to load 'VtuneApi.dll' (GetLastError=126)
LogWindows: File 'VtuneApi.dll' does not exist
LogWindows: Failed to load 'VtuneApi32e.dll' (GetLastError=126)
LogWindows: File 'VtuneApi32e.dll' does not exist
LogConsoleResponse: Display: Failed to find resolution value strings in scalability ini. Falling back to default.
LogInit: Display: Running engine for game: ShooterMultiplayer
LogPlatformFile: Not using cached read wrapper
LogTaskGraph: Started task graph with 5 named threads and 35 total threads with 3 sets of task threads.
LogStats: Stats thread started at 0.069200
LogD3D11RHI: Loaded GFSDK_Aftermath_Lib.x64.dll
LogICUInternationalization: ICU TimeZone Detection - Raw Offset: -8:00, Platform Override: ''
LogPluginManager: Mounting plugin Paper2D
LogPluginManager: Mounting plugin AISupport
LogPluginManager: Mounting plugin LightPropagationVolume
LogPluginManager: Mounting plugin ActorLayerUtilities
LogPluginManager: Mounting plugin AnimationSharing
LogPluginManager: Mounting plugin CLionSourceCodeAccess
LogPluginManager: Mounting plugin CodeLiteSourceCodeAccess
LogPluginManager: Mounting plugin GitSourceControl
LogPluginManager: Mounting plugin KDevelopSourceCodeAccess
LogPluginManager: Mounting plugin NullSourceCodeAccess
LogPluginManager: Mounting plugin PerforceSourceControl
LogPluginManager: Mounting plugin SubversionSourceControl
LogPluginManager: Mounting plugin UObjectPlugin
LogPluginManager: Mounting plugin VisualStudioCodeSourceCodeAccess
LogPluginManager: Mounting plugin VisualStudioSourceCodeAccess
LogPluginManager: Mounting plugin XCodeSourceCodeAccess
LogPluginManager: Mounting plugin AssetManagerEditor
LogPluginManager: Mounting plugin CryptoKeys
LogPluginManager: Mounting plugin CurveEditorTools
LogPluginManager: Mounting plugin DataValidation
LogPluginManager: Mounting plugin FacialAnimation
LogPluginManager: Mounting plugin GameplayTagsEditor
LogPluginManager: Mounting plugin MacGraphicsSwitching
LogPluginManager: Mounting plugin MaterialAnalyzer
LogPluginManager: Mounting plugin MobileLauncherProfileWizard
LogPluginManager: Mounting plugin PluginBrowser
LogPluginManager: Mounting plugin SpeedTreeImporter
LogPluginManager: Mounting plugin DatasmithContent
LogPluginManager: Mounting plugin VariantManagerContent
LogPluginManager: Mounting plugin AlembicImporter
LogPluginManager: Mounting plugin AutomationUtils
LogPluginManager: Mounting plugin BackChannel
LogPluginManager: Mounting plugin CharacterAI
LogPluginManager: Mounting plugin GeometryCache
LogPluginManager: Mounting plugin HTML5Networking
LogPluginManager: Mounting plugin PlatformCrypto
LogPluginManager: Mounting plugin ProxyLODPlugin
LogPluginManager: Mounting plugin SkeletalReduction
LogPluginManager: Mounting plugin MagicLeap
LogPluginManager: Mounting plugin MagicLeapMedia
LogPluginManager: Mounting plugin AndroidMedia
LogPluginManager: Mounting plugin AvfMedia
LogPluginManager: Mounting plugin ImgMedia
LogPluginManager: Mounting plugin MediaCompositing
LogPluginManager: Mounting plugin MediaPlayerEditor
LogPluginManager: Mounting plugin WebMMedia
LogPluginManager: Mounting plugin WmfMedia
LogPluginManager: Mounting plugin TcpMessaging
LogPluginManager: Mounting plugin UdpMessaging
LogPluginManager: Mounting plugin ActorSequence
LogPluginManager: Mounting plugin LevelSequenceEditor
LogPluginManager: Mounting plugin MatineeToLevelSequence
LogPluginManager: Mounting plugin NetcodeUnitTest
LogPluginManager: Mounting plugin NUTUnrealEngine4
LogPluginManager: Mounting plugin OnlineSubsystemGooglePlay
LogPluginManager: Mounting plugin OnlineSubsystemIOS
LogPluginManager: Mounting plugin OnlineSubsystem
LogPluginManager: Mounting plugin OnlineSubsystemNull
LogPluginManager: Mounting plugin OnlineSubsystemUtils
LogPluginManager: Mounting plugin LauncherChunkInstaller
LogPluginManager: Mounting plugin AndroidDeviceProfileSelector
LogPluginManager: Mounting plugin AndroidMoviePlayer
LogPluginManager: Mounting plugin AndroidPermission
LogPluginManager: Mounting plugin AppleImageUtils
LogPluginManager: Mounting plugin AppleMoviePlayer
LogPluginManager: Mounting plugin ArchVisCharacter
LogPluginManager: Mounting plugin AudioCapture
LogPluginManager: Mounting plugin CableComponent
LogPluginManager: Mounting plugin CustomMeshComponent
LogPluginManager: Mounting plugin EditableMesh
LogPluginManager: Mounting plugin ExampleDeviceProfileSelector
LogPluginManager: Mounting plugin GoogleCloudMessaging
LogPluginManager: Mounting plugin IOSDeviceProfileSelector
LogPluginManager: Mounting plugin LinuxDeviceProfileSelector
LogPluginManager: Mounting plugin LocationServicesBPLibrary
LogPluginManager: Mounting plugin MobilePatchingUtils
LogPluginManager: Mounting plugin OculusVR
LogPluginManager: Mounting plugin PhysXVehicles
LogPluginManager: Mounting plugin ProceduralMeshComponent
LogPluginManager: Mounting plugin RuntimePhysXCooking
LogPluginManager: Mounting plugin SignificanceManager
LogPluginManager: Mounting plugin SteamVR
LogPluginManager: Mounting plugin WebMMoviePlayer
LogPluginManager: Mounting plugin WindowsMoviePlayer
LogPluginManager: Mounting plugin ScreenshotTools
LogInit: Using libcurl 7.55.1-DEV
LogInit:  - built for x86_64-pc-win32
LogInit:  - supports SSL with OpenSSL/1.1.1
LogInit:  - supports HTTP deflate (compression) using libz 1.2.8
LogInit:  - other features:
LogInit:      CURL_VERSION_SSL
LogInit:      CURL_VERSION_LIBZ
LogInit:      CURL_VERSION_IPV6
LogInit:      CURL_VERSION_ASYNCHDNS
LogInit:      CURL_VERSION_LARGEFILE
LogInit:      CURL_VERSION_IDN
LogInit:  CurlRequestOptions (configurable via config and command line):
LogInit:  - bVerifyPeer = true  - Libcurl will verify peer certificate
LogInit:  - bUseHttpProxy = false  - Libcurl will NOT use HTTP proxy
LogInit:  - bDontReuseConnections = false  - Libcurl will reuse connections
LogInit:  - MaxHostConnections = 16  - Libcurl will limit the number of connections to a host
LogInit:  - LocalHostAddr = Default
LogInit:  - BufferSize = 65536
LogOnline: OSS: Creating online subsystem instance for: NULL
LogInit: WinSock: version 1.1 (2.2), MaxSocks=32767, MaxUdp=65467
LogInit: Build: ++UE4+Release-4.23-CL-9631420
LogInit: Engine Version: 4.23.1-9631420+++UE4+Release-4.23
LogInit: Compatible Engine Version: 4.23.0-8386587+++UE4+Release-4.23
LogInit: Net CL: 8386587
LogInit: OS: Windows 10 (Release 1903) (), CPU: AMD Ryzen 5 2600X Six-Core Processor           , GPU: NVIDIA GeForce GTX 1070
LogInit: Compiled (64-bit): Oct 18 2019 02:07:44
LogInit: Compiled with Visual C++: 19.16.27030.01
LogInit: Build Configuration: Development
LogInit: Branch Name: ++UE4+Release-4.23
LogInit: Command Line: 
LogInit: Base Directory: D:/EpicGame/UE_4.23/Engine/Binaries/Win64/
LogInit: Installed Engine Build: 1
LogDevObjectVersion: Number of dev versions registered: 23
LogDevObjectVersion:   Dev-Blueprints (B0D832E4-1F89-4F0D-ACCF-7EB736FD4AA2): 10
LogDevObjectVersion:   Dev-Build (E1C64328-A22C-4D53-A36C-8E866417BD8C): 0
LogDevObjectVersion:   Dev-Core (375EC13C-06E4-48FB-B500-84F0262A717E): 3
LogDevObjectVersion:   Dev-Editor (E4B068ED-F494-42E9-A231-DA0B2E46BB41): 34
LogDevObjectVersion:   Dev-Framework (CFFC743F-43B0-4480-9391-14DF171D2073): 35
LogDevObjectVersion:   Dev-Mobile (B02B49B5-BB20-44E9-A304-32B752E40360): 2
LogDevObjectVersion:   Dev-Networking (A4E4105C-59A1-49B5-A7C5-40C4547EDFEE): 0
LogDevObjectVersion:   Dev-Online (39C831C9-5AE6-47DC-9A44-9C173E1C8E7C): 0
LogDevObjectVersion:   Dev-Physics (78F01B33-EBEA-4F98-B9B4-84EACCB95AA2): 0
LogDevObjectVersion:   Dev-Platform (6631380F-2D4D-43E0-8009-CF276956A95A): 0
LogDevObjectVersion:   Dev-Rendering (12F88B9F-8875-4AFC-A67C-D90C383ABD29): 31
LogDevObjectVersion:   Dev-Sequencer (7B5AE74C-D270-4C10-A958-57980B212A5A): 11
LogDevObjectVersion:   Dev-VR (D7296918-1DD6-4BDD-9DE2-64A83CC13884): 2
LogDevObjectVersion:   Dev-LoadTimes (C2A15278-BFE7-4AFE-6C17-90FF531DF755): 1
LogDevObjectVersion:   Private-Geometry (6EACA3D4-40EC-4CC1-B786-8BED09428FC5): 3
LogDevObjectVersion:   Dev-AnimPhys (29E575DD-E0A3-4627-9D10-D276232CDCEA): 17
LogDevObjectVersion:   Dev-Anim (AF43A65D-7FD3-4947-9873-3E8ED9C1BB05): 2
LogDevObjectVersion:   Dev-ReflectionCapture (6B266CEC-1EC7-4B8F-A30B-E4D90942FC07): 1
LogDevObjectVersion:   Dev-Automation (0DF73D61-A23F-47EA-B727-89E90C41499A): 1
LogDevObjectVersion:   FortniteMain (601D1886-AC64-4F84-AA16-D3DE0DEAC7D6): 27
LogDevObjectVersion:   Dev-Enterprise (9DFFBCD6-494F-0158-E221-12823C92A888): 6
LogDevObjectVersion:   Dev-Niagara (F2AED0AC-9AFE-416F-8664-AA7FFA26D6FC): 1
LogDevObjectVersion:   Dev-Destruction (174F1F0B-B4C6-45A5-B13F-2EE8D0FB917D): 9
LogInit: Presizing for max 16777216 objects, including 0 objects not considered by GC, pre-allocating 0 bytes for permanent pool.
LogInit: Object subsystem initialized
LogConfig: Setting CVar [[con.DebugEarlyDefault:1]]
LogConfig: Setting CVar [[r.setres:1280x720]]
[2020.03.18-08.10.39:231][  0]LogConfig: Setting CVar [[r.VSync:0]]
[2020.03.18-08.10.39:231][  0]LogConfig: Setting CVar [[r.RHICmdBypass:0]]
[2020.03.18-08.10.39:231][  0]LogConfig: Applying CVar settings from Section [/Script/Engine.RendererSettings] File [D:/Repos/ShooterMult/ShooterMultiplayer/Saved/Config/Windows/Engine.ini]
[2020.03.18-08.10.39:231][  0]LogConfig: Setting CVar [[r.GPUCrashDebugging:0]]
[2020.03.18-08.10.39:231][  0]LogConfig: Applying CVar settings from Section [/Script/Engine.RendererOverrideSettings] File [D:/Repos/ShooterMult/ShooterMultiplayer/Saved/Config/Windows/Engine.ini]
[2020.03.18-08.10.39:231][  0]LogConfig: Applying CVar settings from Section [/Script/Engine.StreamingSettings] File [D:/Repos/ShooterMult/ShooterMultiplayer/Saved/Config/Windows/Engine.ini]
[2020.03.18-08.10.39:231][  0]LogConfig: Setting CVar [[s.MinBulkDataSizeForAsyncLoading:131072]]
[2020.03.18-08.10.39:231][  0]LogConfig: Setting CVar [[s.AsyncLoadingThreadEnabled:0]]
[2020.03.18-08.10.39:231][  0]LogConfig: Setting CVar [[s.EventDrivenLoaderEnabled:1]]
[2020.03.18-08.10.39:231][  0]LogConfig: Setting CVar [[s.WarnIfTimeLimitExceeded:0]]
[2020.03.18-08.10.39:231][  0]LogConfig: Setting CVar [[s.TimeLimitExceededMultiplier:1.5]]
[2020.03.18-08.10.39:231][  0]LogConfig: Setting CVar [[s.TimeLimitExceededMinTime:0.005]]
[2020.03.18-08.10.39:231][  0]LogConfig: Setting CVar [[s.UseBackgroundLevelStreaming:1]]
[2020.03.18-08.10.39:231][  0]LogConfig: Setting CVar [[s.PriorityAsyncLoadingExtraTime:15.0]]
[2020.03.18-08.10.39:231][  0]LogConfig: Setting CVar [[s.LevelStreamingActorsUpdateTimeLimit:5.0]]
[2020.03.18-08.10.39:231][  0]LogConfig: Setting CVar [[s.PriorityLevelStreamingActorsUpdateExtraTime:5.0]]
[2020.03.18-08.10.39:231][  0]LogConfig: Setting CVar [[s.LevelStreamingComponentsRegistrationGranularity:10]]
[2020.03.18-08.10.39:231][  0]LogConfig: Setting CVar [[s.UnregisterComponentsTimeLimit:1.0]]
[2020.03.18-08.10.39:231][  0]LogConfig: Setting CVar [[s.LevelStreamingComponentsUnregistrationGranularity:5]]
[2020.03.18-08.10.39:232][  0]LogConfig: Applying CVar settings from Section [/Script/Engine.GarbageCollectionSettings] File [D:/Repos/ShooterMult/ShooterMultiplayer/Saved/Config/Windows/Engine.ini]
[2020.03.18-08.10.39:232][  0]LogConfig: Setting CVar [[gc.MaxObjectsNotConsideredByGC:1]]
[2020.03.18-08.10.39:232][  0]LogConfig: Setting CVar [[gc.SizeOfPermanentObjectPool:0]]
[2020.03.18-08.10.39:232][  0]LogConfig: Setting CVar [[gc.FlushStreamingOnGC:0]]
[2020.03.18-08.10.39:232][  0]LogConfig: Setting CVar [[gc.NumRetriesBeforeForcingGC:10]]
[2020.03.18-08.10.39:232][  0]LogConfig: Setting CVar [[gc.AllowParallelGC:1]]
[2020.03.18-08.10.39:232][  0]LogConfig: Setting CVar [[gc.TimeBetweenPurgingPendingKillObjects:61.1]]
[2020.03.18-08.10.39:232][  0]LogConfig: Setting CVar [[gc.MaxObjectsInEditor:16777216]]
[2020.03.18-08.10.39:232][  0]LogConfig: Setting CVar [[gc.IncrementalBeginDestroyEnabled:1]]
[2020.03.18-08.10.39:232][  0]LogConfig: Setting CVar [[gc.CreateGCClusters:1]]
[2020.03.18-08.10.39:232][  0]LogConfig: Setting CVar [[gc.MinGCClusterSize:5]]
[2020.03.18-08.10.39:232][  0]LogConfig: Setting CVar [[gc.ActorClusteringEnabled:0]]
[2020.03.18-08.10.39:232][  0]LogConfig: Setting CVar [[gc.BlueprintClusteringEnabled:0]]
[2020.03.18-08.10.39:232][  0]LogConfig: Setting CVar [[gc.UseDisregardForGCOnDedicatedServers:0]]
[2020.03.18-08.10.39:232][  0]LogConfig: Applying CVar settings from Section [/Script/Engine.NetworkSettings] File [D:/Repos/ShooterMult/ShooterMultiplayer/Saved/Config/Windows/Engine.ini]
[2020.03.18-08.10.39:232][  0]LogConfig: Applying CVar settings from Section [/Script/UnrealEd.CookerSettings] File [D:/Repos/ShooterMult/ShooterMultiplayer/Saved/Config/Windows/Engine.ini]
[2020.03.18-08.10.39:236][  0]LogConfig: Applying CVar settings from Section [ViewDistanceQuality@3] File [D:/Repos/ShooterMult/ShooterMultiplayer/Saved/Config/Windows/Scalability.ini]
[2020.03.18-08.10.39:236][  0]LogConfig: Setting CVar [[r.SkeletalMeshLODBias:0]]
[2020.03.18-08.10.39:236][  0]LogConfig: Setting CVar [[r.ViewDistanceScale:1.0]]
[2020.03.18-08.10.39:236][  0]LogConfig: Applying CVar settings from Section [AntiAliasingQuality@3] File [D:/Repos/ShooterMult/ShooterMultiplayer/Saved/Config/Windows/Scalability.ini]
[2020.03.18-08.10.39:236][  0]LogConfig: Setting CVar [[r.PostProcessAAQuality:4]]
[2020.03.18-08.10.39:236][  0]LogConfig: Applying CVar settings from Section [ShadowQuality@3] File [D:/Repos/ShooterMult/ShooterMultiplayer/Saved/Config/Windows/Scalability.ini]
[2020.03.18-08.10.39:236][  0]LogConfig: Setting CVar [[r.LightFunctionQuality:1]]
[2020.03.18-08.10.39:236][  0]LogConfig: Setting CVar [[r.ShadowQuality:5]]
[2020.03.18-08.10.39:236][  0]LogConfig: Setting CVar [[r.Shadow.CSM.MaxCascades:10]]
[2020.03.18-08.10.39:236][  0]LogConfig: Setting CVar [[r.Shadow.MaxResolution:2048]]
[2020.03.18-08.10.39:236][  0]LogConfig: Setting CVar [[r.Shadow.MaxCSMResolution:2048]]
[2020.03.18-08.10.39:236][  0]LogConfig: Setting CVar [[r.Shadow.RadiusThreshold:0.01]]
[2020.03.18-08.10.39:236][  0]LogConfig: Setting CVar [[r.Shadow.DistanceScale:1.0]]
[2020.03.18-08.10.39:236][  0]LogConfig: Setting CVar [[r.Shadow.CSM.TransitionScale:1.0]]
[2020.03.18-08.10.39:236][  0]LogConfig: Setting CVar [[r.Shadow.PreShadowResolutionFactor:1.0]]
[2020.03.18-08.10.39:236][  0]LogConfig: Setting CVar [[r.DistanceFieldShadowing:1]]
[2020.03.18-08.10.39:236][  0]LogConfig: Setting CVar [[r.DistanceFieldAO:1]]
[2020.03.18-08.10.39:236][  0]LogConfig: Setting CVar [[r.AOQuality:2]]
[2020.03.18-08.10.39:236][  0]LogConfig: Setting CVar [[r.VolumetricFog:1]]
[2020.03.18-08.10.39:237][  0]LogConfig: Setting CVar [[r.VolumetricFog.GridPixelSize:8]]
[2020.03.18-08.10.39:237][  0]LogConfig: Setting CVar [[r.VolumetricFog.GridSizeZ:128]]
[2020.03.18-08.10.39:237][  0]LogConfig: Setting CVar [[r.VolumetricFog.HistoryMissSupersampleCount:4]]
[2020.03.18-08.10.39:237][  0]LogConfig: Setting CVar [[r.LightMaxDrawDistanceScale:1]]
[2020.03.18-08.10.39:237][  0]LogConfig: Setting CVar [[r.CapsuleShadows:1]]
[2020.03.18-08.10.39:237][  0]LogConfig: Applying CVar settings from Section [PostProcessQuality@3] File [D:/Repos/ShooterMult/ShooterMultiplayer/Saved/Config/Windows/Scalability.ini]
[2020.03.18-08.10.39:237][  0]LogConfig: Setting CVar [[r.MotionBlurQuality:4]]
[2020.03.18-08.10.39:237][  0]LogConfig: Setting CVar [[r.AmbientOcclusionMipLevelFactor:0.4]]
[2020.03.18-08.10.39:237][  0]LogConfig: Setting CVar [[r.AmbientOcclusionMaxQuality:100]]
[2020.03.18-08.10.39:237][  0]LogConfig: Setting CVar [[r.AmbientOcclusionLevels:-1]]
[2020.03.18-08.10.39:237][  0]LogConfig: Setting CVar [[r.AmbientOcclusionRadiusScale:1.0]]
[2020.03.18-08.10.39:237][  0]LogConfig: Setting CVar [[r.DepthOfFieldQuality:2]]
[2020.03.18-08.10.39:237][  0]LogConfig: Setting CVar [[r.RenderTargetPoolMin:400]]
[2020.03.18-08.10.39:237][  0]LogConfig: Setting CVar [[r.LensFlareQuality:2]]
[2020.03.18-08.10.39:237][  0]LogConfig: Setting CVar [[r.SceneColorFringeQuality:1]]
[2020.03.18-08.10.39:237][  0]LogConfig: Setting CVar [[r.EyeAdaptationQuality:2]]
[2020.03.18-08.10.39:237][  0]LogConfig: Setting CVar [[r.BloomQuality:5]]
[2020.03.18-08.10.39:237][  0]LogConfig: Setting CVar [[r.FastBlurThreshold:100]]
[2020.03.18-08.10.39:237][  0]LogConfig: Setting CVar [[r.Upscale.Quality:3]]
[2020.03.18-08.10.39:237][  0]LogConfig: Setting CVar [[r.Tonemapper.GrainQuantization:1]]
[2020.03.18-08.10.39:237][  0]LogConfig: Setting CVar [[r.LightShaftQuality:1]]
[2020.03.18-08.10.39:237][  0]LogConfig: Setting CVar [[r.Filter.SizeScale:1]]
[2020.03.18-08.10.39:237][  0]LogConfig: Setting CVar [[r.Tonemapper.Quality:5]]
[2020.03.18-08.10.39:237][  0]LogConfig: Setting CVar [[r.DOF.Gather.AccumulatorQuality:1        ; higher gathering accumulator quality]]
[2020.03.18-08.10.39:237][  0]LogConfig: Setting CVar [[r.DOF.Gather.PostfilterMethod:1          ; Median3x3 postfilering method]]
[2020.03.18-08.10.39:237][  0]LogConfig: Setting CVar [[r.DOF.Gather.EnableBokehSettings:0       ; no bokeh simulation when gathering]]
[2020.03.18-08.10.39:237][  0]LogConfig: Setting CVar [[r.DOF.Gather.RingCount:4                 ; medium number of samples when gathering]]
[2020.03.18-08.10.39:237][  0]LogConfig: Setting CVar [[r.DOF.Scatter.ForegroundCompositing:1    ; additive foreground scattering]]
[2020.03.18-08.10.39:237][  0]LogConfig: Setting CVar [[r.DOF.Scatter.BackgroundCompositing:2    ; additive background scattering]]
[2020.03.18-08.10.39:237][  0]LogConfig: Setting CVar [[r.DOF.Scatter.EnableBokehSettings:1      ; bokeh simulation when scattering]]
[2020.03.18-08.10.39:237][  0]LogConfig: Setting CVar [[r.DOF.Scatter.MaxSpriteRatio:0.1         ; only a maximum of 10% of scattered bokeh]]
[2020.03.18-08.10.39:237][  0]LogConfig: Setting CVar [[r.DOF.Recombine.Quality:1                ; cheap slight out of focus]]
[2020.03.18-08.10.39:237][  0]LogConfig: Setting CVar [[r.DOF.Recombine.EnableBokehSettings:0    ; no bokeh simulation on slight out of focus]]
[2020.03.18-08.10.39:237][  0]LogConfig: Setting CVar [[r.DOF.TemporalAAQuality:1                ; more stable temporal accumulation]]
[2020.03.18-08.10.39:237][  0]LogConfig: Setting CVar [[r.DOF.Kernel.MaxForegroundRadius:0.025]]
[2020.03.18-08.10.39:237][  0]LogConfig: Setting CVar [[r.DOF.Kernel.MaxBackgroundRadius:0.025]]
[2020.03.18-08.10.39:237][  0]LogConfig: Applying CVar settings from Section [TextureQuality@3] File [D:/Repos/ShooterMult/ShooterMultiplayer/Saved/Config/Windows/Scalability.ini]
[2020.03.18-08.10.39:237][  0]LogConfig: Setting CVar [[r.Streaming.MipBias:0]]
[2020.03.18-08.10.39:237][  0]LogConfig: Setting CVar [[r.Streaming.AmortizeCPUToGPUCopy:0]]
[2020.03.18-08.10.39:237][  0]LogConfig: Setting CVar [[r.Streaming.MaxNumTexturesToStreamPerFrame:0]]
[2020.03.18-08.10.39:237][  0]LogConfig: Setting CVar [[r.Streaming.Boost:1]]
[2020.03.18-08.10.39:237][  0]LogConfig: Setting CVar [[r.MaxAnisotropy:8]]
[2020.03.18-08.10.39:237][  0]LogConfig: Setting CVar [[r.Streaming.LimitPoolSizeToVRAM:0]]
[2020.03.18-08.10.39:237][  0]LogConfig: Setting CVar [[r.Streaming.PoolSize:1000]]
[2020.03.18-08.10.39:237][  0]LogConfig: Setting CVar [[r.Streaming.MaxEffectiveScreenSize:0]]
[2020.03.18-08.10.39:237][  0]LogConfig: Applying CVar settings from Section [EffectsQuality@3] File [D:/Repos/ShooterMult/ShooterMultiplayer/Saved/Config/Windows/Scalability.ini]
[2020.03.18-08.10.39:237][  0]LogConfig: Setting CVar [[r.TranslucencyLightingVolumeDim:64]]
[2020.03.18-08.10.39:237][  0]LogConfig: Setting CVar [[r.RefractionQuality:2]]
[2020.03.18-08.10.39:237][  0]LogConfig: Setting CVar [[r.SSR.Quality:3]]
[2020.03.18-08.10.39:237][  0]LogConfig: Setting CVar [[r.SceneColorFormat:4]]
[2020.03.18-08.10.39:237][  0]LogConfig: Setting CVar [[r.DetailMode:2]]
[2020.03.18-08.10.39:237][  0]LogConfig: Setting CVar [[r.TranslucencyVolumeBlur:1]]
[2020.03.18-08.10.39:237][  0]LogConfig: Setting CVar [[r.MaterialQualityLevel:1 ; High quality]]
[2020.03.18-08.10.39:237][  0]LogConfig: Setting CVar [[r.SSS.Scale:1]]
[2020.03.18-08.10.39:237][  0]LogConfig: Setting CVar [[r.SSS.SampleSet:2]]
[2020.03.18-08.10.39:237][  0]LogConfig: Setting CVar [[r.SSS.Quality:1]]
[2020.03.18-08.10.39:237][  0]LogConfig: Setting CVar [[r.SSS.HalfRes:1]]
[2020.03.18-08.10.39:237][  0]LogConfig: Setting CVar [[r.EmitterSpawnRateScale:1.0]]
[2020.03.18-08.10.39:237][  0]LogConfig: Setting CVar [[r.ParticleLightQuality:2]]
[2020.03.18-08.10.39:237][  0]LogConfig: Applying CVar settings from Section [FoliageQuality@3] File [D:/Repos/ShooterMult/ShooterMultiplayer/Saved/Config/Windows/Scalability.ini]
[2020.03.18-08.10.39:237][  0]LogConfig: Setting CVar [[foliage.DensityScale:1.0]]
[2020.03.18-08.10.39:237][  0]LogConfig: Setting CVar [[grass.DensityScale:1.0]]
[2020.03.18-08.10.39:237][  0]LogInit: Selected Device Profile: [Windows]
[2020.03.18-08.10.39:237][  0]LogInit: Applying CVar settings loaded from the selected device profile: [Windows]
[2020.03.18-08.10.39:240][  0]LogHAL: Display: Platform has ~ 16 GB [17102417920 / 17179869184 / 16], which maps to Larger [LargestMinGB=32, LargerMinGB=12, DefaultMinGB=8, SmallerMinGB=6, SmallestMinGB=0)
[2020.03.18-08.10.39:240][  0]LogInit: Going up to parent DeviceProfile []
[2020.03.18-08.10.39:240][  0]LogConfig: Applying CVar settings from Section [ViewDistanceQuality@3] File [D:/Repos/ShooterMult/ShooterMultiplayer/Saved/Config/Windows/Scalability.ini]
[2020.03.18-08.10.39:240][  0]LogConfig: Setting CVar [[r.SkeletalMeshLODBias:0]]
[2020.03.18-08.10.39:240][  0]LogConfig: Setting CVar [[r.ViewDistanceScale:1.0]]
[2020.03.18-08.10.39:240][  0]LogConfig: Applying CVar settings from Section [AntiAliasingQuality@3] File [D:/Repos/ShooterMult/ShooterMultiplayer/Saved/Config/Windows/Scalability.ini]
[2020.03.18-08.10.39:240][  0]LogConfig: Setting CVar [[r.PostProcessAAQuality:4]]
[2020.03.18-08.10.39:240][  0]LogConfig: Applying CVar settings from Section [ShadowQuality@3] File [D:/Repos/ShooterMult/ShooterMultiplayer/Saved/Config/Windows/Scalability.ini]
[2020.03.18-08.10.39:240][  0]LogConfig: Setting CVar [[r.LightFunctionQuality:1]]
[2020.03.18-08.10.39:240][  0]LogConfig: Setting CVar [[r.ShadowQuality:5]]
[2020.03.18-08.10.39:240][  0]LogConfig: Setting CVar [[r.Shadow.CSM.MaxCascades:10]]
[2020.03.18-08.10.39:240][  0]LogConfig: Setting CVar [[r.Shadow.MaxResolution:2048]]
[2020.03.18-08.10.39:240][  0]LogConfig: Setting CVar [[r.Shadow.MaxCSMResolution:2048]]
[2020.03.18-08.10.39:240][  0]LogConfig: Setting CVar [[r.Shadow.RadiusThreshold:0.01]]
[2020.03.18-08.10.39:240][  0]LogConfig: Setting CVar [[r.Shadow.DistanceScale:1.0]]
[2020.03.18-08.10.39:240][  0]LogConfig: Setting CVar [[r.Shadow.CSM.TransitionScale:1.0]]
[2020.03.18-08.10.39:240][  0]LogConfig: Setting CVar [[r.Shadow.PreShadowResolutionFactor:1.0]]
[2020.03.18-08.10.39:240][  0]LogConfig: Setting CVar [[r.DistanceFieldShadowing:1]]
[2020.03.18-08.10.39:240][  0]LogConfig: Setting CVar [[r.DistanceFieldAO:1]]
[2020.03.18-08.10.39:240][  0]LogConfig: Setting CVar [[r.AOQuality:2]]
[2020.03.18-08.10.39:240][  0]LogConfig: Setting CVar [[r.VolumetricFog:1]]
[2020.03.18-08.10.39:240][  0]LogConfig: Setting CVar [[r.VolumetricFog.GridPixelSize:8]]
[2020.03.18-08.10.39:240][  0]LogConfig: Setting CVar [[r.VolumetricFog.GridSizeZ:128]]
[2020.03.18-08.10.39:240][  0]LogConfig: Setting CVar [[r.VolumetricFog.HistoryMissSupersampleCount:4]]
[2020.03.18-08.10.39:240][  0]LogConfig: Setting CVar [[r.LightMaxDrawDistanceScale:1]]
[2020.03.18-08.10.39:240][  0]LogConfig: Setting CVar [[r.CapsuleShadows:1]]
[2020.03.18-08.10.39:240][  0]LogConfig: Applying CVar settings from Section [PostProcessQuality@3] File [D:/Repos/ShooterMult/ShooterMultiplayer/Saved/Config/Windows/Scalability.ini]
[2020.03.18-08.10.39:240][  0]LogConfig: Setting CVar [[r.MotionBlurQuality:4]]
[2020.03.18-08.10.39:240][  0]LogConfig: Setting CVar [[r.AmbientOcclusionMipLevelFactor:0.4]]
[2020.03.18-08.10.39:240][  0]LogConfig: Setting CVar [[r.AmbientOcclusionMaxQuality:100]]
[2020.03.18-08.10.39:241][  0]LogConfig: Setting CVar [[r.AmbientOcclusionLevels:-1]]
[2020.03.18-08.10.39:241][  0]LogConfig: Setting CVar [[r.AmbientOcclusionRadiusScale:1.0]]
[2020.03.18-08.10.39:241][  0]LogConfig: Setting CVar [[r.DepthOfFieldQuality:2]]
[2020.03.18-08.10.39:241][  0]LogConfig: Setting CVar [[r.RenderTargetPoolMin:400]]
[2020.03.18-08.10.39:241][  0]LogConfig: Setting CVar [[r.LensFlareQuality:2]]
[2020.03.18-08.10.39:241][  0]LogConfig: Setting CVar [[r.SceneColorFringeQuality:1]]
[2020.03.18-08.10.39:241][  0]LogConfig: Setting CVar [[r.EyeAdaptationQuality:2]]
[2020.03.18-08.10.39:241][  0]LogConfig: Setting CVar [[r.BloomQuality:5]]
[2020.03.18-08.10.39:241][  0]LogConfig: Setting CVar [[r.FastBlurThreshold:100]]
[2020.03.18-08.10.39:241][  0]LogConfig: Setting CVar [[r.Upscale.Quality:3]]
[2020.03.18-08.10.39:241][  0]LogConfig: Setting CVar [[r.Tonemapper.GrainQuantization:1]]
[2020.03.18-08.10.39:241][  0]LogConfig: Setting CVar [[r.LightShaftQuality:1]]
[2020.03.18-08.10.39:241][  0]LogConfig: Setting CVar [[r.Filter.SizeScale:1]]
[2020.03.18-08.10.39:241][  0]LogConfig: Setting CVar [[r.Tonemapper.Quality:5]]
[2020.03.18-08.10.39:241][  0]LogConfig: Setting CVar [[r.DOF.Gather.AccumulatorQuality:1        ; higher gathering accumulator quality]]
[2020.03.18-08.10.39:241][  0]LogConfig: Setting CVar [[r.DOF.Gather.PostfilterMethod:1          ; Median3x3 postfilering method]]
[2020.03.18-08.10.39:241][  0]LogConfig: Setting CVar [[r.DOF.Gather.EnableBokehSettings:0       ; no bokeh simulation when gathering]]
[2020.03.18-08.10.39:241][  0]LogConfig: Setting CVar [[r.DOF.Gather.RingCount:4                 ; medium number of samples when gathering]]
[2020.03.18-08.10.39:241][  0]LogConfig: Setting CVar [[r.DOF.Scatter.ForegroundCompositing:1    ; additive foreground scattering]]
[2020.03.18-08.10.39:241][  0]LogConfig: Setting CVar [[r.DOF.Scatter.BackgroundCompositing:2    ; additive background scattering]]
[2020.03.18-08.10.39:241][  0]LogConfig: Setting CVar [[r.DOF.Scatter.EnableBokehSettings:1      ; bokeh simulation when scattering]]
[2020.03.18-08.10.39:241][  0]LogConfig: Setting CVar [[r.DOF.Scatter.MaxSpriteRatio:0.1         ; only a maximum of 10% of scattered bokeh]]
[2020.03.18-08.10.39:241][  0]LogConfig: Setting CVar [[r.DOF.Recombine.Quality:1                ; cheap slight out of focus]]
[2020.03.18-08.10.39:241][  0]LogConfig: Setting CVar [[r.DOF.Recombine.EnableBokehSettings:0    ; no bokeh simulation on slight out of focus]]
[2020.03.18-08.10.39:241][  0]LogConfig: Setting CVar [[r.DOF.TemporalAAQuality:1                ; more stable temporal accumulation]]
[2020.03.18-08.10.39:241][  0]LogConfig: Setting CVar [[r.DOF.Kernel.MaxForegroundRadius:0.025]]
[2020.03.18-08.10.39:241][  0]LogConfig: Setting CVar [[r.DOF.Kernel.MaxBackgroundRadius:0.025]]
[2020.03.18-08.10.39:241][  0]LogConfig: Applying CVar settings from Section [TextureQuality@3] File [D:/Repos/ShooterMult/ShooterMultiplayer/Saved/Config/Windows/Scalability.ini]
[2020.03.18-08.10.39:241][  0]LogConfig: Setting CVar [[r.Streaming.MipBias:0]]
[2020.03.18-08.10.39:241][  0]LogConfig: Setting CVar [[r.Streaming.AmortizeCPUToGPUCopy:0]]
[2020.03.18-08.10.39:241][  0]LogConfig: Setting CVar [[r.Streaming.MaxNumTexturesToStreamPerFrame:0]]
[2020.03.18-08.10.39:241][  0]LogConfig: Setting CVar [[r.Streaming.Boost:1]]
[2020.03.18-08.10.39:241][  0]LogConfig: Setting CVar [[r.MaxAnisotropy:8]]
[2020.03.18-08.10.39:241][  0]LogConfig: Setting CVar [[r.Streaming.LimitPoolSizeToVRAM:0]]
[2020.03.18-08.10.39:241][  0]LogConfig: Setting CVar [[r.Streaming.PoolSize:1000]]
[2020.03.18-08.10.39:241][  0]LogConfig: Setting CVar [[r.Streaming.MaxEffectiveScreenSize:0]]
[2020.03.18-08.10.39:241][  0]LogConfig: Applying CVar settings from Section [EffectsQuality@3] File [D:/Repos/ShooterMult/ShooterMultiplayer/Saved/Config/Windows/Scalability.ini]
[2020.03.18-08.10.39:241][  0]LogConfig: Setting CVar [[r.TranslucencyLightingVolumeDim:64]]
[2020.03.18-08.10.39:241][  0]LogConfig: Setting CVar [[r.RefractionQuality:2]]
[2020.03.18-08.10.39:241][  0]LogConfig: Setting CVar [[r.SSR.Quality:3]]
[2020.03.18-08.10.39:241][  0]LogConfig: Setting CVar [[r.SceneColorFormat:4]]
[2020.03.18-08.10.39:241][  0]LogConfig: Setting CVar [[r.DetailMode:2]]
[2020.03.18-08.10.39:241][  0]LogConfig: Setting CVar [[r.TranslucencyVolumeBlur:1]]
[2020.03.18-08.10.39:241][  0]LogConfig: Setting CVar [[r.MaterialQualityLevel:1 ; High quality]]
[2020.03.18-08.10.39:241][  0]LogConfig: Setting CVar [[r.SSS.Scale:1]]
[2020.03.18-08.10.39:241][  0]LogConfig: Setting CVar [[r.SSS.SampleSet:2]]
[2020.03.18-08.10.39:241][  0]LogConfig: Setting CVar [[r.SSS.Quality:1]]
[2020.03.18-08.10.39:241][  0]LogConfig: Setting CVar [[r.SSS.HalfRes:1]]
[2020.03.18-08.10.39:241][  0]LogConfig: Setting CVar [[r.EmitterSpawnRateScale:1.0]]
[2020.03.18-08.10.39:241][  0]LogConfig: Setting CVar [[r.ParticleLightQuality:2]]
[2020.03.18-08.10.39:241][  0]LogConfig: Applying CVar settings from Section [FoliageQuality@3] File [D:/Repos/ShooterMult/ShooterMultiplayer/Saved/Config/Windows/Scalability.ini]
[2020.03.18-08.10.39:241][  0]LogConfig: Setting CVar [[foliage.DensityScale:1.0]]
[2020.03.18-08.10.39:241][  0]LogConfig: Setting CVar [[grass.DensityScale:1.0]]
[2020.03.18-08.10.39:241][  0]LogConfig: Applying CVar settings from Section [Startup] File [../../../Engine/Config/ConsoleVariables.ini]
[2020.03.18-08.10.39:241][  0]LogConfig: Setting CVar [[net.UseAdaptiveNetUpdateFrequency:0]]
[2020.03.18-08.10.39:241][  0]LogConfig: Setting CVar [[p.chaos.AllowCreatePhysxBodies:1]]
[2020.03.18-08.10.39:241][  0]LogConfig: Applying CVar settings from Section [ConsoleVariables] File [D:/Repos/ShooterMult/ShooterMultiplayer/Saved/Config/Windows/Engine.ini]
[2020.03.18-08.10.39:242][  0]LogInit: Computer: DESKTOP-DRDLCI4
[2020.03.18-08.10.39:242][  0]LogInit: User: Hanson
[2020.03.18-08.10.39:242][  0]LogInit: CPU Page size=4096, Cores=6
[2020.03.18-08.10.39:242][  0]LogInit: High frequency timer resolution =10.000000 MHz
[2020.03.18-08.10.39:242][  0]LogMemory: Memory total: Physical=15.9GB (16GB approx)
[2020.03.18-08.10.39:242][  0]LogMemory: Platform Memory Stats for Windows
[2020.03.18-08.10.39:242][  0]LogMemory: Process Physical Memory: 102.71 MB used, 102.71 MB peak
[2020.03.18-08.10.39:242][  0]LogMemory: Process Virtual Memory: 100.00 MB used, 100.00 MB peak
[2020.03.18-08.10.39:242][  0]LogMemory: Physical Memory: 9134.78 MB used,  7175.36 MB free, 16310.14 MB total
[2020.03.18-08.10.39:242][  0]LogMemory: Virtual Memory: 4685.15 MB used,  134213040.00 MB free, 134217728.00 MB total
[2020.03.18-08.10.39:244][  0]LogWindows: WindowsPlatformFeatures enabled
[2020.03.18-08.10.39:268][  0]LogInit: Using OS detected language (en-US).
[2020.03.18-08.10.39:268][  0]LogInit: Using OS detected locale (en-US).
[2020.03.18-08.10.39:268][  0]LogTextLocalizationManager: No specific localization for 'en-US' exists, so the 'en' localization will be used.
[2020.03.18-08.10.39:438][  0]LogInit: Setting process to per monitor DPI aware
[2020.03.18-08.10.39:497][  0]LogSlate: New Slate User Created.  User Index 0, Is Virtual User: 0
[2020.03.18-08.10.39:497][  0]LogSlate: Slate User Registered.  User Index 0, Is Virtual User: 0
[2020.03.18-08.10.40:675][  0]LogHMD: Failed to initialize OpenVR with code 110
[2020.03.18-08.10.40:676][  0]LogD3D11RHI: D3D11 adapters:
[2020.03.18-08.10.40:740][  0]LogD3D11RHI:    0. 'NVIDIA GeForce GTX 1070' (Feature Level 11_0)
[2020.03.18-08.10.40:740][  0]LogD3D11RHI:       8088/0/8155 MB DedicatedVideo/DedicatedSystem/SharedSystem, Outputs:2, VendorId:0x10de
[2020.03.18-08.10.40:743][  0]LogD3D11RHI:    1. 'Microsoft Basic Render Driver' (Feature Level 11_0)
[2020.03.18-08.10.40:743][  0]LogD3D11RHI:       0/0/8155 MB DedicatedVideo/DedicatedSystem/SharedSystem, Outputs:0, VendorId:0x1414
[2020.03.18-08.10.40:743][  0]LogD3D11RHI: Chosen D3D11 Adapter: 0
[2020.03.18-08.10.40:754][  0]LogD3D11RHI: Creating new Direct3DDevice
[2020.03.18-08.10.40:755][  0]LogD3D11RHI:     GPU DeviceId: 0x1b81 (for the marketing name, search the web for "GPU Device Id")
[2020.03.18-08.10.40:755][  0]LogWindows: EnumDisplayDevices:
[2020.03.18-08.10.40:755][  0]LogWindows:    0. 'NVIDIA GeForce GTX 1070' (P:1 D:1)
[2020.03.18-08.10.40:755][  0]LogWindows:    1. 'NVIDIA GeForce GTX 1070' (P:0 D:1)
[2020.03.18-08.10.40:755][  0]LogWindows:    2. 'NVIDIA GeForce GTX 1070' (P:0 D:0)
[2020.03.18-08.10.40:756][  0]LogWindows:    3. 'NVIDIA GeForce GTX 1070' (P:0 D:0)
[2020.03.18-08.10.40:756][  0]LogWindows: DebugString: FoundDriverCount:4 
[2020.03.18-08.10.40:756][  0]LogD3D11RHI:     Adapter Name: NVIDIA GeForce GTX 1070
[2020.03.18-08.10.40:756][  0]LogD3D11RHI:   Driver Version: 432.00 (internal:26.21.14.3200, unified:432.00)
[2020.03.18-08.10.40:756][  0]LogD3D11RHI:      Driver Date: 7-24-2019
[2020.03.18-08.10.40:756][  0]LogRHI: Texture pool is 5661 MB (70% of 8088 MB)
[2020.03.18-08.10.40:813][  0]LogD3D11RHI: Async texture creation enabled
[2020.03.18-08.10.40:857][  0]LogD3D11RHI: GPU Timing Frequency: 1000.000000 (Debug: 2 1)
[2020.03.18-08.10.41:280][  0]LogTemp: Display: Module 'AllDesktopTargetPlatform' loaded TargetPlatform 'AllDesktop'
[2020.03.18-08.10.41:289][  0]LogTemp: Display: Module 'MacClientTargetPlatform' loaded TargetPlatform 'MacClient'
[2020.03.18-08.10.41:297][  0]LogTemp: Display: Module 'MacNoEditorTargetPlatform' loaded TargetPlatform 'MacNoEditor'
[2020.03.18-08.10.41:306][  0]LogTemp: Display: Module 'MacServerTargetPlatform' loaded TargetPlatform 'MacServer'
[2020.03.18-08.10.41:319][  0]LogTemp: Display: Module 'MacTargetPlatform' loaded TargetPlatform 'Mac'
[2020.03.18-08.10.41:328][  0]LogTemp: Display: Module 'WindowsClientTargetPlatform' loaded TargetPlatform 'WindowsClient'
[2020.03.18-08.10.41:336][  0]LogTemp: Display: Module 'WindowsNoEditorTargetPlatform' loaded TargetPlatform 'WindowsNoEditor'
[2020.03.18-08.10.41:345][  0]LogTemp: Display: Module 'WindowsServerTargetPlatform' loaded TargetPlatform 'WindowsServer'
[2020.03.18-08.10.41:349][  0]LogTemp: Display: Module 'WindowsTargetPlatform' loaded TargetPlatform 'Windows'
[2020.03.18-08.10.41:395][  0]LogTemp: Display: Module 'AndroidTargetPlatform' loaded TargetPlatform 'Android'
[2020.03.18-08.10.41:395][  0]LogTemp: Display: Module 'AndroidTargetPlatform' loaded TargetPlatform 'Android_ASTC'
[2020.03.18-08.10.41:395][  0]LogTemp: Display: Module 'AndroidTargetPlatform' loaded TargetPlatform 'Android_ATC'
[2020.03.18-08.10.41:395][  0]LogTemp: Display: Module 'AndroidTargetPlatform' loaded TargetPlatform 'Android_DXT'
[2020.03.18-08.10.41:395][  0]LogTemp: Display: Module 'AndroidTargetPlatform' loaded TargetPlatform 'Android_ETC1'
[2020.03.18-08.10.41:395][  0]LogTemp: Display: Module 'AndroidTargetPlatform' loaded TargetPlatform 'Android_ETC1a'
[2020.03.18-08.10.41:395][  0]LogTemp: Display: Module 'AndroidTargetPlatform' loaded TargetPlatform 'Android_ETC2'
[2020.03.18-08.10.41:395][  0]LogTemp: Display: Module 'AndroidTargetPlatform' loaded TargetPlatform 'Android_PVRTC'
[2020.03.18-08.10.41:395][  0]LogTemp: Display: Module 'AndroidTargetPlatform' loaded TargetPlatform 'AndroidClient'
[2020.03.18-08.10.41:395][  0]LogTemp: Display: Module 'AndroidTargetPlatform' loaded TargetPlatform 'Android_ASTCClient'
[2020.03.18-08.10.41:395][  0]LogTemp: Display: Module 'AndroidTargetPlatform' loaded TargetPlatform 'Android_ATCClient'
[2020.03.18-08.10.41:395][  0]LogTemp: Display: Module 'AndroidTargetPlatform' loaded TargetPlatform 'Android_DXTClient'
[2020.03.18-08.10.41:395][  0]LogTemp: Display: Module 'AndroidTargetPlatform' loaded TargetPlatform 'Android_ETC1Client'
[2020.03.18-08.10.41:395][  0]LogTemp: Display: Module 'AndroidTargetPlatform' loaded TargetPlatform 'Android_ETC1aClient'
[2020.03.18-08.10.41:395][  0]LogTemp: Display: Module 'AndroidTargetPlatform' loaded TargetPlatform 'Android_ETC2Client'
[2020.03.18-08.10.41:395][  0]LogTemp: Display: Module 'AndroidTargetPlatform' loaded TargetPlatform 'Android_PVRTCClient'
[2020.03.18-08.10.41:395][  0]LogTemp: Display: Module 'AndroidTargetPlatform' loaded TargetPlatform 'Android_Multi'
[2020.03.18-08.10.41:395][  0]LogTemp: Display: Module 'AndroidTargetPlatform' loaded TargetPlatform 'Android_MultiClient'
[2020.03.18-08.10.41:397][  0]LogTemp: Display: Module 'HTML5TargetPlatform' loaded TargetPlatform 'HTML5'
[2020.03.18-08.10.41:424][  0]LogTemp: Display: Module 'IOSTargetPlatform' loaded TargetPlatform 'IOSClient'
[2020.03.18-08.10.41:424][  0]LogTemp: Display: Module 'IOSTargetPlatform' loaded TargetPlatform 'IOS'
[2020.03.18-08.10.41:439][  0]LogTemp: Display: Module 'TVOSTargetPlatform' loaded TargetPlatform 'TVOSClient'
[2020.03.18-08.10.41:439][  0]LogTemp: Display: Module 'TVOSTargetPlatform' loaded TargetPlatform 'TVOS'
[2020.03.18-08.10.41:446][  0]LogTemp: Display: Module 'LinuxClientTargetPlatform' loaded TargetPlatform 'LinuxClient'
[2020.03.18-08.10.41:454][  0]LogTemp: Display: Module 'LinuxNoEditorTargetPlatform' loaded TargetPlatform 'LinuxNoEditor'
[2020.03.18-08.10.41:462][  0]LogTemp: Display: Module 'LinuxServerTargetPlatform' loaded TargetPlatform 'LinuxServer'
[2020.03.18-08.10.41:480][  0]LogTemp: Display: Module 'LinuxTargetPlatform' loaded TargetPlatform 'Linux'
[2020.03.18-08.10.41:511][  0]LogTemp: Display: Module 'LuminTargetPlatform' loaded TargetPlatform 'Lumin'
[2020.03.18-08.10.41:511][  0]LogTemp: Display: Module 'LuminTargetPlatform' loaded TargetPlatform 'LuminClient'
[2020.03.18-08.10.41:511][  0]LogTargetPlatformManager: Display: Building Assets For Windows
[2020.03.18-08.10.41:520][  0]LogAudioDebug: Display: Lib vorbis DLL was dynamically loaded.
[2020.03.18-08.10.41:584][  0]LogShaderCompilers: Guid format shader working directory is -5 characters bigger than the processId version (../../../../../Repos/ShooterMult/ShooterMultiplayer/Intermediate/Shaders/WorkingDirectory/23748/).
[2020.03.18-08.10.41:584][  0]LogShaderCompilers: Cleaned the shader compiler working directory 'C:/Users/Hanson/AppData/Local/Temp/UnrealShaderWorkingDir/70EA18E04EAD7ED48DAEAC8691566C5A/'.
[2020.03.18-08.10.41:586][  0]LogXGEController: Cleaning working directory: C:/Users/Hanson/AppData/Local/Temp/UnrealXGEWorkingDir/
[2020.03.18-08.10.41:586][  0]LogXGEController: Cannot use XGE Controller as Incredibuild is not installed on this machine.
[2020.03.18-08.10.41:587][  0]LogShaderCompilers: Cannot use XGE Shader Compiler as Incredibuild is not installed on this machine.
[2020.03.18-08.10.41:587][  0]LogShaderCompilers: Display: Using Local Shader Compiler.
[2020.03.18-08.10.44:259][  0]LogDerivedDataCache: Display: Max Cache Size: 512 MB
[2020.03.18-08.10.44:454][  0]LogDerivedDataCache: Loaded boot cache 0.19s 81MB C:/Users/Hanson/AppData/Local/UnrealEngine/4.23/DerivedDataCache/Boot.ddc.
[2020.03.18-08.10.44:454][  0]LogDerivedDataCache: Display: Loaded Boot cache: C:/Users/Hanson/AppData/Local/UnrealEngine/4.23/DerivedDataCache/Boot.ddc
[2020.03.18-08.10.44:454][  0]LogDerivedDataCache: FDerivedDataBackendGraph:  Pak pak cache file ../../../../../Repos/ShooterMult/ShooterMultiplayer/DerivedDataCache/DDC.ddp not found, will not use a pak cache.
[2020.03.18-08.10.44:454][  0]LogDerivedDataCache: Unable to find inner node Pak for hierarchical cache Hierarchy.
[2020.03.18-08.10.44:454][  0]LogDerivedDataCache: FDerivedDataBackendGraph:  CompressedPak pak cache file ../../../../../Repos/ShooterMult/ShooterMultiplayer/DerivedDataCache/Compressed.ddp not found, will not use a pak cache.
[2020.03.18-08.10.44:454][  0]LogDerivedDataCache: Unable to find inner node CompressedPak for hierarchical cache Hierarchy.
[2020.03.18-08.10.44:475][  0]LogDerivedDataCache: Display: Pak cache opened for reading ../../../Engine/DerivedDataCache/Compressed.ddp.
[2020.03.18-08.10.44:475][  0]LogDerivedDataCache: FDerivedDataBackendGraph:  EnterprisePak pak cache file ../../../Enterprise/DerivedDataCache/Compressed.ddp not found, will not use a pak cache.
[2020.03.18-08.10.44:475][  0]LogDerivedDataCache: Unable to find inner node EnterprisePak for hierarchical cache Hierarchy.
[2020.03.18-08.10.44:477][  0]LogDerivedDataCache: Using Local data cache path C:/Users/Hanson/AppData/Local/UnrealEngine/Common/DerivedDataCache: Writable
[2020.03.18-08.10.44:477][  0]LogDerivedDataCache: Shared data cache path not found in *engine.ini, will not use an Shared cache.
[2020.03.18-08.10.44:477][  0]LogDerivedDataCache: Unable to find inner node Shared for hierarchical cache Hierarchy.
[2020.03.18-08.10.44:500][  0]LogMaterial: Verifying Global Shaders for PCD3D_SM5
[2020.03.18-08.10.44:505][  0]LogSlate: Using FreeType 2.6.0
[2020.03.18-08.10.44:506][  0]LogSlate: SlateFontServices - WITH_FREETYPE: 1, WITH_HARFBUZZ: 1
[2020.03.18-08.10.44:591][  0]LogAssetRegistry: FAssetRegistry took 0.0035 seconds to start up
[2020.03.18-08.10.44:987][  0]LogInit: Selected Device Profile: [Windows]
[2020.03.18-08.10.45:267][  0]LogMeshReduction: Using QuadricMeshReduction for automatic static mesh reduction
[2020.03.18-08.10.45:267][  0]LogMeshReduction: Using SimplygonMeshReduction for automatic skeletal mesh reduction
[2020.03.18-08.10.45:267][  0]LogMeshReduction: Using ProxyLODMeshReduction for automatic mesh merging
[2020.03.18-08.10.45:267][  0]LogMeshReduction: No distributed automatic mesh merging module available
[2020.03.18-08.10.45:267][  0]LogMeshMerging: No distributed automatic mesh merging module available
[2020.03.18-08.10.45:311][  0]LogNetVersion: ShooterMultiplayer 1.0.0, NetCL: 8386587, EngineNetVer: 11, GameNetVer: 0 (Checksum: 1778891711)
[2020.03.18-08.10.46:486][  0]LogPackageLocalizationCache: Processed 12 localized package path(s) for 1 prioritized culture(s) in 0.064690 seconds
[2020.03.18-08.10.46:496][  0]LogUObjectArray: 43445 objects as part of root set at end of initial load.
[2020.03.18-08.10.46:496][  0]LogUObjectAllocator: 7548872 out of 0 bytes used by permanent object pool.
[2020.03.18-08.10.46:496][  0]LogUObjectArray: CloseDisregardForGC: 0/0 objects in disregard for GC pool
[2020.03.18-08.10.49:477][  0]LogTcpMessaging: Initializing TcpMessaging bridge
[2020.03.18-08.10.49:480][  0]LogUdpMessaging: Initializing bridge on interface 0.0.0.0:0 to multicast group 230.0.0.1:6666.
[2020.03.18-08.10.49:947][  0]SourceControl: Source control is disabled
[2020.03.18-08.10.49:947][  0]SourceControl: Source control is disabled
[2020.03.18-08.10.49:954][  0]SourceControl: Source control is disabled
[2020.03.18-08.10.49:956][  0]SourceControl: Source control is disabled
[2020.03.18-08.10.50:098][  0]LogAndroidPermission: UAndroidPermissionCallbackProxy::GetInstance
[2020.03.18-08.10.50:239][  0]LogOcInput: OculusInput pre-init called
[2020.03.18-08.10.50:246][  0]LogWindows: Failed to load 'OVRPlugin.dll' (GetLastError=126)
[2020.03.18-08.10.50:247][  0]LogWindows: File 'OVRPlugin.dll' does not exist
[2020.03.18-08.10.50:379][  0]LogEngine: Initializing Engine...
[2020.03.18-08.10.50:380][  0]LogHMD: Failed to initialize OpenVR with code 110
[2020.03.18-08.10.50:383][  0]LogStats: UGameplayTagsManager::InitializeManager -  0.001 s
[2020.03.18-08.10.50:803][  0]LogInit: Initializing FReadOnlyCVARCache
[2020.03.18-08.10.50:819][  0]LogAIModule: Creating AISystem for world Untitled
[2020.03.18-08.10.50:898][  0]LogInit: XAudio2 using 'Speakers (Realtek High Definition Audio)' : 2 channels at 48 kHz using 16 bits per sample (channel mask 0x3)
[2020.03.18-08.10.50:909][  0]LogInit: FAudioDevice initialized.
[2020.03.18-08.10.50:909][  0]LogNetVersion: Set ProjectVersion to 1.0.0.0. Version Checksum will be recalculated on next use.
[2020.03.18-08.10.51:002][  0]LogDerivedDataCache: Saved boot cache 0.09s 81MB C:/Users/Hanson/AppData/Local/UnrealEngine/4.23/DerivedDataCache/Boot.ddc.
[2020.03.18-08.10.51:010][  0]LogInit: Texture streaming: Enabled
[2020.03.18-08.10.51:031][  0]LogEngineSessionManager: EngineSessionManager initialized
[2020.03.18-08.10.51:031][  0]LogEngineSessionManager: EngineSessionManager sent abnormal shutdown report. Type=Crashed, SessionId={9A02564B-426B-6561-55D4-F49B72C50A6C}
[2020.03.18-08.10.51:031][  0]LogEditorSessionSummary: Verbose: Initializing EditorSessionSummaryWriter for editor session tracking
[2020.03.18-08.10.51:033][  0]LogEditorSessionSummary: EditorSessionSummaryWriter initialized
[2020.03.18-08.10.51:121][  0]LogInit: Transaction tracking system initialized
[2020.03.18-08.10.51:165][  0]BlueprintLog: New page: Editor Load
[2020.03.18-08.10.51:252][  0]LocalizationService: Localization service is disabled
[2020.03.18-08.10.51:355][  0]LogLinker: Warning: Failed to load '/Game/FirstPersonBP/FirstPersonOverview': Can't find file.
[2020.03.18-08.10.51:356][  0]LogLinker: Warning: Failed to load '/Game/FirstPersonBP/FirstPersonOverview': Can't find file.
[2020.03.18-08.10.51:356][  0]LogUObjectGlobals: Warning: Failed to find object 'Class /Game/FirstPersonBP/FirstPersonOverview.FirstPersonOverview_C'
[2020.03.18-08.10.51:863][  0]LogFileCache: Scanning file cache for directory 'D:/Repos/ShooterMult/ShooterMultiplayer/Content/' took 0.01s
[2020.03.18-08.10.51:863][  0]LogCook: Display: Max memory allowance for cook 16384mb min free memory 0mb
[2020.03.18-08.10.51:863][  0]LogCook: Display: Mobile HDR setting 1
[2020.03.18-08.10.52:246][  0]SourceControl: Source control is disabled
[2020.03.18-08.10.52:248][  0]Cmd: MAP LOAD FILE="../../../../../Repos/ShooterMult/ShooterMultiplayer/Content/Blueprint/Maps/Lobby.umap" TEMPLATE=0 SHOWPROGRESS=1 FEATURELEVEL=3
[2020.03.18-08.10.52:254][  0]LightingResults: New page: Lighting Build
[2020.03.18-08.10.52:258][  0]LogWorld: UWorld::CleanupWorld for Untitled, bSessionEnded=true, bCleanupResources=true
[2020.03.18-08.10.52:259][  0]MapCheck: New page: Map Check
[2020.03.18-08.10.52:259][  0]LightingResults: New page: Lighting Build
[2020.03.18-08.10.52:296][  0]LogUObjectHash: Compacting FUObjectHashTables data took   2.32ms
[2020.03.18-08.10.52:468][  0]LogAIModule: Creating AISystem for world Lobby
[2020.03.18-08.10.52:486][  0]LogEditorServer: Finished looking for orphan Actors (0.000 secs)
[2020.03.18-08.10.52:525][  0]LogUObjectHash: Compacting FUObjectHashTables data took   2.31ms
[2020.03.18-08.10.52:526][  0]Cmd: MAP CHECKDEP NOCLEARLOG
[2020.03.18-08.10.52:526][  0]MapCheck: Map check complete: 0 Error(s), 0 Warning(s), took 0.178ms to complete.
[2020.03.18-08.10.52:526][  0]LogFileHelpers: Loading map 'Lobby' took 0.280
[2020.03.18-08.10.52:734][  0]LogSlate: Updating window title bar state: overlay mode, drag disabled, window buttons hidden, title bar hidden
[2020.03.18-08.10.52:742][  0]LogSlate: Updating window title bar state: overlay mode, drag disabled, window buttons hidden, title bar hidden
[2020.03.18-08.10.52:748][  0]LogSlate: Updating window title bar state: overlay mode, drag disabled, window buttons hidden, title bar hidden
[2020.03.18-08.10.52:756][  0]LogSlate: Updating window title bar state: overlay mode, drag disabled, window buttons hidden, title bar hidden
[2020.03.18-08.10.52:766][  0]LogCollectionManager: Loaded 0 collections in 0.000983 seconds
[2020.03.18-08.10.52:776][  0]LogFileCache: Scanning file cache for directory 'D:/Repos/ShooterMult/ShooterMultiplayer/Saved/Collections/' took 0.00s
[2020.03.18-08.10.52:777][  0]LogFileCache: Scanning file cache for directory 'D:/Repos/ShooterMult/ShooterMultiplayer/Content/Developers/Hanson/Collections/' took 0.00s
[2020.03.18-08.10.52:777][  0]LogFileCache: Scanning file cache for directory 'D:/Repos/ShooterMult/ShooterMultiplayer/Content/Collections/' took 0.00s
[2020.03.18-08.10.52:777][  0]LogCollectionManager: Rebuilt the GUID cache for 0 collections in 0.000002 seconds
[2020.03.18-08.10.52:786][  0]LogContentBrowser: Native class hierarchy populated in 0.0093 seconds. Added 2870 classes and 683 folders.
[2020.03.18-08.10.52:798][  0]LogContentBrowser: Native class hierarchy updated for 'WidgetCarousel' in 0.0004 seconds. Added 0 classes and 0 folders.
[2020.03.18-08.10.53:126][  0]LogContentBrowser: Native class hierarchy updated for 'AddContentDialog' in 0.0003 seconds. Added 0 classes and 0 folders.
[2020.03.18-08.10.53:150][  0]LogContentBrowser: Native class hierarchy updated for 'SceneOutliner' in 0.0004 seconds. Added 1 classes and 2 folders.
[2020.03.18-08.10.53:165][  0]LogSlate: Updating window title bar state: overlay mode, drag disabled, window buttons hidden, title bar hidden
[2020.03.18-08.10.53:172][  0]LogSlate: Updating window title bar state: overlay mode, drag disabled, window buttons hidden, title bar hidden
[2020.03.18-08.10.53:179][  0]LogSlate: Updating window title bar state: overlay mode, drag disabled, window buttons hidden, title bar hidden
[2020.03.18-08.10.53:188][  0]LogSlate: Updating window title bar state: overlay mode, drag disabled, window buttons hidden, title bar hidden
[2020.03.18-08.10.53:295][  0]LogSlate: Took 0.000198 seconds to synchronously load lazily loaded font '../../../Engine/Content/Slate/Fonts/Roboto-Regular.ttf' (155K)
[2020.03.18-08.10.53:297][  0]LogSlate: Took 0.000133 seconds to synchronously load lazily loaded font '../../../Engine/Content/Slate/Fonts/Roboto-Bold.ttf' (160K)
[2020.03.18-08.10.53:309][  0]LogSlate: Took 0.006982 seconds to synchronously load lazily loaded font '../../../Engine/Content/Editor/Slate/Fonts/FontAwesome.ttf' (139K)
[2020.03.18-08.10.53:444][  0]LogRenderer: Reallocating scene render targets to support 1208x648 Format 10 NumSamples 1 (Frame:1).
[2020.03.18-08.10.53:507][  0]LogSlate: Took 0.006182 seconds to synchronously load lazily loaded font '../../../Engine/Content/Slate/Fonts/Roboto-Light.ttf' (167K)
[2020.03.18-08.10.53:562][  0]LogContentBrowser: Native class hierarchy updated for 'HierarchicalLODOutliner' in 0.0004 seconds. Added 0 classes and 0 folders.
[2020.03.18-08.10.53:563][  0]LogLoad: (Engine Initialization) Total time: 15.18 seconds
[2020.03.18-08.10.53:563][  0]LogLoad: (Engine Initialization) Total Blueprint compile time: 0.00 seconds
[2020.03.18-08.10.53:622][  0]LogContentStreaming: Texture pool size now 1000 MB
[2020.03.18-08.10.54:183][ 10]LogAssetRegistry: Asset discovery search completed in 9.5923 seconds
[2020.03.18-08.10.54:186][ 10]LogCollectionManager: Rebuilt the object cache for 0 collections in 0.000007 seconds (found 0 objects)
[2020.03.18-08.10.54:187][ 10]LogCollectionManager: Fixed up redirectors for 0 collections in 0.000140 seconds (updated 0 objects)
[2020.03.18-08.10.54:629][ 53]LogSlate: Took 0.000195 seconds to synchronously load lazily loaded font '../../../Engine/Content/Slate/Fonts/Roboto-Light.ttf' (167K)
[2020.03.18-08.11.00:176][646]LogSlate: FSceneViewport::OnFocusLost() reason 0
[2020.03.18-08.11.13:260][143]LogSlate: Only BGRA pngs, bmps or icos are supported in by External Image Picker
[2020.03.18-08.11.21:506][875]LogAIModule: Creating AISystem for world Menu
[2020.03.18-08.11.40:494][521]LogSlate: Window 'Project Settings' being destroyed
[2020.03.18-08.11.40:509][521]LogSlate: Window 'Project Settings' being destroyed
[2020.03.18-08.11.44:363][832]LogAssetEditorManager: Opening Asset editor for World /Game/Blueprint/Maps/Menu.Menu
[2020.03.18-08.11.44:399][832]LogUObjectHash: Compacting FUObjectHashTables data took   2.03ms
[2020.03.18-08.11.44:400][832]Cmd: MAP LOAD FILE="../../../../../Repos/ShooterMult/ShooterMultiplayer/Content/Blueprint/Maps/Menu.umap" TEMPLATE=0 SHOWPROGRESS=1 FEATURELEVEL=3
[2020.03.18-08.11.44:400][832]LightingResults: New page: Lighting Build
[2020.03.18-08.11.44:401][832]LoadErrors: New page: Loading map: Menu.umap
[2020.03.18-08.11.44:401][832]LogWorld: UWorld::CleanupWorld for Lobby, bSessionEnded=true, bCleanupResources=true
[2020.03.18-08.11.44:402][832]MapCheck: New page: Map Check
[2020.03.18-08.11.44:402][832]LightingResults: New page: Lighting Build
[2020.03.18-08.11.44:437][832]LogUObjectHash: Compacting FUObjectHashTables data took   1.82ms
[2020.03.18-08.11.44:497][832]LogEditorServer: Finished looking for orphan Actors (0.000 secs)
[2020.03.18-08.11.44:533][832]LogUObjectHash: Compacting FUObjectHashTables data took   1.41ms
[2020.03.18-08.11.44:572][832]Cmd: MAP CHECKDEP NOCLEARLOG
[2020.03.18-08.11.44:572][832]MapCheck: Map check complete: 0 Error(s), 0 Warning(s), took 0.084ms to complete.
[2020.03.18-08.11.44:574][832]LogFileHelpers: Loading map 'Menu' took 0.175
[2020.03.18-08.11.45:541][919]LogTemp: Repeating last play command: Selected Viewport
[2020.03.18-08.11.45:563][919]LogBlueprintUserMessages: Early PlayInEditor Detection: Level '/Game/Blueprint/Maps/Menu.Menu:PersistentLevel' has LevelScriptBlueprint '/Game/Blueprint/Maps/Menu.Menu:PersistentLevel.Menu' with GeneratedClass '/Game/Blueprint/Maps/Menu.Menu_C' with ClassGeneratedBy '/Game/Blueprint/Maps/Menu.Menu:PersistentLevel.Menu'
[2020.03.18-08.11.45:563][919]LogPlayLevel: PlayLevel: No blueprints needed recompiling
[2020.03.18-08.11.45:564][919]PIE: New page: PIE session: Menu (Mar 17, 2020, 6:11:45 PM)
[2020.03.18-08.11.45:565][919]LogOnline: OSS: Creating online subsystem instance for: NULL
[2020.03.18-08.11.45:566][919]LogPlayLevel: Creating play world package: /Game/Blueprint/Maps/UEDPIE_0_Menu
[2020.03.18-08.11.45:567][919]LogPlayLevel: PIE: StaticDuplicateObject took: (0.000936s)
[2020.03.18-08.11.45:568][919]LogAIModule: Creating AISystem for world Menu
[2020.03.18-08.11.45:569][919]LogPlayLevel: PIE: World Init took: (0.001220s)
[2020.03.18-08.11.45:569][919]LogPlayLevel: PIE: Created PIE world by copying editor world from /Game/Blueprint/Maps/Menu.Menu to /Game/Blueprint/Maps/UEDPIE_0_Menu.Menu (0.002377s)
[2020.03.18-08.11.45:604][919]LogUObjectHash: Compacting FUObjectHashTables data took   1.49ms
[2020.03.18-08.11.45:604][919]LogTemp: Warning: Found Class WBP_MainMenu_C
[2020.03.18-08.11.45:609][919]LogInit: XAudio2 using 'Speakers (Realtek High Definition Audio)' : 2 channels at 48 kHz using 16 bits per sample (channel mask 0x3)
[2020.03.18-08.11.45:615][919]LogInit: FAudioDevice initialized.
[2020.03.18-08.11.45:629][919]LogLoad: Game class is 'ShooterMultiplayerGameMode'
[2020.03.18-08.11.45:630][919]LogWorld: Bringing World /Game/Blueprint/Maps/UEDPIE_0_Menu.Menu up for play (max tick rate 0) at 2020.03.18-01.11.45
[2020.03.18-08.11.45:630][919]LogWorld: Bringing up level for play took: 0.000435
[2020.03.18-08.11.45:630][919]LogOnline: OSS: Creating online subsystem instance for: :Context_2
[2020.03.18-08.11.45:637][919]LogContentBrowser: Native class hierarchy updated for 'MovieSceneCapture' in 0.0004 seconds. Added 20 classes and 0 folders.
[2020.03.18-08.11.45:641][919]LogPlayerController: Error: InputMode:UIOnly - Attempting to focus Non-Focusable widget SObjectWidget [Widget.cpp(723)]!
[2020.03.18-08.11.45:642][919]PIE: Play in editor start time for /Game/Blueprint/Maps/UEDPIE_0_Menu 0.104
[2020.03.18-08.11.45:642][919]LogBlueprintUserMessages: Late PlayInEditor Detection: Level '/Game/Blueprint/Maps/Menu.Menu:PersistentLevel' has LevelScriptBlueprint '/Game/Blueprint/Maps/Menu.Menu:PersistentLevel.Menu' with GeneratedClass '/Game/Blueprint/Maps/Menu.Menu_C' with ClassGeneratedBy '/Game/Blueprint/Maps/Menu.Menu:PersistentLevel.Menu'
[2020.03.18-08.11.46:714][ 42]LogSlate: FSceneViewport::OnFocusLost() reason 0
[2020.03.18-08.11.46:799][ 52]LogGameMode: ProcessServerTravel: /Game/ThirdPersonCPP/Maps/ThirdPersonExampleMap?listen
[2020.03.18-08.11.46:800][ 52]LogEngine: Server switch level: /Game/ThirdPersonCPP/Maps/ThirdPersonExampleMap?listen
[2020.03.18-08.11.46:800][ 52]LogNet: Browse: /Game/ThirdPersonCPP/Maps/ThirdPersonExampleMap?listen
[2020.03.18-08.11.46:801][ 52]LogLoad: LoadMap: /Game/ThirdPersonCPP/Maps/ThirdPersonExampleMap?listen
[2020.03.18-08.11.46:801][ 52]LogWorld: BeginTearingDown for /Game/Blueprint/Maps/UEDPIE_0_Menu
[2020.03.18-08.11.46:802][ 52]LogWorld: UWorld::CleanupWorld for Menu, bSessionEnded=true, bCleanupResources=true
[2020.03.18-08.11.46:837][ 52]LogUObjectHash: Compacting FUObjectHashTables data took   1.59ms
[2020.03.18-08.11.46:953][ 52]LogAIModule: Creating AISystem for world ThirdPersonExampleMap
[2020.03.18-08.11.46:954][ 52]LogLoad: Game class is 'ShooterMultiplayerGameMode'
[2020.03.18-08.11.46:955][ 52]LogTemp: Display: ParseSettings for GameNetDriver
[2020.03.18-08.11.46:956][ 52]LogTemp: Display: ParseSettings for IpNetDriver_0
[2020.03.18-08.11.46:956][ 52]LogTemp: Display: ParseSettings for GameNetDriver
[2020.03.18-08.11.46:956][ 52]LogNet: ReplicationDriverClass is null! Not using ReplicationDriver.
[2020.03.18-08.11.46:956][ 52]PacketHandlerLog: DDoS detection status: detection enabled: 0 analytics enabled: 0
[2020.03.18-08.11.46:959][ 52]LogInit: WinSock: I am DESKTOP-DRDLCI4 (25.11.237.54:0)
[2020.03.18-08.11.46:959][ 52]LogInit: WinSock: Socket queue. Rx: 131072 (config 131072) Tx: 131072 (config 131072)
[2020.03.18-08.11.46:960][ 52]PacketHandlerLog: Loaded PacketHandler component: Engine.EngineHandlerComponentFactory (StatelessConnectHandlerComponent)
[2020.03.18-08.11.46:961][ 52]LogNet: GameNetDriver IpNetDriver_0 IpNetDriver listening on port 7777
[2020.03.18-08.11.46:964][ 52]LogWorld: Bringing World /Game/ThirdPersonCPP/Maps/UEDPIE_0_ThirdPersonExampleMap.ThirdPersonExampleMap up for play (max tick rate 0) at 2020.03.18-01.11.46
[2020.03.18-08.11.46:967][ 52]LogWorld: Bringing up level for play took: 0.005532
[2020.03.18-08.11.46:968][ 52]LogOnlineSession: Warning: OSS: No game present to join for session (GameSession)
[2020.03.18-08.11.46:972][ 52]LogLoad: Took 0.171703 seconds to LoadMap(/Game/ThirdPersonCPP/Maps/ThirdPersonExampleMap)
[2020.03.18-08.11.49:521][349]LogBlueprintUserMessages: Early EndPlayMap Detection: Level '/Game/Blueprint/Maps/Menu.Menu:PersistentLevel' has LevelScriptBlueprint '/Game/Blueprint/Maps/Menu.Menu:PersistentLevel.Menu' with GeneratedClass '/Game/Blueprint/Maps/Menu.Menu_C' with ClassGeneratedBy '/Game/Blueprint/Maps/Menu.Menu:PersistentLevel.Menu'
[2020.03.18-08.11.49:522][349]LogOnlineSession: Warning: OSS: No game present to leave for session (GameSession)
[2020.03.18-08.11.49:522][349]LogSlate: Updating window title bar state: overlay mode, drag disabled, window buttons hidden, title bar hidden
[2020.03.18-08.11.49:522][349]LogWorld: BeginTearingDown for /Game/ThirdPersonCPP/Maps/UEDPIE_0_ThirdPersonExampleMap
[2020.03.18-08.11.49:522][349]LogWorld: UWorld::CleanupWorld for ThirdPersonExampleMap, bSessionEnded=true, bCleanupResources=true
[2020.03.18-08.11.49:532][349]LogNet: World NetDriver shutdown IpNetDriver_0 [GameNetDriver]
[2020.03.18-08.11.49:532][349]LogNet: DestroyNamedNetDriver IpNetDriver_0 [GameNetDriver]
[2020.03.18-08.11.49:532][349]LogExit: GameNetDriver IpNetDriver_0 shut down
[2020.03.18-08.11.49:533][349]LogPlayLevel: Display: Shutting down PIE online subsystems
[2020.03.18-08.11.49:533][349]LogBlueprintUserMessages: Late EndPlayMap Detection: Level '/Game/Blueprint/Maps/Menu.Menu:PersistentLevel' has LevelScriptBlueprint '/Game/Blueprint/Maps/Menu.Menu:PersistentLevel.Menu' with GeneratedClass '/Game/Blueprint/Maps/Menu.Menu_C' with ClassGeneratedBy '/Game/Blueprint/Maps/Menu.Menu:PersistentLevel.Menu'
[2020.03.18-08.11.49:571][349]LogSlate: Updating window title bar state: overlay mode, drag disabled, window buttons hidden, title bar hidden
[2020.03.18-08.11.49:574][349]LogUObjectHash: Compacting FUObjectHashTables data took   1.72ms
[2020.03.18-08.11.49:625][354]LogPlayLevel: Display: Destroying online subsystem :Context_2
[2020.03.18-08.11.50:244][424]LogSlate: FSceneViewport::OnFocusLost() reason 5
[2020.03.18-08.11.50:254][424]Cmd: OBJ SAVEPACKAGE PACKAGE="/Game/Blueprint/Maps/Menu" FILE="../../../../../Repos/ShooterMult/ShooterMultiplayer/Content/Blueprint/Maps/Menu.umap" SILENT=true AUTOSAVING=false KEEPDIRTY=false
[2020.03.18-08.11.50:292][424]LogUObjectHash: Compacting FUObjectHashTables data took   0.71ms
[2020.03.18-08.11.50:416][424]LogSavePackage: Moving '../../../../../Repos/ShooterMult/ShooterMultiplayer/Saved/Menu0D7AAF39444E18128851B09224189AF7.tmp' to '../../../../../Repos/ShooterMult/ShooterMultiplayer/Content/Blueprint/Maps/Menu.umap'
[2020.03.18-08.19.53:902][981]LogHotReload: New module detected: UE4Editor-ShooterMultiplayer-0059.dll
[2020.03.18-08.20.55:832][166]LogEditorSessionSummary: EditorSessionSummary sent report. Type=Crashed, SessionId={9A02564B-426B-6561-55D4-F49B72C50A6C}
[2020.03.18-08.21.07:895][202]LogHotReload: New module detected: UE4Editor-ShooterMultiplayer-0061.dll
[2020.03.18-08.21.08:929][206]LogHotReload: Starting Hot-Reload from IDE
[2020.03.18-08.21.09:009][206]LogUObjectHash: Compacting FUObjectHashTables data took   2.42ms
[2020.03.18-08.21.09:064][206]LogContentBrowser: Native class hierarchy updated for 'ShooterMultiplayer' in 0.0004 seconds. Added 7 classes and 3 folders.
[2020.03.18-08.21.09:067][206]Display: HotReload successful (6 functions remapped  0 scriptstructs remapped)
[2020.03.18-08.21.09:144][206]LogUObjectHash: Compacting FUObjectHashTables data took   1.44ms
[2020.03.18-08.21.09:163][206]LogContentBrowser: Native class hierarchy populated in 0.0129 seconds. Added 2871 classes and 685 folders.
[2020.03.18-08.21.09:189][206]Display: HotReload took  0.3s.
[2020.03.18-08.40.33:844][799]LogUObjectHash: Compacting FUObjectHashTables data took   0.80ms
[2020.03.18-08.40.34:019][799]LogSlate: Window 'ShooterMultiplayer - Unreal Editor' being destroyed
[2020.03.18-08.40.34:172][800]Cmd: QUIT_EDITOR
[2020.03.18-08.40.34:302][800]LogWindowsTextInputMethodSystem: Display: IME system now deactivated.
[2020.03.18-08.40.34:316][800]LogExit: Preparing to exit.
[2020.03.18-08.40.35:006][800]LogWorld: UWorld::CleanupWorld for World_0, bSessionEnded=true, bCleanupResources=true
[2020.03.18-08.40.35:012][800]LogDemo: Cleaned up 0 splitscreen connections with owner deletion
[2020.03.18-08.40.35:026][800]LogWorld: UWorld::CleanupWorld for None, bSessionEnded=true, bCleanupResources=true
[2020.03.18-08.40.35:026][800]LogExit: Editor shut down
[2020.03.18-08.40.35:027][800]LogExit: Transaction tracking system shut down
[2020.03.18-08.40.35:275][800]LogExit: Object subsystem successfully closed.
[2020.03.18-08.40.35:297][800]LogShaderCompilers: Display: Shaders left to compile 0
[2020.03.18-08.40.35:322][800]LogModuleManager: Shutting down and abandoning module ShooterMultiplayer (679)
[2020.03.18-08.40.35:322][800]LogModuleManager: Shutting down and abandoning module MovieSceneCapture (676)
[2020.03.18-08.40.35:322][800]LogModuleManager: Shutting down and abandoning module Voice (674)
[2020.03.18-08.40.35:323][800]LogModuleManager: Shutting down and abandoning module ExternalImagePicker (672)
[2020.03.18-08.40.35:323][800]LogModuleManager: Shutting down and abandoning module HierarchicalLODOutliner (670)
[2020.03.18-08.40.35:323][800]LogModuleManager: Shutting down and abandoning module SceneOutliner (668)
[2020.03.18-08.40.35:323][800]LogModuleManager: Shutting down and abandoning module AddContentDialog (666)
[2020.03.18-08.40.35:323][800]LogModuleManager: Shutting down and abandoning module WidgetCarousel (665)
[2020.03.18-08.40.35:323][800]LogModuleManager: Shutting down and abandoning module EditorWidgets (662)
[2020.03.18-08.40.35:323][800]LogModuleManager: Shutting down and abandoning module CollectionManager (660)
[2020.03.18-08.40.35:324][800]LogModuleManager: Shutting down and abandoning module StatsViewer (658)
[2020.03.18-08.40.35:324][800]LogModuleManager: Shutting down and abandoning module VirtualTexturingEditor (656)
[2020.03.18-08.40.35:324][800]LogModuleManager: Shutting down and abandoning module FoliageEdit (654)
[2020.03.18-08.40.35:324][800]LogModuleManager: Shutting down and abandoning module LandscapeEditor (652)
[2020.03.18-08.40.35:325][800]LogModuleManager: Shutting down and abandoning module MeshPaintMode (650)
[2020.03.18-08.40.35:325][800]LogModuleManager: Shutting down and abandoning module SceneDepthPickerMode (648)
[2020.03.18-08.40.35:325][800]LogModuleManager: Shutting down and abandoning module ActorPickerMode (646)
[2020.03.18-08.40.35:325][800]LogModuleManager: Shutting down and abandoning module GeometryMode (644)
[2020.03.18-08.40.35:325][800]LogModuleManager: Shutting down and abandoning module TextureAlignMode (642)
[2020.03.18-08.40.35:325][800]LogModuleManager: Shutting down and abandoning module BspMode (640)
[2020.03.18-08.40.35:325][800]LogModuleManager: Shutting down and abandoning module PIEPreviewDeviceProfileSelector (638)
[2020.03.18-08.40.35:325][800]LogModuleManager: Shutting down and abandoning module SequenceRecorderSections (636)
[2020.03.18-08.40.35:325][800]LogModuleManager: Shutting down and abandoning module AutomationWorker (634)
[2020.03.18-08.40.35:325][800]LogModuleManager: Shutting down and abandoning module OculusMR (632)
[2020.03.18-08.40.35:325][800]LogModuleManager: Shutting down and abandoning module AudioCaptureEditor (630)
[2020.03.18-08.40.35:325][800]LogModuleManager: Shutting down and abandoning module MatineeToLevelSequence (628)
[2020.03.18-08.40.35:325][800]LogModuleManager: Shutting down and abandoning module LevelSequenceEditor (626)
[2020.03.18-08.40.35:326][800]LogModuleManager: Shutting down and abandoning module PlacementMode (625)
[2020.03.18-08.40.35:326][800]LogModuleManager: Shutting down and abandoning module MaterialEditor (624)
[2020.03.18-08.40.35:327][800]LogModuleManager: Shutting down and abandoning module ActorSequenceEditor (620)
[2020.03.18-08.40.35:327][800]LogModuleManager: Shutting down and abandoning module WmfMediaFactory (618)
[2020.03.18-08.40.35:327][800]LogModuleManager: Shutting down and abandoning module WmfMediaEditor (616)
[2020.03.18-08.40.35:327][800]LogModuleManager: Shutting down and abandoning module WebMMediaFactory (614)
[2020.03.18-08.40.35:327][800]LogModuleManager: Shutting down and abandoning module WebMMediaEditor (612)
[2020.03.18-08.40.35:327][800]LogModuleManager: Shutting down and abandoning module WebMMedia (610)
[2020.03.18-08.40.35:327][800]LogModuleManager: Shutting down and abandoning module MediaPlayerEditor (608)
[2020.03.18-08.40.35:328][800]LogModuleManager: Shutting down and abandoning module MediaCompositingEditor (606)
[2020.03.18-08.40.35:328][800]LogModuleManager: Shutting down and abandoning module SequenceRecorder (605)
[2020.03.18-08.40.35:328][800]LogModuleManager: Shutting down and abandoning module OpenExrWrapper (602)
[2020.03.18-08.40.35:328][800]LogModuleManager: Shutting down and abandoning module ImgMediaFactory (600)
[2020.03.18-08.40.35:328][800]LogModuleManager: Shutting down and abandoning module ImgMediaEditor (598)
[2020.03.18-08.40.35:328][800]LogModuleManager: Shutting down and abandoning module AvfMediaFactory (596)
[2020.03.18-08.40.35:328][800]LogModuleManager: Shutting down and abandoning module AvfMediaEditor (594)
[2020.03.18-08.40.35:328][800]LogModuleManager: Shutting down and abandoning module AndroidMediaFactory (592)
[2020.03.18-08.40.35:328][800]LogModuleManager: Shutting down and abandoning module AndroidMediaEditor (590)
[2020.03.18-08.40.35:328][800]LogModuleManager: Shutting down and abandoning module MagicLeapCameraPreviewFactory (588)
[2020.03.18-08.40.35:328][800]LogModuleManager: Shutting down and abandoning module MagicLeapMediaCodecFactory (586)
[2020.03.18-08.40.35:328][800]LogModuleManager: Shutting down and abandoning module MagicLeapMediaFactory (584)
[2020.03.18-08.40.35:328][800]LogModuleManager: Shutting down and abandoning module MagicLeapMediaEditor (582)
[2020.03.18-08.40.35:328][800]LogModuleManager: Shutting down and abandoning module CharacterAI (580)
[2020.03.18-08.40.35:328][800]LogModuleManager: Shutting down and abandoning module SmartSnapping (578)
[2020.03.18-08.40.35:328][800]LogModuleManager: Shutting down and abandoning module SessionServices (576)
[2020.03.18-08.40.35:328][800]LogModuleManager: Shutting down and abandoning module MeshPaint (574)
[2020.03.18-08.40.35:328][800]LogModuleManager: Shutting down and abandoning module ViewportSnapping (572)
[2020.03.18-08.40.35:328][800]LogModuleManager: Shutting down and abandoning module ViewportInteraction (570)
[2020.03.18-08.40.35:328][800]LogModuleManager: Shutting down and abandoning module ClothPainter (568)
[2020.03.18-08.40.35:329][800]LogModuleManager: Shutting down and abandoning module SkeletalMeshEditor (567)
[2020.03.18-08.40.35:330][800]LogModuleManager: Shutting down and abandoning module LogVisualizer (564)
[2020.03.18-08.40.35:330][800]LogModuleManager: Shutting down and abandoning module IntroTutorials (562)
[2020.03.18-08.40.35:331][800]LogModuleManager: Shutting down and abandoning module GameProjectGeneration (561)
[2020.03.18-08.40.35:331][800]LogModuleManager: Shutting down and abandoning module LuminPlatformEditor (558)
[2020.03.18-08.40.35:331][800]LogModuleManager: Shutting down and abandoning module IOSPlatformEditor (556)
[2020.03.18-08.40.35:331][800]LogModuleManager: Shutting down and abandoning module HTML5PlatformEditor (554)
[2020.03.18-08.40.35:331][800]LogModuleManager: Shutting down and abandoning module AndroidPlatformEditor (552)
[2020.03.18-08.40.35:331][800]LogModuleManager: Shutting down and abandoning module AndroidDeviceDetection (551)
[2020.03.18-08.40.35:805][800]LogModuleManager: Shutting down and abandoning module WindowsPlatformEditor (548)
[2020.03.18-08.40.35:805][800]LogModuleManager: Shutting down and abandoning module LuminRuntimeSettings (546)
[2020.03.18-08.40.35:805][800]LogModuleManager: Shutting down and abandoning module IOSRuntimeSettings (544)
[2020.03.18-08.40.35:805][800]LogModuleManager: Shutting down and abandoning module AndroidRuntimeSettings (542)
[2020.03.18-08.40.35:805][800]LogModuleManager: Shutting down and abandoning module TimeManagementEditor (540)
[2020.03.18-08.40.35:805][800]LogModuleManager: Shutting down and abandoning module InputBindingEditor (538)
[2020.03.18-08.40.35:805][800]LogModuleManager: Shutting down and abandoning module MergeActors (536)
[2020.03.18-08.40.35:806][800]LogModuleManager: Shutting down and abandoning module LocalizationDashboard (534)
[2020.03.18-08.40.35:806][800]LogModuleManager: Shutting down and abandoning module LocalizationService (533)
[2020.03.18-08.40.35:806][800]LogModuleManager: Shutting down and abandoning module HardwareTargeting (530)
[2020.03.18-08.40.35:806][800]LogModuleManager: Shutting down and abandoning module DeviceProfileEditor (528)
[2020.03.18-08.40.35:806][800]LogModuleManager: Shutting down and abandoning module UndoHistory (526)
[2020.03.18-08.40.35:806][800]LogModuleManager: Shutting down and abandoning module XmlParser (524)
[2020.03.18-08.40.35:806][800]LogModuleManager: Shutting down and abandoning module Blutility (522)
[2020.03.18-08.40.35:806][800]LogModuleManager: Shutting down and abandoning module ProjectSettingsViewer (520)
[2020.03.18-08.40.35:806][800]LogModuleManager: Shutting down and abandoning module ProjectTargetPlatformEditor (519)
[2020.03.18-08.40.35:806][800]LogModuleManager: Shutting down and abandoning module EditorSettingsViewer (516)
[2020.03.18-08.40.35:806][800]LogModuleManager: Shutting down and abandoning module SettingsEditor (514)
[2020.03.18-08.40.35:806][800]LogModuleManager: Shutting down and abandoning module ProjectLauncher (512)
[2020.03.18-08.40.35:806][800]LogModuleManager: Shutting down and abandoning module SessionFrontend (510)
[2020.03.18-08.40.35:806][800]LogModuleManager: Shutting down and abandoning module ProfilerClient (508)
[2020.03.18-08.40.35:807][800]LogModuleManager: Shutting down and abandoning module DeviceManager (506)
[2020.03.18-08.40.35:807][800]LogModuleManager: Shutting down and abandoning module TargetDeviceServices (505)
[2020.03.18-08.40.35:851][800]LogModuleManager: Shutting down and abandoning module AutomationController (502)
[2020.03.18-08.40.35:851][800]LogModuleManager: Shutting down and abandoning module AutomationWindow (500)
[2020.03.18-08.40.35:851][800]LogModuleManager: Shutting down and abandoning module Layers (498)
[2020.03.18-08.40.35:852][800]LogModuleManager: Shutting down and abandoning module ComponentVisualizers (496)
[2020.03.18-08.40.35:852][800]LogModuleManager: Shutting down and abandoning module DetailCustomizations (494)
[2020.03.18-08.40.35:852][800]LogModuleManager: Shutting down and abandoning module PackagesDialog (492)
[2020.03.18-08.40.35:853][800]LogModuleManager: Shutting down and abandoning module AnimationBlueprintEditor (490)
[2020.03.18-08.40.35:853][800]LogModuleManager: Shutting down and abandoning module Persona (488)
[2020.03.18-08.40.35:854][800]LogModuleManager: Shutting down and abandoning module AdvancedPreviewScene (487)
[2020.03.18-08.40.35:854][800]LogModuleManager: Shutting down and abandoning module AnimGraph (485)
[2020.03.18-08.40.35:854][800]LogModuleManager: Shutting down and abandoning module Kismet (482)
[2020.03.18-08.40.35:855][800]LogModuleManager: Shutting down and abandoning module KismetWidgets (481)
[2020.03.18-08.40.35:855][800]LogModuleManager: Shutting down and abandoning module GraphEditor (478)
[2020.03.18-08.40.35:855][800]LogModuleManager: Shutting down and abandoning module StructViewer (476)
[2020.03.18-08.40.35:855][800]LogModuleManager: Shutting down and abandoning module ClassViewer (474)
[2020.03.18-08.40.35:855][800]LogModuleManager: Shutting down and abandoning module Toolbox (472)
[2020.03.18-08.40.35:855][800]LogModuleManager: Shutting down and abandoning module DesktopPlatform (471)
[2020.03.18-08.40.35:855][800]LogModuleManager: Shutting down and abandoning module ModuleUI (468)
[2020.03.18-08.40.35:856][800]LogModuleManager: Shutting down and abandoning module MovieSceneTools (466)
[2020.03.18-08.40.35:856][800]LogModuleManager: Shutting down and abandoning module OutputLog (464)
[2020.03.18-08.40.35:856][800]LogModuleManager: Shutting down and abandoning module GammaUI (462)
[2020.03.18-08.40.35:856][800]LogModuleManager: Shutting down and abandoning module Documentation (460)
[2020.03.18-08.40.35:856][800]LogModuleManager: Shutting down and abandoning module LiveCoding (458)
[2020.03.18-08.40.35:857][800]LogModuleManager: Shutting down and abandoning module LevelSequence (456)
[2020.03.18-08.40.35:857][800]LogModuleManager: Shutting down and abandoning module MovieSceneTracks (454)
[2020.03.18-08.40.35:857][800]LogModuleManager: Shutting down and abandoning module MovieScene (452)
[2020.03.18-08.40.35:857][800]LogModuleManager: Shutting down and abandoning module StreamingPauseRendering (450)
[2020.03.18-08.40.35:857][800]LogModuleManager: Shutting down and abandoning module LauncherPlatform (448)
[2020.03.18-08.40.35:857][800]LogModuleManager: Shutting down and abandoning module AnalyticsET (446)
[2020.03.18-08.40.35:857][800]LogModuleManager: Shutting down and abandoning module PortalServices (444)
[2020.03.18-08.40.35:857][800]LogModuleManager: Shutting down and abandoning module PortalRpc (442)
[2020.03.18-08.40.35:857][800]LogModuleManager: Shutting down and abandoning module MessagingRpc (440)
[2020.03.18-08.40.35:857][800]LogModuleManager: Shutting down and abandoning module AIModule (438)
[2020.03.18-08.40.35:857][800]LogModuleManager: Shutting down and abandoning module GameplayDebugger (437)
[2020.03.18-08.40.35:857][800]LogModuleManager: Shutting down and abandoning module AITestSuite (435)
[2020.03.18-08.40.35:857][800]LogModuleManager: Shutting down and abandoning module NavigationSystem (433)
[2020.03.18-08.40.35:857][800]LogModuleManager: Shutting down and abandoning module ImageWriteQueue (430)
[2020.03.18-08.40.35:860][800]LogModuleManager: Shutting down and abandoning module ProfilerService (428)
[2020.03.18-08.40.36:073][800]LogModuleManager: Shutting down and abandoning module TaskGraph (426)
[2020.03.18-08.40.36:074][800]LogModuleManager: Shutting down and abandoning module ScreenshotTools (424)
[2020.03.18-08.40.36:074][800]LogModuleManager: Shutting down and abandoning module SteamVRController (422)
[2020.03.18-08.40.36:074][800]LogModuleManager: Shutting down and abandoning module ProceduralMeshComponentEditor (420)
[2020.03.18-08.40.36:074][800]LogModuleManager: Shutting down and abandoning module ProceduralMeshComponent (418)
[2020.03.18-08.40.36:074][800]LogModuleManager: Shutting down and abandoning module OculusEditor (416)
[2020.03.18-08.40.36:074][800]LogModuleManager: Shutting down and abandoning module OculusInput (414)
[2020.03.18-08.40.36:074][800]LogModuleManager: Shutting down and abandoning module MobilePatchingUtils (412)
[2020.03.18-08.40.36:074][800]LogModuleManager: Shutting down and abandoning module EditableMesh (410)
[2020.03.18-08.40.36:074][800]LogModuleManager: Shutting down and abandoning module CustomMeshComponent (408)
[2020.03.18-08.40.36:074][800]LogModuleManager: Shutting down and abandoning module CableComponent (406)
[2020.03.18-08.40.36:074][800]LogModuleManager: Shutting down and abandoning module AudioCapture (404)
[2020.03.18-08.40.36:074][800]LogModuleManager: Shutting down and abandoning module ArchVisCharacter (402)
[2020.03.18-08.40.36:074][800]LogModuleManager: Shutting down and abandoning module AppleImageUtilsBlueprintSupport (400)
[2020.03.18-08.40.36:074][800]LogModuleManager: Shutting down and abandoning module AppleImageUtils (398)
[2020.03.18-08.40.36:074][800]LogModuleManager: Shutting down and abandoning module AndroidPermission (396)
[2020.03.18-08.40.36:074][800]LogModuleManager: Shutting down and abandoning module NUTUnrealEngine4 (394)
[2020.03.18-08.40.36:074][800]LogModuleManager: Shutting down and abandoning module NetcodeUnitTest (392)
[2020.03.18-08.40.36:074][800]LogModuleManager: Shutting down and abandoning module MediaCompositing (390)
[2020.03.18-08.40.36:074][800]LogModuleManager: Shutting down and abandoning module ImgMedia (388)
[2020.03.18-08.40.36:075][800]LogModuleManager: Shutting down and abandoning module MagicLeapHelperVulkan (386)
[2020.03.18-08.40.36:075][800]LogModuleManager: Shutting down and abandoning module MagicLeapHelperOpenGL (384)
[2020.03.18-08.40.36:075][800]LogModuleManager: Shutting down and abandoning module MagicLeapAudio (382)
[2020.03.18-08.40.36:075][800]LogModuleManager: Shutting down and abandoning module HTML5Networking (380)
[2020.03.18-08.40.36:075][800]LogModuleManager: Shutting down and abandoning module GeometryCacheTracks (378)
[2020.03.18-08.40.36:075][800]LogModuleManager: Shutting down and abandoning module GeometryCacheSequencer (376)
[2020.03.18-08.40.36:075][800]LogModuleManager: Shutting down and abandoning module BackChannel (374)
[2020.03.18-08.40.36:075][800]LogModuleManager: Shutting down and abandoning module AutomationUtilsEditor (372)
[2020.03.18-08.40.36:075][800]LogModuleManager: Shutting down and abandoning module AutomationUtils (370)
[2020.03.18-08.40.36:075][800]LogModuleManager: Shutting down and abandoning module AlembicImporter (368)
[2020.03.18-08.40.36:075][800]LogModuleManager: Shutting down and abandoning module AlembicLibrary (367)
[2020.03.18-08.40.36:075][800]LogModuleManager: Shutting down and abandoning module GeometryCache (366)
[2020.03.18-08.40.36:075][800]LogModuleManager: Shutting down and abandoning module GeometryCacheEd (365)
[2020.03.18-08.40.36:075][800]LogModuleManager: Shutting down and abandoning module VariantManagerContent (360)
[2020.03.18-08.40.36:075][800]LogModuleManager: Shutting down and abandoning module DatasmithContentEditor (358)
[2020.03.18-08.40.36:075][800]LogModuleManager: Shutting down and abandoning module SpeedTreeImporter (356)
[2020.03.18-08.40.36:075][800]LogModuleManager: Shutting down and abandoning module PluginBrowser (354)
[2020.03.18-08.40.36:075][800]LogModuleManager: Shutting down and abandoning module MobileLauncherProfileWizard (352)
[2020.03.18-08.40.36:075][800]LogModuleManager: Shutting down and abandoning module MaterialAnalyzer (350)
[2020.03.18-08.40.36:075][800]LogModuleManager: Shutting down and abandoning module CurveEditorTools (348)
[2020.03.18-08.40.36:075][800]LogModuleManager: Shutting down and abandoning module CurveEditor (347)
[2020.03.18-08.40.36:076][800]LogModuleManager: Shutting down and abandoning module CryptoKeysOpenSSL (344)
[2020.03.18-08.40.36:076][800]LogModuleManager: Shutting down and abandoning module CryptoKeys (342)
[2020.03.18-08.40.36:076][800]LogModuleManager: Shutting down and abandoning module VisualStudioSourceCodeAccess (340)
[2020.03.18-08.40.36:076][800]LogModuleManager: Shutting down and abandoning module VisualStudioCodeSourceCodeAccess (338)
[2020.03.18-08.40.36:076][800]LogModuleManager: Shutting down and abandoning module UObjectPlugin (336)
[2020.03.18-08.40.36:076][800]LogModuleManager: Shutting down and abandoning module SubversionSourceControl (334)
[2020.03.18-08.40.36:076][800]LogModuleManager: Shutting down and abandoning module PerforceSourceControl (332)
[2020.03.18-08.40.36:077][800]LogModuleManager: Shutting down and abandoning module GitSourceControl (330)
[2020.03.18-08.40.36:077][800]LogModuleManager: Shutting down and abandoning module SourceControl (329)
[2020.03.18-08.40.36:077][800]LogModuleManager: Shutting down and abandoning module CLionSourceCodeAccess (326)
[2020.03.18-08.40.36:077][800]LogModuleManager: Shutting down and abandoning module AnimationSharingEd (324)
[2020.03.18-08.40.36:077][800]LogModuleManager: Shutting down and abandoning module ActorLayerUtilitiesEditor (322)
[2020.03.18-08.40.36:077][800]LogModuleManager: Shutting down and abandoning module ActorLayerUtilities (320)
[2020.03.18-08.40.36:077][800]LogModuleManager: Shutting down and abandoning module LightPropagationVolumeEditor (318)
[2020.03.18-08.40.36:077][800]LogModuleManager: Shutting down and abandoning module PaperTiledImporter (316)
[2020.03.18-08.40.36:077][800]LogModuleManager: Shutting down and abandoning module PaperSpriteSheetImporter (314)
[2020.03.18-08.40.36:077][800]LogModuleManager: Shutting down and abandoning module Paper2DEditor (312)
[2020.03.18-08.40.36:078][800]LogModuleManager: Shutting down and abandoning module SignificanceManager (308)
[2020.03.18-08.40.36:078][800]LogModuleManager: Shutting down and abandoning module RuntimePhysXCooking (306)
[2020.03.18-08.40.36:078][800]LogModuleManager: Shutting down and abandoning module PhysXVehiclesEditor (304)
[2020.03.18-08.40.36:078][800]LogModuleManager: Shutting down and abandoning module LocationServicesBPLibrary (300)
[2020.03.18-08.40.36:078][800]LogModuleManager: Shutting down and abandoning module ActorSequence (298)
[2020.03.18-08.40.36:078][800]LogModuleManager: Shutting down and abandoning module UdpMessaging (296)
[2020.03.18-08.40.36:179][800]LogModuleManager: Shutting down and abandoning module TcpMessaging (294)
[2020.03.18-08.40.36:281][800]LogModuleManager: Shutting down and abandoning module MagicLeapIdentity (292)
[2020.03.18-08.40.36:281][800]LogModuleManager: Shutting down and abandoning module MagicLeapSecureStorage (290)
[2020.03.18-08.40.36:281][800]LogModuleManager: Shutting down and abandoning module MagicLeapHandTracking (288)
[2020.03.18-08.40.36:281][800]LogModuleManager: Shutting down and abandoning module MagicLeapEyeTracker (286)
[2020.03.18-08.40.36:281][800]LogModuleManager: Shutting down and abandoning module MagicLeapController (284)
[2020.03.18-08.40.36:281][800]LogSlate: Slate User Destroyed.  User Index 0, Is Virtual User: 0
[2020.03.18-08.40.36:281][800]LogModuleManager: Shutting down and abandoning module MagicLeapAR (282)
[2020.03.18-08.40.36:281][800]LogModuleManager: Shutting down and abandoning module AugmentedReality (281)
[2020.03.18-08.40.36:281][800]LogModuleManager: Shutting down and abandoning module GameplayTagsEditor (278)
[2020.03.18-08.40.36:281][800]LogModuleManager: Shutting down and abandoning module FacialAnimationEditor (276)
[2020.03.18-08.40.36:281][800]LogModuleManager: Shutting down and abandoning module FacialAnimation (274)
[2020.03.18-08.40.36:281][800]LogModuleManager: Shutting down and abandoning module DataValidation (272)
[2020.03.18-08.40.36:281][800]LogModuleManager: Shutting down and abandoning module AssetManagerEditor (270)
[2020.03.18-08.40.36:282][800]LogModuleManager: Shutting down and abandoning module LevelEditor (269)
[2020.03.18-08.40.36:282][800]LogModuleManager: Shutting down and abandoning module PixelInspectorModule (268)
[2020.03.18-08.40.36:282][800]LogModuleManager: Shutting down and abandoning module CommonMenuExtensions (266)
[2020.03.18-08.40.36:282][800]LogModuleManager: Shutting down and abandoning module MainFrame (264)
[2020.03.18-08.40.36:282][800]LogModuleManager: Shutting down and abandoning module HotReload (263)
[2020.03.18-08.40.36:283][800]LogModuleManager: Shutting down and abandoning module ContentBrowser (259)
[2020.03.18-08.40.36:284][800]LogModuleManager: Shutting down and abandoning module TreeMap (257)
[2020.03.18-08.40.36:284][800]LogModuleManager: Shutting down and abandoning module AnimationSharing (254)
[2020.03.18-08.40.36:284][800]LogModuleManager: Shutting down and abandoning module LightPropagationVolumeRuntime (252)
[2020.03.18-08.40.36:284][800]LogModuleManager: Shutting down and abandoning module Paper2D (250)
[2020.03.18-08.40.36:284][800]LogModuleManager: Shutting down and abandoning module WindowsMoviePlayer (248)
[2020.03.18-08.40.36:286][800]LogModuleManager: Shutting down and abandoning module WebMMoviePlayer (246)
[2020.03.18-08.40.36:286][800]LogModuleManager: Shutting down and abandoning module NetworkReplayStreaming (244)
[2020.03.18-08.40.36:286][800]LogModuleManager: Shutting down and abandoning module PacketHandler (242)
[2020.03.18-08.40.36:286][800]LogModuleManager: Shutting down and abandoning module ClothingSystemEditor (240)
[2020.03.18-08.40.36:286][800]LogModuleManager: Shutting down and abandoning module ClothingSystemRuntime (238)
[2020.03.18-08.40.36:286][800]LogModuleManager: Shutting down and abandoning module MediaAssets (236)
[2020.03.18-08.40.36:286][800]LogModuleManager: Shutting down and abandoning module Overlay (234)
[2020.03.18-08.40.36:286][800]LogModuleManager: Shutting down and abandoning module OverlayEditor (233)
[2020.03.18-08.40.36:286][800]LogModuleManager: Shutting down and abandoning module VREditor (230)
[2020.03.18-08.40.36:287][800]LogModuleManager: Shutting down and abandoning module StringTableEditor (228)
[2020.03.18-08.40.36:287][800]LogModuleManager: Shutting down and abandoning module GameplayTasksEditor (226)
[2020.03.18-08.40.36:287][800]LogModuleManager: Shutting down and abandoning module BehaviorTreeEditor (224)
[2020.03.18-08.40.36:288][800]LogModuleManager: Shutting down and abandoning module FunctionalTesting (222)
[2020.03.18-08.40.36:288][800]LogModuleManager: Shutting down and abandoning module CollisionAnalyzer (220)
[2020.03.18-08.40.36:288][800]LogModuleManager: Shutting down and abandoning module WorkspaceMenuStructure (219)
[2020.03.18-08.40.36:288][800]LogModuleManager: Shutting down and abandoning module UMG (216)
[2020.03.18-08.40.36:288][800]LogModuleManager: Shutting down and abandoning module UMGEditor (215)
[2020.03.18-08.40.36:288][800]LogModuleManager: Shutting down and abandoning module Sequencer (214)
[2020.03.18-08.40.36:289][800]LogModuleManager: Shutting down and abandoning module MessageLog (211)
[2020.03.18-08.40.36:289][800]LogModuleManager: Shutting down and abandoning module SlateReflector (206)
[2020.03.18-08.40.36:290][800]LogModuleManager: Shutting down and abandoning module Slate (204)
[2020.03.18-08.40.36:290][800]LogModuleManager: Shutting down and abandoning module LandscapeEditorUtilities (202)
[2020.03.18-08.40.36:290][800]LogModuleManager: Shutting down and abandoning module EditorStyle (200)
[2020.03.18-08.40.36:291][800]LogModuleManager: Shutting down and abandoning module UnrealEd (198)
[2020.03.18-08.40.36:291][800]LogModuleManager: Shutting down and abandoning module MRMesh (196)
[2020.03.18-08.40.36:291][800]LogModuleManager: Shutting down and abandoning module SourceCodeAccess (194)
[2020.03.18-08.40.36:291][800]LogModuleManager: Shutting down and abandoning module HeadMountedDisplay (192)
[2020.03.18-08.40.36:291][800]LogModuleManager: Shutting down and abandoning module XAudio2 (190)
[2020.03.18-08.40.36:291][800]LogModuleManager: Shutting down and abandoning module Networking (188)
[2020.03.18-08.40.36:291][800]LogModuleManager: Shutting down and abandoning module Core (186)
[2020.03.18-08.40.36:291][800]LogModuleManager: Shutting down and abandoning module KismetCompiler (184)
[2020.03.18-08.40.36:291][800]LogModuleManager: Shutting down and abandoning module MeshUtilities (182)
[2020.03.18-08.40.36:291][800]LogModuleManager: Shutting down and abandoning module MeshMergeUtilities (181)
[2020.03.18-08.40.36:291][800]LogModuleManager: Shutting down and abandoning module MeshReductionInterface (180)
[2020.03.18-08.40.36:291][800]LogModuleManager: Shutting down and abandoning module SkeletalMeshReduction (179)
[2020.03.18-08.40.36:292][800]LogModuleManager: Shutting down and abandoning module ProxyLODMeshReduction (177)
[2020.03.18-08.40.36:292][800]LogModuleManager: Shutting down and abandoning module QuadricMeshReduction (175)
[2020.03.18-08.40.36:292][800]LogModuleManager: Shutting down and abandoning module MaterialBaking (171)
[2020.03.18-08.40.36:292][800]LogModuleManager: Shutting down and abandoning module NullInstallBundleManager (166)
[2020.03.18-08.40.36:292][800]LogModuleManager: Shutting down and abandoning module DerivedDataCache (164)
[2020.03.18-08.40.36:319][800]LogDerivedDataCache: Shutdown
[2020.03.18-08.40.36:319][800]LogModuleManager: Shutting down and abandoning module XGEController (162)
[2020.03.18-08.40.36:319][800]LogXGEController: Cleaning working directory: C:/Users/Hanson/AppData/Local/Temp/UnrealXGEWorkingDir/
[2020.03.18-08.40.36:319][800]LogModuleManager: Shutting down and abandoning module TargetPlatform (160)
[2020.03.18-08.40.36:320][800]LogModuleManager: Shutting down and abandoning module VulkanShaderFormat (159)
[2020.03.18-08.40.36:320][800]LogModuleManager: Shutting down and abandoning module ShaderFormatVectorVM (157)
[2020.03.18-08.40.36:320][800]LogModuleManager: Shutting down and abandoning module ShaderFormatOpenGL (155)
[2020.03.18-08.40.36:320][800]LogModuleManager: Shutting down and abandoning module ShaderFormatD3D (153)
[2020.03.18-08.40.36:320][800]LogModuleManager: Shutting down and abandoning module MetalShaderFormat (151)
[2020.03.18-08.40.36:320][800]LogModuleManager: Shutting down and abandoning module TextureFormatUncompressed (149)
[2020.03.18-08.40.36:320][800]LogModuleManager: Shutting down and abandoning module TextureFormatPVR (147)
[2020.03.18-08.40.36:320][800]LogModuleManager: Shutting down and abandoning module TextureFormatDXT (145)
[2020.03.18-08.40.36:320][800]LogModuleManager: Shutting down and abandoning module TextureFormatIntelISPCTexComp (143)
[2020.03.18-08.40.36:320][800]LogModuleManager: Shutting down and abandoning module TextureFormatASTC (141)
[2020.03.18-08.40.36:320][800]LogModuleManager: Shutting down and abandoning module ImageWrapper (140)
[2020.03.18-08.40.36:320][800]LogModuleManager: Shutting down and abandoning module TextureFormatAndroid (137)
[2020.03.18-08.40.36:320][800]LogModuleManager: Shutting down and abandoning module AudioFormatOpus (135)
[2020.03.18-08.40.36:320][800]LogModuleManager: Shutting down and abandoning module AudioFormatOgg (133)
[2020.03.18-08.40.36:320][800]LogModuleManager: Shutting down and abandoning module AudioFormatADPCM (131)
[2020.03.18-08.40.36:320][800]LogModuleManager: Shutting down and abandoning module LuminTargetPlatform (129)
[2020.03.18-08.40.36:321][800]LogModuleManager: Shutting down and abandoning module LinuxTargetPlatform (127)
[2020.03.18-08.40.36:321][800]LogModuleManager: Shutting down and abandoning module LinuxServerTargetPlatform (125)
[2020.03.18-08.40.36:321][800]LogModuleManager: Shutting down and abandoning module LinuxNoEditorTargetPlatform (123)
[2020.03.18-08.40.36:321][800]LogModuleManager: Shutting down and abandoning module LinuxClientTargetPlatform (121)
[2020.03.18-08.40.36:321][800]LogModuleManager: Shutting down and abandoning module TVOSTargetPlatform (119)
[2020.03.18-08.40.36:322][800]LogModuleManager: Shutting down and abandoning module Messaging (117)
[2020.03.18-08.40.36:322][800]LogModuleManager: Shutting down and abandoning module IOSTargetPlatform (115)
[2020.03.18-08.40.36:322][800]LogModuleManager: Shutting down and abandoning module HTML5TargetPlatform (113)
[2020.03.18-08.40.36:322][800]LogModuleManager: Shutting down and abandoning module AndroidTargetPlatform (111)
[2020.03.18-08.40.36:329][800]LogModuleManager: Shutting down and abandoning module WindowsTargetPlatform (109)
[2020.03.18-08.40.36:329][800]LogModuleManager: Shutting down and abandoning module WindowsServerTargetPlatform (107)
[2020.03.18-08.40.36:329][800]LogModuleManager: Shutting down and abandoning module WindowsNoEditorTargetPlatform (105)
[2020.03.18-08.40.36:329][800]LogModuleManager: Shutting down and abandoning module WindowsClientTargetPlatform (103)
[2020.03.18-08.40.36:329][800]LogModuleManager: Shutting down and abandoning module MacTargetPlatform (101)
[2020.03.18-08.40.36:329][800]LogModuleManager: Shutting down and abandoning module MacServerTargetPlatform (99)
[2020.03.18-08.40.36:329][800]LogModuleManager: Shutting down and abandoning module MacNoEditorTargetPlatform (97)
[2020.03.18-08.40.36:330][800]LogModuleManager: Shutting down and abandoning module MacClientTargetPlatform (95)
[2020.03.18-08.40.36:330][800]LogModuleManager: Shutting down and abandoning module AllDesktopTargetPlatform (93)
[2020.03.18-08.40.36:330][800]LogModuleManager: Shutting down and abandoning module InputCore (90)
[2020.03.18-08.40.36:330][800]LogModuleManager: Shutting down and abandoning module Settings (88)
[2020.03.18-08.40.36:330][800]LogModuleManager: Shutting down and abandoning module DirectoryWatcher (86)
[2020.03.18-08.40.36:330][800]LogModuleManager: Shutting down and abandoning module PhysXCooking (84)
[2020.03.18-08.40.36:330][800]LogModuleManager: Shutting down and abandoning module WindowsPlatformFeatures (82)
[2020.03.18-08.40.36:330][800]LogModuleManager: Shutting down and abandoning module GameplayMediaEncoder (81)
[2020.03.18-08.40.36:330][800]LogModuleManager: Shutting down and abandoning module SteamVR (78)
[2020.03.18-08.40.36:330][800]LogHMD: Freeing OpenVRDLLHandle.
[2020.03.18-08.40.36:330][800]LogModuleManager: Shutting down and abandoning module OculusHMD (76)
[2020.03.18-08.40.36:331][800]LogModuleManager: Shutting down and abandoning module ExampleDeviceProfileSelector (74)
[2020.03.18-08.40.36:331][800]LogModuleManager: Shutting down and abandoning module LauncherChunkInstaller (72)
[2020.03.18-08.40.36:331][800]LogModuleManager: Shutting down and abandoning module OnlineBlueprintSupport (70)
[2020.03.18-08.40.36:331][800]LogModuleManager: Shutting down and abandoning module OnlineSubsystem (66)
[2020.03.18-08.40.36:332][800]LogModuleManager: Shutting down and abandoning module XMPP (61)
[2020.03.18-08.40.36:333][800]LogModuleManager: Shutting down and abandoning module WebSockets (60)
[2020.03.18-08.40.36:347][800]LogModuleManager: Shutting down and abandoning module HTTP (57)
[2020.03.18-08.40.36:348][800]LogHttp: Display: Http module shutting down, but needs to wait on 1 outstanding Http requests:
[2020.03.18-08.40.36:348][800]LogHttp: Display: 	verb=[POST] url=[https://datarouter.ol.epicgames.com/datarouter/api/v1/public/data?SessionID=%7B7E5CDA40-43E3-78B5-8998-E79151C154EA%7D&AppID=UEEditor.Rocket.Release&AppVersion=4.23.1-9631420%2B%2B%2BUE4%2BRelease-4.23&UserID=d3a348e14b83703073215cbff3a18190%7Ca804fa0bd4024c4eaaffd29f444fd594%7C0ead4878-06b7-4e8b-9f22-07ad2784f864&AppEnvironment=datacollector-binary&UploadType=eteventstream] status=Processing
[2020.03.18-08.40.36:376][800]LogModuleManager: Shutting down and abandoning module SSL (56)
[2020.03.18-08.40.36:378][800]LogModuleManager: Shutting down and abandoning module WmfMedia (52)
[2020.03.18-08.40.36:379][800]LogModuleManager: Shutting down and abandoning module Media (51)
[2020.03.18-08.40.36:380][800]LogModuleManager: Shutting down and abandoning module MagicLeap (48)
[2020.03.18-08.40.36:380][800]LogModuleManager: Shutting down and abandoning module DatasmithContent (46)
[2020.03.18-08.40.36:380][800]LogModuleManager: Shutting down and abandoning module AISupportModule (44)
[2020.03.18-08.40.36:380][800]LogModuleManager: Shutting down and abandoning module PlatformCryptoOpenSSL (42)
[2020.03.18-08.40.36:380][800]LogModuleManager: Shutting down and abandoning module PlatformCrypto (40)
[2020.03.18-08.40.36:380][800]LogModuleManager: Shutting down and abandoning module AnimationModifiers (38)
[2020.03.18-08.40.36:381][800]LogModuleManager: Shutting down and abandoning module PropertyEditor (37)
[2020.03.18-08.40.36:381][800]LogModuleManager: Shutting down and abandoning module AudioEditor (34)
[2020.03.18-08.40.36:381][800]LogModuleManager: Shutting down and abandoning module TextureCompressor (32)
[2020.03.18-08.40.36:382][800]LogModuleManager: Shutting down and abandoning module RenderCore (30)
[2020.03.18-08.40.36:382][800]LogModuleManager: Shutting down and abandoning module Landscape (28)
[2020.03.18-08.40.36:382][800]LogModuleManager: Shutting down and abandoning module SlateRHIRenderer (26)
[2020.03.18-08.40.36:383][800]LogModuleManager: Shutting down and abandoning module OpenGLDrv (24)
[2020.03.18-08.40.36:384][800]LogModuleManager: Shutting down and abandoning module D3D11RHI (22)
[2020.03.18-08.40.36:384][800]LogModuleManager: Shutting down and abandoning module AnimGraphRuntime (20)
[2020.03.18-08.40.36:384][800]LogModuleManager: Shutting down and abandoning module Renderer (18)
[2020.03.18-08.40.36:384][800]LogModuleManager: Shutting down and abandoning module Engine (16)
[2020.03.18-08.40.36:384][800]LogModuleManager: Shutting down and abandoning module CoreUObject (14)
[2020.03.18-08.40.36:384][800]LogModuleManager: Shutting down and abandoning module NetworkFile (12)
[2020.03.18-08.40.36:384][800]LogModuleManager: Shutting down and abandoning module CookedIterativeFile (10)
[2020.03.18-08.40.36:384][800]LogModuleManager: Shutting down and abandoning module StreamingFile (8)
[2020.03.18-08.40.36:384][800]LogModuleManager: Shutting down and abandoning module SandboxFile (6)
[2020.03.18-08.40.36:384][800]LogModuleManager: Shutting down and abandoning module PakFile (4)
[2020.03.18-08.40.36:385][800]LogModuleManager: Shutting down and abandoning module RSA (3)
[2020.03.18-08.40.36:385][800]LogD3D11RHI: Shutdown
[2020.03.18-08.40.36:385][800]LogD3D11RHI: CleanupD3DDevice
[2020.03.18-08.40.36:386][800]LogRendererCore: FGlobalDynamicReadBuffer::Cleanup()
[2020.03.18-08.40.36:386][800]LogRendererCore: FGlobalDynamicReadBuffer::Cleanup()
[2020.03.18-08.40.36:386][800]LogRendererCore: FGlobalDynamicReadBuffer::Cleanup()
[2020.03.18-08.40.36:480][800]LogD3D11RHI: ~FD3D11DynamicRHI
[2020.03.18-08.40.36:493][800]LogExit: Exiting.
[2020.03.18-08.40.36:520][800]Log file closed, 03/18/20 01:40:36
